<ShowPlanXML xmlns="http://schemas.microsoft.com/sqlserver/2004/07/showplan" Version="1.564" Build="16.0.1000.6"><BatchSequence><Batch><Statements><StmtSimple StatementText="WITH cte AS (&#xd;&#xa;    SELECT id, id_parent, id_project, file_name_cl, edit_date_time, is_directory, is_deleted, file_size, id_user_last_edit, creation_date, previous_version, attributes, last_access_time, id_file_blob, md5, crc32c, full_path&#xd;&#xa;    FROM REMOTE_OFFICE_3.dbo.FilesView&#xd;&#xa;    WHERE id = 14654306&#xd;&#xa;    UNION ALL&#xd;&#xa;    SELECT t.id, t.id_parent, t.id_project, t.file_name_cl, t.edit_date_time, t.is_directory, t.is_deleted, t.file_size, t.id_user_last_edit, t.creation_date, t.previous_version, t.attributes, t.last_access_time, t.id_file_blob, t.md5, t.crc32c, t.full_path&#xd;&#xa;    FROM REMOTE_OFFICE_3.dbo.FilesView t&#xd;&#xa;             JOIN cte ON cte.id = t.id_parent&#xd;&#xa;)&#xd;&#xa;SELECT *&#xd;&#xa;FROM cte" StatementId="1" StatementCompId="1" StatementType="SELECT" RetrievedFromCache="false" StatementSubTreeCost="0.0576469" StatementEstRows="4" SecurityPolicyApplied="false" StatementOptmLevel="FULL" QueryHash="0xB30FB62A739888FB" QueryPlanHash="0x4E003DFF4826553E" StatementOptmEarlyAbortReason="GoodEnoughPlanFound" CardinalityEstimationModelVersion="160"><StatementSetOptions QUOTED_IDENTIFIER="true" ARITHABORT="false" CONCAT_NULL_YIELDS_NULL="true" ANSI_NULLS="true" ANSI_PADDING="true" ANSI_WARNINGS="true" NUMERIC_ROUNDABORT="false"></StatementSetOptions><QueryPlan NonParallelPlanReason="TSQLUserDefinedFunctionsNotParallelizable" CachedPlanSize="112" CompileTime="10" CompileCPU="10" CompileMemory="1088"><MemoryGrantInfo SerialRequiredMemory="0" SerialDesiredMemory="0" GrantedMemory="0" MaxUsedMemory="0"></MemoryGrantInfo><OptimizerHardwareDependentProperties EstimatedAvailableMemoryGrant="323426" EstimatedPagesCached="323426" EstimatedAvailableDegreeOfParallelism="8" MaxCompileMemory="34299968"></OptimizerHardwareDependentProperties><OptimizerStatsUsage><StatisticsInfo LastUpdate="2024-10-14T14:23:45.50" ModificationCount="233" SamplingPercent="100" Statistics="[FilesBlobs_pk]" Table="[FilesBlobs]" Schema="[dbo]" Database="[REMOTE_OFFICE_3]"></StatisticsInfo><StatisticsInfo LastUpdate="2024-12-18T16:34:02.39" ModificationCount="1356" SamplingPercent="0.382015" Statistics="[idx_last_blob_dir_del_size]" Table="[Files]" Schema="[dbo]" Database="[REMOTE_OFFICE_3]"></StatisticsInfo><StatisticsInfo LastUpdate="2024-12-18T16:55:48.97" ModificationCount="1356" SamplingPercent="0.382015" Statistics="[_WA_Sys_0000000C_656C112C]" Table="[Files]" Schema="[dbo]" Database="[REMOTE_OFFICE_3]"></StatisticsInfo><StatisticsInfo LastUpdate="2024-12-18T16:33:59.72" ModificationCount="1356" SamplingPercent="0.382015" Statistics="[Files_file_name_cl_index]" Table="[Files]" Schema="[dbo]" Database="[REMOTE_OFFICE_3]"></StatisticsInfo><StatisticsInfo LastUpdate="2024-12-18T16:33:56.98" ModificationCount="1356" SamplingPercent="0.382015" Statistics="[_WA_Sys_00000016_656C112C]" Table="[Files]" Schema="[dbo]" Database="[REMOTE_OFFICE_3]"></StatisticsInfo><StatisticsInfo LastUpdate="2024-12-18T16:33:57.64" ModificationCount="1356" SamplingPercent="0.382015" Statistics="[Files_id_parent_index]" Table="[Files]" Schema="[dbo]" Database="[REMOTE_OFFICE_3]"></StatisticsInfo><StatisticsInfo LastUpdate="2024-12-18T16:33:58.60" ModificationCount="1356" SamplingPercent="0.382015" Statistics="[Files_id_project_index]" Table="[Files]" Schema="[dbo]" Database="[REMOTE_OFFICE_3]"></StatisticsInfo><StatisticsInfo LastUpdate="2024-12-18T16:33:54.72" ModificationCount="1356" SamplingPercent="0.38075" Statistics="[PK_ProjectsFiles]" Table="[Files]" Schema="[dbo]" Database="[REMOTE_OFFICE_3]"></StatisticsInfo><StatisticsInfo LastUpdate="2024-12-18T16:55:48.15" ModificationCount="1356" SamplingPercent="0.382015" Statistics="[_WA_Sys_0000000B_656C112C]" Table="[Files]" Schema="[dbo]" Database="[REMOTE_OFFICE_3]"></StatisticsInfo><StatisticsInfo LastUpdate="2024-10-14T16:34:31.26" ModificationCount="112" SamplingPercent="100" Statistics="[Id_file_index]" Table="[Kits]" Schema="[dbo]" Database="[REMOTE_OFFICE_3]"></StatisticsInfo><StatisticsInfo LastUpdate="2024-12-18T16:55:46.90" ModificationCount="1356" SamplingPercent="0.382015" Statistics="[_WA_Sys_0000000A_656C112C]" Table="[Files]" Schema="[dbo]" Database="[REMOTE_OFFICE_3]"></StatisticsInfo></OptimizerStatsUsage><RelOp NodeId="0" PhysicalOp="Index Spool" LogicalOp="Lazy Spool" EstimateRows="4" EstimateIO="0" EstimateCPU="1e-08" AvgRowSize="5118" EstimatedTotalSubtreeCost="0.0576469" Parallel="0" EstimateRebinds="0" EstimateRewinds="0" EstimatedExecutionMode="Row"><OutputList><ColumnReference Column="Expr1059"></ColumnReference><ColumnReference Column="Recr1039"></ColumnReference><ColumnReference Column="Recr1040"></ColumnReference><ColumnReference Column="Recr1041"></ColumnReference><ColumnReference Column="Recr1042"></ColumnReference><ColumnReference Column="Recr1043"></ColumnReference><ColumnReference Column="Recr1044"></ColumnReference><ColumnReference Column="Recr1045"></ColumnReference><ColumnReference Column="Recr1046"></ColumnReference><ColumnReference Column="Recr1047"></ColumnReference><ColumnReference Column="Recr1048"></ColumnReference><ColumnReference Column="Recr1049"></ColumnReference><ColumnReference Column="Recr1050"></ColumnReference><ColumnReference Column="Recr1051"></ColumnReference><ColumnReference Column="Recr1052"></ColumnReference><ColumnReference Column="Recr1053"></ColumnReference><ColumnReference Column="Recr1054"></ColumnReference><ColumnReference Column="Recr1055"></ColumnReference></OutputList><Spool Stack="1"><RelOp NodeId="1" PhysicalOp="Concatenation" LogicalOp="Concatenation" EstimateRows="4" EstimateIO="0" EstimateCPU="2e-09" AvgRowSize="5118" EstimatedTotalSubtreeCost="0.0506297" Parallel="0" EstimateRebinds="0" EstimateRewinds="0" EstimatedExecutionMode="Row"><OutputList><ColumnReference Column="Expr1059"></ColumnReference><ColumnReference Column="Recr1039"></ColumnReference><ColumnReference Column="Recr1040"></ColumnReference><ColumnReference Column="Recr1041"></ColumnReference><ColumnReference Column="Recr1042"></ColumnReference><ColumnReference Column="Recr1043"></ColumnReference><ColumnReference Column="Recr1044"></ColumnReference><ColumnReference Column="Recr1045"></ColumnReference><ColumnReference Column="Recr1046"></ColumnReference><ColumnReference Column="Recr1047"></ColumnReference><ColumnReference Column="Recr1048"></ColumnReference><ColumnReference Column="Recr1049"></ColumnReference><ColumnReference Column="Recr1050"></ColumnReference><ColumnReference Column="Recr1051"></ColumnReference><ColumnReference Column="Recr1052"></ColumnReference><ColumnReference Column="Recr1053"></ColumnReference><ColumnReference Column="Recr1054"></ColumnReference><ColumnReference Column="Recr1055"></ColumnReference></OutputList><Concat><DefinedValues><DefinedValue><ColumnReference Column="Expr1059"></ColumnReference><ColumnReference Column="Expr1056"></ColumnReference><ColumnReference Column="Expr1058"></ColumnReference></DefinedValue><DefinedValue><ColumnReference Column="Recr1039"></ColumnReference><ColumnReference Database="[REMOTE_OFFICE_3]" Schema="[dbo]" Table="[Files]" Column="id"></ColumnReference><ColumnReference Database="[REMOTE_OFFICE_3]" Schema="[dbo]" Table="[Files]" Column="id"></ColumnReference></DefinedValue><DefinedValue><ColumnReference Column="Recr1040"></ColumnReference><ColumnReference Database="[REMOTE_OFFICE_3]" Schema="[dbo]" Table="[Files]" Column="id_parent"></ColumnReference><ColumnReference Database="[REMOTE_OFFICE_3]" Schema="[dbo]" Table="[Files]" Column="id_parent"></ColumnReference></DefinedValue><DefinedValue><ColumnReference Column="Recr1041"></ColumnReference><ColumnReference Database="[REMOTE_OFFICE_3]" Schema="[dbo]" Table="[Files]" Column="id_project"></ColumnReference><ColumnReference Database="[REMOTE_OFFICE_3]" Schema="[dbo]" Table="[Files]" Column="id_project"></ColumnReference></DefinedValue><DefinedValue><ColumnReference Column="Recr1042"></ColumnReference><ColumnReference Database="[REMOTE_OFFICE_3]" Schema="[dbo]" Table="[Files]" Column="file_name_cl"></ColumnReference><ColumnReference Database="[REMOTE_OFFICE_3]" Schema="[dbo]" Table="[Files]" Column="file_name_cl"></ColumnReference></DefinedValue><DefinedValue><ColumnReference Column="Recr1043"></ColumnReference><ColumnReference Database="[REMOTE_OFFICE_3]" Schema="[dbo]" Table="[Files]" Column="edit_date_time"></ColumnReference><ColumnReference Database="[REMOTE_OFFICE_3]" Schema="[dbo]" Table="[Files]" Column="edit_date_time"></ColumnReference></DefinedValue><DefinedValue><ColumnReference Column="Recr1044"></ColumnReference><ColumnReference Database="[REMOTE_OFFICE_3]" Schema="[dbo]" Table="[Files]" Column="is_directory"></ColumnReference><ColumnReference Database="[REMOTE_OFFICE_3]" Schema="[dbo]" Table="[Files]" Column="is_directory"></ColumnReference></DefinedValue><DefinedValue><ColumnReference Column="Recr1045"></ColumnReference><ColumnReference Database="[REMOTE_OFFICE_3]" Schema="[dbo]" Table="[Files]" Column="is_deleted"></ColumnReference><ColumnReference Database="[REMOTE_OFFICE_3]" Schema="[dbo]" Table="[Files]" Column="is_deleted"></ColumnReference></DefinedValue><DefinedValue><ColumnReference Column="Recr1046"></ColumnReference><ColumnReference Database="[REMOTE_OFFICE_3]" Schema="[dbo]" Table="[Files]" Column="file_size"></ColumnReference><ColumnReference Database="[REMOTE_OFFICE_3]" Schema="[dbo]" Table="[Files]" Column="file_size"></ColumnReference></DefinedValue><DefinedValue><ColumnReference Column="Recr1047"></ColumnReference><ColumnReference Database="[REMOTE_OFFICE_3]" Schema="[dbo]" Table="[Files]" Column="id_user_last_edit"></ColumnReference><ColumnReference Database="[REMOTE_OFFICE_3]" Schema="[dbo]" Table="[Files]" Column="id_user_last_edit"></ColumnReference></DefinedValue><DefinedValue><ColumnReference Column="Recr1048"></ColumnReference><ColumnReference Database="[REMOTE_OFFICE_3]" Schema="[dbo]" Table="[Files]" Column="creation_date"></ColumnReference><ColumnReference Database="[REMOTE_OFFICE_3]" Schema="[dbo]" Table="[Files]" Column="creation_date"></ColumnReference></DefinedValue><DefinedValue><ColumnReference Column="Recr1049"></ColumnReference><ColumnReference Database="[REMOTE_OFFICE_3]" Schema="[dbo]" Table="[Files]" Column="previous_version"></ColumnReference><ColumnReference Database="[REMOTE_OFFICE_3]" Schema="[dbo]" Table="[Files]" Column="previous_version"></ColumnReference></DefinedValue><DefinedValue><ColumnReference Column="Recr1050"></ColumnReference><ColumnReference Database="[REMOTE_OFFICE_3]" Schema="[dbo]" Table="[Files]" Column="attributes"></ColumnReference><ColumnReference Database="[REMOTE_OFFICE_3]" Schema="[dbo]" Table="[Files]" Column="attributes"></ColumnReference></DefinedValue><DefinedValue><ColumnReference Column="Recr1051"></ColumnReference><ColumnReference Database="[REMOTE_OFFICE_3]" Schema="[dbo]" Table="[Files]" Column="last_access_time"></ColumnReference><ColumnReference Database="[REMOTE_OFFICE_3]" Schema="[dbo]" Table="[Files]" Column="last_access_time"></ColumnReference></DefinedValue><DefinedValue><ColumnReference Column="Recr1052"></ColumnReference><ColumnReference Database="[REMOTE_OFFICE_3]" Schema="[dbo]" Table="[Files]" Column="id_file_blob"></ColumnReference><ColumnReference Database="[REMOTE_OFFICE_3]" Schema="[dbo]" Table="[Files]" Column="id_file_blob"></ColumnReference></DefinedValue><DefinedValue><ColumnReference Column="Recr1053"></ColumnReference><ColumnReference Database="[REMOTE_OFFICE_3]" Schema="[dbo]" Table="[FilesBlobs]" Column="md5"></ColumnReference><ColumnReference Database="[REMOTE_OFFICE_3]" Schema="[dbo]" Table="[FilesBlobs]" Column="md5"></ColumnReference></DefinedValue><DefinedValue><ColumnReference Column="Recr1054"></ColumnReference><ColumnReference Database="[REMOTE_OFFICE_3]" Schema="[dbo]" Table="[FilesBlobs]" Column="crc32c"></ColumnReference><ColumnReference Database="[REMOTE_OFFICE_3]" Schema="[dbo]" Table="[FilesBlobs]" Column="crc32c"></ColumnReference></DefinedValue><DefinedValue><ColumnReference Column="Recr1055"></ColumnReference><ColumnReference Column="Expr1010"></ColumnReference><ColumnReference Column="Expr1021"></ColumnReference></DefinedValue></DefinedValues><RelOp NodeId="2" PhysicalOp="Compute Scalar" LogicalOp="Compute Scalar" EstimateRows="1" EstimateIO="0" EstimateCPU="2e-08" AvgRowSize="5118" EstimatedTotalSubtreeCost="2e-08" Parallel="0" EstimateRebinds="4" EstimateRewinds="0" EstimatedExecutionMode="Row"><OutputList><ColumnReference Column="Expr1056"></ColumnReference><ColumnReference Database="[REMOTE_OFFICE_3]" Schema="[dbo]" Table="[Files]" Column="id"></ColumnReference><ColumnReference Database="[REMOTE_OFFICE_3]" Schema="[dbo]" Table="[Files]" Column="id_parent"></ColumnReference><ColumnReference Database="[REMOTE_OFFICE_3]" Schema="[dbo]" Table="[Files]" Column="id_project"></ColumnReference><ColumnReference Database="[REMOTE_OFFICE_3]" Schema="[dbo]" Table="[Files]" Column="file_name_cl"></ColumnReference><ColumnReference Database="[REMOTE_OFFICE_3]" Schema="[dbo]" Table="[Files]" Column="edit_date_time"></ColumnReference><ColumnReference Database="[REMOTE_OFFICE_3]" Schema="[dbo]" Table="[Files]" Column="is_directory"></ColumnReference><ColumnReference Database="[REMOTE_OFFICE_3]" Schema="[dbo]" Table="[Files]" Column="is_deleted"></ColumnReference><ColumnReference Database="[REMOTE_OFFICE_3]" Schema="[dbo]" Table="[Files]" Column="file_size"></ColumnReference><ColumnReference Database="[REMOTE_OFFICE_3]" Schema="[dbo]" Table="[Files]" Column="id_user_last_edit"></ColumnReference><ColumnReference Database="[REMOTE_OFFICE_3]" Schema="[dbo]" Table="[Files]" Column="creation_date"></ColumnReference><ColumnReference Database="[REMOTE_OFFICE_3]" Schema="[dbo]" Table="[Files]" Column="previous_version"></ColumnReference><ColumnReference Database="[REMOTE_OFFICE_3]" Schema="[dbo]" Table="[Files]" Column="attributes"></ColumnReference><ColumnReference Database="[REMOTE_OFFICE_3]" Schema="[dbo]" Table="[Files]" Column="last_access_time"></ColumnReference><ColumnReference Database="[REMOTE_OFFICE_3]" Schema="[dbo]" Table="[Files]" Column="id_file_blob"></ColumnReference><ColumnReference Database="[REMOTE_OFFICE_3]" Schema="[dbo]" Table="[FilesBlobs]" Column="md5"></ColumnReference><ColumnReference Database="[REMOTE_OFFICE_3]" Schema="[dbo]" Table="[FilesBlobs]" Column="crc32c"></ColumnReference><ColumnReference Column="Expr1010"></ColumnReference></OutputList><ComputeScalar><DefinedValues><DefinedValue><ColumnReference Column="Expr1056"></ColumnReference><ScalarOperator ScalarString="(0)"><Const ConstValue="(0)"></Const></ScalarOperator></DefinedValue></DefinedValues><RelOp NodeId="3" PhysicalOp="Compute Scalar" LogicalOp="Compute Scalar" EstimateRows="1" EstimateIO="0" EstimateCPU="1e-07" AvgRowSize="5118" EstimatedTotalSubtreeCost="0.0131453" Parallel="0" EstimateRebinds="0" EstimateRewinds="0" EstimatedExecutionMode="Row"><OutputList><ColumnReference Database="[REMOTE_OFFICE_3]" Schema="[dbo]" Table="[Files]" Column="id"></ColumnReference><ColumnReference Database="[REMOTE_OFFICE_3]" Schema="[dbo]" Table="[Files]" Column="id_parent"></ColumnReference><ColumnReference Database="[REMOTE_OFFICE_3]" Schema="[dbo]" Table="[Files]" Column="id_project"></ColumnReference><ColumnReference Database="[REMOTE_OFFICE_3]" Schema="[dbo]" Table="[Files]" Column="file_name_cl"></ColumnReference><ColumnReference Database="[REMOTE_OFFICE_3]" Schema="[dbo]" Table="[Files]" Column="edit_date_time"></ColumnReference><ColumnReference Database="[REMOTE_OFFICE_3]" Schema="[dbo]" Table="[Files]" Column="is_directory"></ColumnReference><ColumnReference Database="[REMOTE_OFFICE_3]" Schema="[dbo]" Table="[Files]" Column="is_deleted"></ColumnReference><ColumnReference Database="[REMOTE_OFFICE_3]" Schema="[dbo]" Table="[Files]" Column="file_size"></ColumnReference><ColumnReference Database="[REMOTE_OFFICE_3]" Schema="[dbo]" Table="[Files]" Column="id_user_last_edit"></ColumnReference><ColumnReference Database="[REMOTE_OFFICE_3]" Schema="[dbo]" Table="[Files]" Column="creation_date"></ColumnReference><ColumnReference Database="[REMOTE_OFFICE_3]" Schema="[dbo]" Table="[Files]" Column="previous_version"></ColumnReference><ColumnReference Database="[REMOTE_OFFICE_3]" Schema="[dbo]" Table="[Files]" Column="attributes"></ColumnReference><ColumnReference Database="[REMOTE_OFFICE_3]" Schema="[dbo]" Table="[Files]" Column="last_access_time"></ColumnReference><ColumnReference Database="[REMOTE_OFFICE_3]" Schema="[dbo]" Table="[Files]" Column="id_file_blob"></ColumnReference><ColumnReference Database="[REMOTE_OFFICE_3]" Schema="[dbo]" Table="[FilesBlobs]" Column="md5"></ColumnReference><ColumnReference Database="[REMOTE_OFFICE_3]" Schema="[dbo]" Table="[FilesBlobs]" Column="crc32c"></ColumnReference><ColumnReference Column="Expr1010"></ColumnReference></OutputList><ComputeScalar><DefinedValues><DefinedValue><ColumnReference Column="Expr1010"></ColumnReference><ScalarOperator ScalarString="[REMOTE_OFFICE_3].[dbo].[GetFullPath]([REMOTE_OFFICE_3].[dbo].[Files].[id],[REMOTE_OFFICE_3].[dbo].[Files].[id_project])"><UserDefinedFunction FunctionName="[REMOTE_OFFICE_3].[dbo].[GetFullPath]"><ScalarOperator><Identifier><ColumnReference Database="[REMOTE_OFFICE_3]" Schema="[dbo]" Table="[Files]" Column="id"></ColumnReference></Identifier></ScalarOperator><ScalarOperator><Identifier><ColumnReference Database="[REMOTE_OFFICE_3]" Schema="[dbo]" Table="[Files]" Column="id_project"></ColumnReference></Identifier></ScalarOperator></UserDefinedFunction></ScalarOperator></DefinedValue></DefinedValues><RelOp NodeId="4" PhysicalOp="Nested Loops" LogicalOp="Inner Join" EstimateRows="1" EstimateIO="0" EstimateCPU="4.18e-06" AvgRowSize="1115" EstimatedTotalSubtreeCost="0.0131452" Parallel="0" EstimateRebinds="0" EstimateRewinds="0" EstimatedExecutionMode="Row"><OutputList><ColumnReference Database="[REMOTE_OFFICE_3]" Schema="[dbo]" Table="[Files]" Column="id"></ColumnReference><ColumnReference Database="[REMOTE_OFFICE_3]" Schema="[dbo]" Table="[Files]" Column="id_parent"></ColumnReference><ColumnReference Database="[REMOTE_OFFICE_3]" Schema="[dbo]" Table="[Files]" Column="id_project"></ColumnReference><ColumnReference Database="[REMOTE_OFFICE_3]" Schema="[dbo]" Table="[Files]" Column="file_name_cl"></ColumnReference><ColumnReference Database="[REMOTE_OFFICE_3]" Schema="[dbo]" Table="[Files]" Column="edit_date_time"></ColumnReference><ColumnReference Database="[REMOTE_OFFICE_3]" Schema="[dbo]" Table="[Files]" Column="is_directory"></ColumnReference><ColumnReference Database="[REMOTE_OFFICE_3]" Schema="[dbo]" Table="[Files]" Column="is_deleted"></ColumnReference><ColumnReference Database="[REMOTE_OFFICE_3]" Schema="[dbo]" Table="[Files]" Column="file_size"></ColumnReference><ColumnReference Database="[REMOTE_OFFICE_3]" Schema="[dbo]" Table="[Files]" Column="id_user_last_edit"></ColumnReference><ColumnReference Database="[REMOTE_OFFICE_3]" Schema="[dbo]" Table="[Files]" Column="creation_date"></ColumnReference><ColumnReference Database="[REMOTE_OFFICE_3]" Schema="[dbo]" Table="[Files]" Column="previous_version"></ColumnReference><ColumnReference Database="[REMOTE_OFFICE_3]" Schema="[dbo]" Table="[Files]" Column="attributes"></ColumnReference><ColumnReference Database="[REMOTE_OFFICE_3]" Schema="[dbo]" Table="[Files]" Column="last_access_time"></ColumnReference><ColumnReference Database="[REMOTE_OFFICE_3]" Schema="[dbo]" Table="[Files]" Column="id_file_blob"></ColumnReference><ColumnReference Database="[REMOTE_OFFICE_3]" Schema="[dbo]" Table="[FilesBlobs]" Column="md5"></ColumnReference><ColumnReference Database="[REMOTE_OFFICE_3]" Schema="[dbo]" Table="[FilesBlobs]" Column="crc32c"></ColumnReference></OutputList><NestedLoops Optimized="0"><PassThru><ScalarOperator ScalarString="[IsBaseRow1008] IS NULL"><Compare CompareOp="IS"><ScalarOperator><Identifier><ColumnReference Column="IsBaseRow1008"></ColumnReference></Identifier></ScalarOperator><ScalarOperator><Const ConstValue="NULL"></Const></ScalarOperator></Compare></ScalarOperator></PassThru><OuterReferences><ColumnReference Column="Bmk1007"></ColumnReference></OuterReferences><RelOp NodeId="5" PhysicalOp="Nested Loops" LogicalOp="Left Outer Join" EstimateRows="1" EstimateIO="0" EstimateCPU="4.18e-06" AvgRowSize="1081" EstimatedTotalSubtreeCost="0.00985766" Parallel="0" EstimateRebinds="0" EstimateRewinds="0" EstimatedExecutionMode="Row"><OutputList><ColumnReference Database="[REMOTE_OFFICE_3]" Schema="[dbo]" Table="[Files]" Column="id"></ColumnReference><ColumnReference Database="[REMOTE_OFFICE_3]" Schema="[dbo]" Table="[Files]" Column="id_parent"></ColumnReference><ColumnReference Database="[REMOTE_OFFICE_3]" Schema="[dbo]" Table="[Files]" Column="id_project"></ColumnReference><ColumnReference Database="[REMOTE_OFFICE_3]" Schema="[dbo]" Table="[Files]" Column="file_name_cl"></ColumnReference><ColumnReference Database="[REMOTE_OFFICE_3]" Schema="[dbo]" Table="[Files]" Column="edit_date_time"></ColumnReference><ColumnReference Database="[REMOTE_OFFICE_3]" Schema="[dbo]" Table="[Files]" Column="is_directory"></ColumnReference><ColumnReference Database="[REMOTE_OFFICE_3]" Schema="[dbo]" Table="[Files]" Column="is_deleted"></ColumnReference><ColumnReference Database="[REMOTE_OFFICE_3]" Schema="[dbo]" Table="[Files]" Column="file_size"></ColumnReference><ColumnReference Database="[REMOTE_OFFICE_3]" Schema="[dbo]" Table="[Files]" Column="id_user_last_edit"></ColumnReference><ColumnReference Database="[REMOTE_OFFICE_3]" Schema="[dbo]" Table="[Files]" Column="creation_date"></ColumnReference><ColumnReference Database="[REMOTE_OFFICE_3]" Schema="[dbo]" Table="[Files]" Column="previous_version"></ColumnReference><ColumnReference Database="[REMOTE_OFFICE_3]" Schema="[dbo]" Table="[Files]" Column="attributes"></ColumnReference><ColumnReference Database="[REMOTE_OFFICE_3]" Schema="[dbo]" Table="[Files]" Column="last_access_time"></ColumnReference><ColumnReference Database="[REMOTE_OFFICE_3]" Schema="[dbo]" Table="[Files]" Column="id_file_blob"></ColumnReference><ColumnReference Column="Bmk1007"></ColumnReference><ColumnReference Column="IsBaseRow1008"></ColumnReference></OutputList><NestedLoops Optimized="0"><OuterReferences><ColumnReference Database="[REMOTE_OFFICE_3]" Schema="[dbo]" Table="[Files]" Column="id_file_blob"></ColumnReference></OuterReferences><RelOp NodeId="6" PhysicalOp="Nested Loops" LogicalOp="Left Outer Join" EstimateRows="1" EstimateIO="0" EstimateCPU="4.18e-06" AvgRowSize="1073" EstimatedTotalSubtreeCost="0.00657038" Parallel="0" EstimateRebinds="0" EstimateRewinds="0" EstimatedExecutionMode="Row"><OutputList><ColumnReference Database="[REMOTE_OFFICE_3]" Schema="[dbo]" Table="[Files]" Column="id"></ColumnReference><ColumnReference Database="[REMOTE_OFFICE_3]" Schema="[dbo]" Table="[Files]" Column="id_parent"></ColumnReference><ColumnReference Database="[REMOTE_OFFICE_3]" Schema="[dbo]" Table="[Files]" Column="id_project"></ColumnReference><ColumnReference Database="[REMOTE_OFFICE_3]" Schema="[dbo]" Table="[Files]" Column="file_name_cl"></ColumnReference><ColumnReference Database="[REMOTE_OFFICE_3]" Schema="[dbo]" Table="[Files]" Column="edit_date_time"></ColumnReference><ColumnReference Database="[REMOTE_OFFICE_3]" Schema="[dbo]" Table="[Files]" Column="is_directory"></ColumnReference><ColumnReference Database="[REMOTE_OFFICE_3]" Schema="[dbo]" Table="[Files]" Column="is_deleted"></ColumnReference><ColumnReference Database="[REMOTE_OFFICE_3]" Schema="[dbo]" Table="[Files]" Column="file_size"></ColumnReference><ColumnReference Database="[REMOTE_OFFICE_3]" Schema="[dbo]" Table="[Files]" Column="id_user_last_edit"></ColumnReference><ColumnReference Database="[REMOTE_OFFICE_3]" Schema="[dbo]" Table="[Files]" Column="creation_date"></ColumnReference><ColumnReference Database="[REMOTE_OFFICE_3]" Schema="[dbo]" Table="[Files]" Column="previous_version"></ColumnReference><ColumnReference Database="[REMOTE_OFFICE_3]" Schema="[dbo]" Table="[Files]" Column="attributes"></ColumnReference><ColumnReference Database="[REMOTE_OFFICE_3]" Schema="[dbo]" Table="[Files]" Column="last_access_time"></ColumnReference><ColumnReference Database="[REMOTE_OFFICE_3]" Schema="[dbo]" Table="[Files]" Column="id_file_blob"></ColumnReference></OutputList><NestedLoops Optimized="0"><RelOp NodeId="7" PhysicalOp="Clustered Index Seek" LogicalOp="Clustered Index Seek" EstimateRows="1" EstimatedRowsRead="1" EstimateIO="0.003125" EstimateCPU="0.0001581" AvgRowSize="1073" EstimatedTotalSubtreeCost="0.0032831" TableCardinality="1.40877e+08" Parallel="0" EstimateRebinds="0" EstimateRewinds="0" EstimatedExecutionMode="Row"><OutputList><ColumnReference Database="[REMOTE_OFFICE_3]" Schema="[dbo]" Table="[Files]" Column="id"></ColumnReference><ColumnReference Database="[REMOTE_OFFICE_3]" Schema="[dbo]" Table="[Files]" Column="id_parent"></ColumnReference><ColumnReference Database="[REMOTE_OFFICE_3]" Schema="[dbo]" Table="[Files]" Column="id_project"></ColumnReference><ColumnReference Database="[REMOTE_OFFICE_3]" Schema="[dbo]" Table="[Files]" Column="file_name_cl"></ColumnReference><ColumnReference Database="[REMOTE_OFFICE_3]" Schema="[dbo]" Table="[Files]" Column="edit_date_time"></ColumnReference><ColumnReference Database="[REMOTE_OFFICE_3]" Schema="[dbo]" Table="[Files]" Column="is_directory"></ColumnReference><ColumnReference Database="[REMOTE_OFFICE_3]" Schema="[dbo]" Table="[Files]" Column="is_deleted"></ColumnReference><ColumnReference Database="[REMOTE_OFFICE_3]" Schema="[dbo]" Table="[Files]" Column="file_size"></ColumnReference><ColumnReference Database="[REMOTE_OFFICE_3]" Schema="[dbo]" Table="[Files]" Column="id_user_last_edit"></ColumnReference><ColumnReference Database="[REMOTE_OFFICE_3]" Schema="[dbo]" Table="[Files]" Column="creation_date"></ColumnReference><ColumnReference Database="[REMOTE_OFFICE_3]" Schema="[dbo]" Table="[Files]" Column="previous_version"></ColumnReference><ColumnReference Database="[REMOTE_OFFICE_3]" Schema="[dbo]" Table="[Files]" Column="attributes"></ColumnReference><ColumnReference Database="[REMOTE_OFFICE_3]" Schema="[dbo]" Table="[Files]" Column="last_access_time"></ColumnReference><ColumnReference Database="[REMOTE_OFFICE_3]" Schema="[dbo]" Table="[Files]" Column="id_file_blob"></ColumnReference></OutputList><IndexScan Ordered="1" ScanDirection="FORWARD" ForcedIndex="0" ForceSeek="0" ForceScan="0" NoExpandHint="0" Storage="RowStore"><DefinedValues><DefinedValue><ColumnReference Database="[REMOTE_OFFICE_3]" Schema="[dbo]" Table="[Files]" Column="id"></ColumnReference></DefinedValue><DefinedValue><ColumnReference Database="[REMOTE_OFFICE_3]" Schema="[dbo]" Table="[Files]" Column="id_parent"></ColumnReference></DefinedValue><DefinedValue><ColumnReference Database="[REMOTE_OFFICE_3]" Schema="[dbo]" Table="[Files]" Column="id_project"></ColumnReference></DefinedValue><DefinedValue><ColumnReference Database="[REMOTE_OFFICE_3]" Schema="[dbo]" Table="[Files]" Column="file_name_cl"></ColumnReference></DefinedValue><DefinedValue><ColumnReference Database="[REMOTE_OFFICE_3]" Schema="[dbo]" Table="[Files]" Column="edit_date_time"></ColumnReference></DefinedValue><DefinedValue><ColumnReference Database="[REMOTE_OFFICE_3]" Schema="[dbo]" Table="[Files]" Column="is_directory"></ColumnReference></DefinedValue><DefinedValue><ColumnReference Database="[REMOTE_OFFICE_3]" Schema="[dbo]" Table="[Files]" Column="is_deleted"></ColumnReference></DefinedValue><DefinedValue><ColumnReference Database="[REMOTE_OFFICE_3]" Schema="[dbo]" Table="[Files]" Column="file_size"></ColumnReference></DefinedValue><DefinedValue><ColumnReference Database="[REMOTE_OFFICE_3]" Schema="[dbo]" Table="[Files]" Column="id_user_last_edit"></ColumnReference></DefinedValue><DefinedValue><ColumnReference Database="[REMOTE_OFFICE_3]" Schema="[dbo]" Table="[Files]" Column="creation_date"></ColumnReference></DefinedValue><DefinedValue><ColumnReference Database="[REMOTE_OFFICE_3]" Schema="[dbo]" Table="[Files]" Column="previous_version"></ColumnReference></DefinedValue><DefinedValue><ColumnReference Database="[REMOTE_OFFICE_3]" Schema="[dbo]" Table="[Files]" Column="attributes"></ColumnReference></DefinedValue><DefinedValue><ColumnReference Database="[REMOTE_OFFICE_3]" Schema="[dbo]" Table="[Files]" Column="last_access_time"></ColumnReference></DefinedValue><DefinedValue><ColumnReference Database="[REMOTE_OFFICE_3]" Schema="[dbo]" Table="[Files]" Column="id_file_blob"></ColumnReference></DefinedValue></DefinedValues><Object Database="[REMOTE_OFFICE_3]" Schema="[dbo]" Table="[Files]" Index="[PK_ProjectsFiles]" TableReferenceId="1" IndexKind="Clustered" Storage="RowStore"></Object><SeekPredicates><SeekPredicateNew><SeekKeys><Prefix ScanType="EQ"><RangeColumns><ColumnReference Database="[REMOTE_OFFICE_3]" Schema="[dbo]" Table="[Files]" Column="id"></ColumnReference></RangeColumns><RangeExpressions><ScalarOperator ScalarString="(14654306)"><Const ConstValue="(14654306)"></Const></ScalarOperator></RangeExpressions></Prefix></SeekKeys></SeekPredicateNew></SeekPredicates></IndexScan></RelOp><RelOp NodeId="8" PhysicalOp="Index Seek" LogicalOp="Index Seek" EstimateRows="1" EstimatedRowsRead="1" EstimateIO="0.003125" EstimateCPU="0.0001581" AvgRowSize="9" EstimatedTotalSubtreeCost="0.0032831" TableCardinality="6" Parallel="0" EstimateRebinds="0" EstimateRewinds="0" EstimatedExecutionMode="Row"><OutputList></OutputList><IndexScan Ordered="1" ScanDirection="FORWARD" ForcedIndex="0" ForceSeek="0" ForceScan="0" NoExpandHint="0" Storage="RowStore"><DefinedValues></DefinedValues><Object Database="[REMOTE_OFFICE_3]" Schema="[dbo]" Table="[Kits]" Index="[Id_file_index]" TableReferenceId="1" IndexKind="NonClustered" Storage="RowStore"></Object><SeekPredicates><SeekPredicateNew><SeekKeys><Prefix ScanType="EQ"><RangeColumns><ColumnReference Database="[REMOTE_OFFICE_3]" Schema="[dbo]" Table="[Kits]" Column="id_file"></ColumnReference></RangeColumns><RangeExpressions><ScalarOperator ScalarString="(14654306)"><Const ConstValue="(14654306)"></Const></ScalarOperator></RangeExpressions></Prefix></SeekKeys></SeekPredicateNew></SeekPredicates></IndexScan></RelOp></NestedLoops></RelOp><RelOp NodeId="9" PhysicalOp="Index Seek" LogicalOp="Index Seek" EstimateRows="1" EstimatedRowsRead="1" EstimateIO="0.003125" EstimateCPU="0.0001581" AvgRowSize="16" EstimatedTotalSubtreeCost="0.0032831" TableCardinality="1164" Parallel="0" EstimateRebinds="0" EstimateRewinds="0" EstimatedExecutionMode="Row"><OutputList><ColumnReference Column="Bmk1007"></ColumnReference><ColumnReference Column="IsBaseRow1008"></ColumnReference></OutputList><IndexScan Ordered="1" ScanDirection="FORWARD" ForcedIndex="0" ForceSeek="0" ForceScan="0" NoExpandHint="0" Storage="RowStore"><DefinedValues><DefinedValue><ColumnReference Column="Bmk1007"></ColumnReference></DefinedValue><DefinedValue><ColumnReference Column="IsBaseRow1008"></ColumnReference></DefinedValue></DefinedValues><Object Database="[REMOTE_OFFICE_3]" Schema="[dbo]" Table="[FilesBlobs]" Index="[FilesBlobs_pk]" TableReferenceId="1" IndexKind="NonClustered" Storage="RowStore"></Object><SeekPredicates><SeekPredicateNew><SeekKeys><Prefix ScanType="EQ"><RangeColumns><ColumnReference Database="[REMOTE_OFFICE_3]" Schema="[dbo]" Table="[FilesBlobs]" Column="id"></ColumnReference></RangeColumns><RangeExpressions><ScalarOperator ScalarString="[REMOTE_OFFICE_3].[dbo].[Files].[id_file_blob]"><Identifier><ColumnReference Database="[REMOTE_OFFICE_3]" Schema="[dbo]" Table="[Files]" Column="id_file_blob"></ColumnReference></Identifier></ScalarOperator></RangeExpressions></Prefix></SeekKeys></SeekPredicateNew></SeekPredicates></IndexScan></RelOp></NestedLoops></RelOp><RelOp NodeId="11" PhysicalOp="RID Lookup" LogicalOp="RID Lookup" EstimateRows="1" EstimateIO="0.003125" EstimateCPU="0.0001581" AvgRowSize="51" EstimatedTotalSubtreeCost="0.0032831" TableCardinality="1164" Parallel="0" EstimateRebinds="0" EstimateRewinds="0" EstimatedExecutionMode="Row"><OutputList><ColumnReference Database="[REMOTE_OFFICE_3]" Schema="[dbo]" Table="[FilesBlobs]" Column="md5"></ColumnReference><ColumnReference Database="[REMOTE_OFFICE_3]" Schema="[dbo]" Table="[FilesBlobs]" Column="crc32c"></ColumnReference></OutputList><IndexScan Lookup="1" Ordered="1" ScanDirection="FORWARD" ForcedIndex="0" ForceSeek="0" ForceScan="0" NoExpandHint="0" Storage="RowStore"><DefinedValues><DefinedValue><ColumnReference Database="[REMOTE_OFFICE_3]" Schema="[dbo]" Table="[FilesBlobs]" Column="md5"></ColumnReference></DefinedValue><DefinedValue><ColumnReference Database="[REMOTE_OFFICE_3]" Schema="[dbo]" Table="[FilesBlobs]" Column="crc32c"></ColumnReference></DefinedValue></DefinedValues><Object Database="[REMOTE_OFFICE_3]" Schema="[dbo]" Table="[FilesBlobs]" TableReferenceId="-1" IndexKind="Heap" Storage="RowStore"></Object><SeekPredicates><SeekPredicateNew><SeekKeys><Prefix ScanType="EQ"><RangeColumns><ColumnReference Column="Bmk1007"></ColumnReference></RangeColumns><RangeExpressions><ScalarOperator ScalarString="[Bmk1007]"><Identifier><ColumnReference Column="Bmk1007"></ColumnReference></Identifier></ScalarOperator></RangeExpressions></Prefix></SeekKeys></SeekPredicateNew></SeekPredicates></IndexScan></RelOp></NestedLoops></RelOp></ComputeScalar></RelOp></ComputeScalar></RelOp><RelOp NodeId="12" PhysicalOp="Assert" LogicalOp="Assert" EstimateRows="4" EstimateIO="0" EstimateCPU="1.68e-07" AvgRowSize="5118" EstimatedTotalSubtreeCost="0.0374844" Parallel="0" EstimateRebinds="4" EstimateRewinds="0" EstimatedExecutionMode="Row"><OutputList><ColumnReference Column="Expr1058"></ColumnReference><ColumnReference Database="[REMOTE_OFFICE_3]" Schema="[dbo]" Table="[Files]" Column="id"></ColumnReference><ColumnReference Database="[REMOTE_OFFICE_3]" Schema="[dbo]" Table="[Files]" Column="id_parent"></ColumnReference><ColumnReference Database="[REMOTE_OFFICE_3]" Schema="[dbo]" Table="[Files]" Column="id_project"></ColumnReference><ColumnReference Database="[REMOTE_OFFICE_3]" Schema="[dbo]" Table="[Files]" Column="file_name_cl"></ColumnReference><ColumnReference Database="[REMOTE_OFFICE_3]" Schema="[dbo]" Table="[Files]" Column="edit_date_time"></ColumnReference><ColumnReference Database="[REMOTE_OFFICE_3]" Schema="[dbo]" Table="[Files]" Column="is_directory"></ColumnReference><ColumnReference Database="[REMOTE_OFFICE_3]" Schema="[dbo]" Table="[Files]" Column="is_deleted"></ColumnReference><ColumnReference Database="[REMOTE_OFFICE_3]" Schema="[dbo]" Table="[Files]" Column="file_size"></ColumnReference><ColumnReference Database="[REMOTE_OFFICE_3]" Schema="[dbo]" Table="[Files]" Column="id_user_last_edit"></ColumnReference><ColumnReference Database="[REMOTE_OFFICE_3]" Schema="[dbo]" Table="[Files]" Column="creation_date"></ColumnReference><ColumnReference Database="[REMOTE_OFFICE_3]" Schema="[dbo]" Table="[Files]" Column="previous_version"></ColumnReference><ColumnReference Database="[REMOTE_OFFICE_3]" Schema="[dbo]" Table="[Files]" Column="attributes"></ColumnReference><ColumnReference Database="[REMOTE_OFFICE_3]" Schema="[dbo]" Table="[Files]" Column="last_access_time"></ColumnReference><ColumnReference Database="[REMOTE_OFFICE_3]" Schema="[dbo]" Table="[Files]" Column="id_file_blob"></ColumnReference><ColumnReference Database="[REMOTE_OFFICE_3]" Schema="[dbo]" Table="[FilesBlobs]" Column="md5"></ColumnReference><ColumnReference Database="[REMOTE_OFFICE_3]" Schema="[dbo]" Table="[FilesBlobs]" Column="crc32c"></ColumnReference><ColumnReference Column="Expr1021"></ColumnReference></OutputList><Assert StartupExpression="0"><RelOp NodeId="13" PhysicalOp="Nested Loops" LogicalOp="Inner Join" EstimateRows="4" EstimateIO="0" EstimateCPU="1.68e-07" AvgRowSize="5118" EstimatedTotalSubtreeCost="0.0374844" Parallel="0" EstimateRebinds="4" EstimateRewinds="0" EstimatedExecutionMode="Row"><OutputList><ColumnReference Column="Expr1058"></ColumnReference><ColumnReference Database="[REMOTE_OFFICE_3]" Schema="[dbo]" Table="[Files]" Column="id"></ColumnReference><ColumnReference Database="[REMOTE_OFFICE_3]" Schema="[dbo]" Table="[Files]" Column="id_parent"></ColumnReference><ColumnReference Database="[REMOTE_OFFICE_3]" Schema="[dbo]" Table="[Files]" Column="id_project"></ColumnReference><ColumnReference Database="[REMOTE_OFFICE_3]" Schema="[dbo]" Table="[Files]" Column="file_name_cl"></ColumnReference><ColumnReference Database="[REMOTE_OFFICE_3]" Schema="[dbo]" Table="[Files]" Column="edit_date_time"></ColumnReference><ColumnReference Database="[REMOTE_OFFICE_3]" Schema="[dbo]" Table="[Files]" Column="is_directory"></ColumnReference><ColumnReference Database="[REMOTE_OFFICE_3]" Schema="[dbo]" Table="[Files]" Column="is_deleted"></ColumnReference><ColumnReference Database="[REMOTE_OFFICE_3]" Schema="[dbo]" Table="[Files]" Column="file_size"></ColumnReference><ColumnReference Database="[REMOTE_OFFICE_3]" Schema="[dbo]" Table="[Files]" Column="id_user_last_edit"></ColumnReference><ColumnReference Database="[REMOTE_OFFICE_3]" Schema="[dbo]" Table="[Files]" Column="creation_date"></ColumnReference><ColumnReference Database="[REMOTE_OFFICE_3]" Schema="[dbo]" Table="[Files]" Column="previous_version"></ColumnReference><ColumnReference Database="[REMOTE_OFFICE_3]" Schema="[dbo]" Table="[Files]" Column="attributes"></ColumnReference><ColumnReference Database="[REMOTE_OFFICE_3]" Schema="[dbo]" Table="[Files]" Column="last_access_time"></ColumnReference><ColumnReference Database="[REMOTE_OFFICE_3]" Schema="[dbo]" Table="[Files]" Column="id_file_blob"></ColumnReference><ColumnReference Database="[REMOTE_OFFICE_3]" Schema="[dbo]" Table="[FilesBlobs]" Column="md5"></ColumnReference><ColumnReference Database="[REMOTE_OFFICE_3]" Schema="[dbo]" Table="[FilesBlobs]" Column="crc32c"></ColumnReference><ColumnReference Column="Expr1021"></ColumnReference></OutputList><NestedLoops Optimized="0"><OuterReferences><ColumnReference Column="Expr1058"></ColumnReference><ColumnReference Column="Recr1022"></ColumnReference><ColumnReference Column="Recr1023"></ColumnReference><ColumnReference Column="Recr1024"></ColumnReference><ColumnReference Column="Recr1025"></ColumnReference><ColumnReference Column="Recr1026"></ColumnReference><ColumnReference Column="Recr1027"></ColumnReference><ColumnReference Column="Recr1028"></ColumnReference><ColumnReference Column="Recr1029"></ColumnReference><ColumnReference Column="Recr1030"></ColumnReference><ColumnReference Column="Recr1031"></ColumnReference><ColumnReference Column="Recr1032"></ColumnReference><ColumnReference Column="Recr1033"></ColumnReference><ColumnReference Column="Recr1034"></ColumnReference><ColumnReference Column="Recr1035"></ColumnReference><ColumnReference Column="Recr1036"></ColumnReference><ColumnReference Column="Recr1037"></ColumnReference><ColumnReference Column="Recr1038"></ColumnReference></OuterReferences><RelOp NodeId="14" PhysicalOp="Compute Scalar" LogicalOp="Compute Scalar" EstimateRows="1" EstimateIO="0" EstimateCPU="2e-08" AvgRowSize="5118" EstimatedTotalSubtreeCost="2e-08" Parallel="0" EstimateRebinds="4" EstimateRewinds="0" EstimatedExecutionMode="Row"><OutputList><ColumnReference Column="Expr1058"></ColumnReference><ColumnReference Column="Recr1022"></ColumnReference><ColumnReference Column="Recr1023"></ColumnReference><ColumnReference Column="Recr1024"></ColumnReference><ColumnReference Column="Recr1025"></ColumnReference><ColumnReference Column="Recr1026"></ColumnReference><ColumnReference Column="Recr1027"></ColumnReference><ColumnReference Column="Recr1028"></ColumnReference><ColumnReference Column="Recr1029"></ColumnReference><ColumnReference Column="Recr1030"></ColumnReference><ColumnReference Column="Recr1031"></ColumnReference><ColumnReference Column="Recr1032"></ColumnReference><ColumnReference Column="Recr1033"></ColumnReference><ColumnReference Column="Recr1034"></ColumnReference><ColumnReference Column="Recr1035"></ColumnReference><ColumnReference Column="Recr1036"></ColumnReference><ColumnReference Column="Recr1037"></ColumnReference><ColumnReference Column="Recr1038"></ColumnReference></OutputList><ComputeScalar><DefinedValues><DefinedValue><ColumnReference Column="Expr1058"></ColumnReference><ScalarOperator ScalarString="[Expr1057]+(1)"><Arithmetic Operation="ADD"><ScalarOperator><Identifier><ColumnReference Column="Expr1057"></ColumnReference></Identifier></ScalarOperator><ScalarOperator><Const ConstValue="(1)"></Const></ScalarOperator></Arithmetic></ScalarOperator></DefinedValue></DefinedValues><RelOp NodeId="15" PhysicalOp="Table Spool" LogicalOp="Lazy Spool" EstimateRows="1" EstimateIO="0" EstimateCPU="2e-08" AvgRowSize="5118" EstimatedTotalSubtreeCost="2e-08" Parallel="0" EstimateRebinds="4" EstimateRewinds="0" EstimatedExecutionMode="Row"><OutputList><ColumnReference Column="Expr1057"></ColumnReference><ColumnReference Column="Recr1022"></ColumnReference><ColumnReference Column="Recr1023"></ColumnReference><ColumnReference Column="Recr1024"></ColumnReference><ColumnReference Column="Recr1025"></ColumnReference><ColumnReference Column="Recr1026"></ColumnReference><ColumnReference Column="Recr1027"></ColumnReference><ColumnReference Column="Recr1028"></ColumnReference><ColumnReference Column="Recr1029"></ColumnReference><ColumnReference Column="Recr1030"></ColumnReference><ColumnReference Column="Recr1031"></ColumnReference><ColumnReference Column="Recr1032"></ColumnReference><ColumnReference Column="Recr1033"></ColumnReference><ColumnReference Column="Recr1034"></ColumnReference><ColumnReference Column="Recr1035"></ColumnReference><ColumnReference Column="Recr1036"></ColumnReference><ColumnReference Column="Recr1037"></ColumnReference><ColumnReference Column="Recr1038"></ColumnReference></OutputList><Spool PrimaryNodeId="0" Stack="1"></Spool></RelOp></ComputeScalar></RelOp><RelOp NodeId="16" PhysicalOp="Compute Scalar" LogicalOp="Compute Scalar" EstimateRows="1" EstimateIO="0" EstimateCPU="1e-07" AvgRowSize="5118" EstimatedTotalSubtreeCost="0.0374842" Parallel="0" EstimateRebinds="3" EstimateRewinds="0" EstimatedExecutionMode="Row"><OutputList><ColumnReference Database="[REMOTE_OFFICE_3]" Schema="[dbo]" Table="[Files]" Column="id"></ColumnReference><ColumnReference Database="[REMOTE_OFFICE_3]" Schema="[dbo]" Table="[Files]" Column="id_parent"></ColumnReference><ColumnReference Database="[REMOTE_OFFICE_3]" Schema="[dbo]" Table="[Files]" Column="id_project"></ColumnReference><ColumnReference Database="[REMOTE_OFFICE_3]" Schema="[dbo]" Table="[Files]" Column="file_name_cl"></ColumnReference><ColumnReference Database="[REMOTE_OFFICE_3]" Schema="[dbo]" Table="[Files]" Column="edit_date_time"></ColumnReference><ColumnReference Database="[REMOTE_OFFICE_3]" Schema="[dbo]" Table="[Files]" Column="is_directory"></ColumnReference><ColumnReference Database="[REMOTE_OFFICE_3]" Schema="[dbo]" Table="[Files]" Column="is_deleted"></ColumnReference><ColumnReference Database="[REMOTE_OFFICE_3]" Schema="[dbo]" Table="[Files]" Column="file_size"></ColumnReference><ColumnReference Database="[REMOTE_OFFICE_3]" Schema="[dbo]" Table="[Files]" Column="id_user_last_edit"></ColumnReference><ColumnReference Database="[REMOTE_OFFICE_3]" Schema="[dbo]" Table="[Files]" Column="creation_date"></ColumnReference><ColumnReference Database="[REMOTE_OFFICE_3]" Schema="[dbo]" Table="[Files]" Column="previous_version"></ColumnReference><ColumnReference Database="[REMOTE_OFFICE_3]" Schema="[dbo]" Table="[Files]" Column="attributes"></ColumnReference><ColumnReference Database="[REMOTE_OFFICE_3]" Schema="[dbo]" Table="[Files]" Column="last_access_time"></ColumnReference><ColumnReference Database="[REMOTE_OFFICE_3]" Schema="[dbo]" Table="[Files]" Column="id_file_blob"></ColumnReference><ColumnReference Database="[REMOTE_OFFICE_3]" Schema="[dbo]" Table="[FilesBlobs]" Column="md5"></ColumnReference><ColumnReference Database="[REMOTE_OFFICE_3]" Schema="[dbo]" Table="[FilesBlobs]" Column="crc32c"></ColumnReference><ColumnReference Column="Expr1021"></ColumnReference></OutputList><ComputeScalar><DefinedValues><DefinedValue><ColumnReference Column="Expr1021"></ColumnReference><ScalarOperator ScalarString="[REMOTE_OFFICE_3].[dbo].[GetFullPath]([REMOTE_OFFICE_3].[dbo].[Files].[id],[REMOTE_OFFICE_3].[dbo].[Files].[id_project])"><UserDefinedFunction FunctionName="[REMOTE_OFFICE_3].[dbo].[GetFullPath]"><ScalarOperator><Identifier><ColumnReference Database="[REMOTE_OFFICE_3]" Schema="[dbo]" Table="[Files]" Column="id"></ColumnReference></Identifier></ScalarOperator><ScalarOperator><Identifier><ColumnReference Database="[REMOTE_OFFICE_3]" Schema="[dbo]" Table="[Files]" Column="id_project"></ColumnReference></Identifier></ScalarOperator></UserDefinedFunction></ScalarOperator></DefinedValue></DefinedValues><RelOp NodeId="17" PhysicalOp="Nested Loops" LogicalOp="Inner Join" EstimateRows="1" EstimateIO="0" EstimateCPU="4.18e-06" AvgRowSize="1115" EstimatedTotalSubtreeCost="0.0374838" Parallel="0" EstimateRebinds="3" EstimateRewinds="0" EstimatedExecutionMode="Row"><OutputList><ColumnReference Database="[REMOTE_OFFICE_3]" Schema="[dbo]" Table="[Files]" Column="id"></ColumnReference><ColumnReference Database="[REMOTE_OFFICE_3]" Schema="[dbo]" Table="[Files]" Column="id_parent"></ColumnReference><ColumnReference Database="[REMOTE_OFFICE_3]" Schema="[dbo]" Table="[Files]" Column="id_project"></ColumnReference><ColumnReference Database="[REMOTE_OFFICE_3]" Schema="[dbo]" Table="[Files]" Column="file_name_cl"></ColumnReference><ColumnReference Database="[REMOTE_OFFICE_3]" Schema="[dbo]" Table="[Files]" Column="edit_date_time"></ColumnReference><ColumnReference Database="[REMOTE_OFFICE_3]" Schema="[dbo]" Table="[Files]" Column="is_directory"></ColumnReference><ColumnReference Database="[REMOTE_OFFICE_3]" Schema="[dbo]" Table="[Files]" Column="is_deleted"></ColumnReference><ColumnReference Database="[REMOTE_OFFICE_3]" Schema="[dbo]" Table="[Files]" Column="file_size"></ColumnReference><ColumnReference Database="[REMOTE_OFFICE_3]" Schema="[dbo]" Table="[Files]" Column="id_user_last_edit"></ColumnReference><ColumnReference Database="[REMOTE_OFFICE_3]" Schema="[dbo]" Table="[Files]" Column="creation_date"></ColumnReference><ColumnReference Database="[REMOTE_OFFICE_3]" Schema="[dbo]" Table="[Files]" Column="previous_version"></ColumnReference><ColumnReference Database="[REMOTE_OFFICE_3]" Schema="[dbo]" Table="[Files]" Column="attributes"></ColumnReference><ColumnReference Database="[REMOTE_OFFICE_3]" Schema="[dbo]" Table="[Files]" Column="last_access_time"></ColumnReference><ColumnReference Database="[REMOTE_OFFICE_3]" Schema="[dbo]" Table="[Files]" Column="id_file_blob"></ColumnReference><ColumnReference Database="[REMOTE_OFFICE_3]" Schema="[dbo]" Table="[FilesBlobs]" Column="md5"></ColumnReference><ColumnReference Database="[REMOTE_OFFICE_3]" Schema="[dbo]" Table="[FilesBlobs]" Column="crc32c"></ColumnReference></OutputList><NestedLoops Optimized="0"><PassThru><ScalarOperator ScalarString="[IsBaseRow1019] IS NULL"><Compare CompareOp="IS"><ScalarOperator><Identifier><ColumnReference Column="IsBaseRow1019"></ColumnReference></Identifier></ScalarOperator><ScalarOperator><Const ConstValue="NULL"></Const></ScalarOperator></Compare></ScalarOperator></PassThru><OuterReferences><ColumnReference Column="Bmk1018"></ColumnReference></OuterReferences><RelOp NodeId="18" PhysicalOp="Nested Loops" LogicalOp="Left Outer Join" EstimateRows="1" EstimateIO="0" EstimateCPU="4.18e-06" AvgRowSize="1081" EstimatedTotalSubtreeCost="0.0275797" Parallel="0" EstimateRebinds="3" EstimateRewinds="0" EstimatedExecutionMode="Row"><OutputList><ColumnReference Database="[REMOTE_OFFICE_3]" Schema="[dbo]" Table="[Files]" Column="id"></ColumnReference><ColumnReference Database="[REMOTE_OFFICE_3]" Schema="[dbo]" Table="[Files]" Column="id_parent"></ColumnReference><ColumnReference Database="[REMOTE_OFFICE_3]" Schema="[dbo]" Table="[Files]" Column="id_project"></ColumnReference><ColumnReference Database="[REMOTE_OFFICE_3]" Schema="[dbo]" Table="[Files]" Column="file_name_cl"></ColumnReference><ColumnReference Database="[REMOTE_OFFICE_3]" Schema="[dbo]" Table="[Files]" Column="edit_date_time"></ColumnReference><ColumnReference Database="[REMOTE_OFFICE_3]" Schema="[dbo]" Table="[Files]" Column="is_directory"></ColumnReference><ColumnReference Database="[REMOTE_OFFICE_3]" Schema="[dbo]" Table="[Files]" Column="is_deleted"></ColumnReference><ColumnReference Database="[REMOTE_OFFICE_3]" Schema="[dbo]" Table="[Files]" Column="file_size"></ColumnReference><ColumnReference Database="[REMOTE_OFFICE_3]" Schema="[dbo]" Table="[Files]" Column="id_user_last_edit"></ColumnReference><ColumnReference Database="[REMOTE_OFFICE_3]" Schema="[dbo]" Table="[Files]" Column="creation_date"></ColumnReference><ColumnReference Database="[REMOTE_OFFICE_3]" Schema="[dbo]" Table="[Files]" Column="previous_version"></ColumnReference><ColumnReference Database="[REMOTE_OFFICE_3]" Schema="[dbo]" Table="[Files]" Column="attributes"></ColumnReference><ColumnReference Database="[REMOTE_OFFICE_3]" Schema="[dbo]" Table="[Files]" Column="last_access_time"></ColumnReference><ColumnReference Database="[REMOTE_OFFICE_3]" Schema="[dbo]" Table="[Files]" Column="id_file_blob"></ColumnReference><ColumnReference Column="Bmk1018"></ColumnReference><ColumnReference Column="IsBaseRow1019"></ColumnReference></OutputList><NestedLoops Optimized="0"><OuterReferences><ColumnReference Database="[REMOTE_OFFICE_3]" Schema="[dbo]" Table="[Files]" Column="id_file_blob"></ColumnReference></OuterReferences><RelOp NodeId="19" PhysicalOp="Nested Loops" LogicalOp="Left Outer Join" EstimateRows="1" EstimateIO="0" EstimateCPU="4.18e-06" AvgRowSize="1073" EstimatedTotalSubtreeCost="0.0238056" Parallel="0" EstimateRebinds="3" EstimateRewinds="0" EstimatedExecutionMode="Row"><OutputList><ColumnReference Database="[REMOTE_OFFICE_3]" Schema="[dbo]" Table="[Files]" Column="id"></ColumnReference><ColumnReference Database="[REMOTE_OFFICE_3]" Schema="[dbo]" Table="[Files]" Column="id_parent"></ColumnReference><ColumnReference Database="[REMOTE_OFFICE_3]" Schema="[dbo]" Table="[Files]" Column="id_project"></ColumnReference><ColumnReference Database="[REMOTE_OFFICE_3]" Schema="[dbo]" Table="[Files]" Column="file_name_cl"></ColumnReference><ColumnReference Database="[REMOTE_OFFICE_3]" Schema="[dbo]" Table="[Files]" Column="edit_date_time"></ColumnReference><ColumnReference Database="[REMOTE_OFFICE_3]" Schema="[dbo]" Table="[Files]" Column="is_directory"></ColumnReference><ColumnReference Database="[REMOTE_OFFICE_3]" Schema="[dbo]" Table="[Files]" Column="is_deleted"></ColumnReference><ColumnReference Database="[REMOTE_OFFICE_3]" Schema="[dbo]" Table="[Files]" Column="file_size"></ColumnReference><ColumnReference Database="[REMOTE_OFFICE_3]" Schema="[dbo]" Table="[Files]" Column="id_user_last_edit"></ColumnReference><ColumnReference Database="[REMOTE_OFFICE_3]" Schema="[dbo]" Table="[Files]" Column="creation_date"></ColumnReference><ColumnReference Database="[REMOTE_OFFICE_3]" Schema="[dbo]" Table="[Files]" Column="previous_version"></ColumnReference><ColumnReference Database="[REMOTE_OFFICE_3]" Schema="[dbo]" Table="[Files]" Column="attributes"></ColumnReference><ColumnReference Database="[REMOTE_OFFICE_3]" Schema="[dbo]" Table="[Files]" Column="last_access_time"></ColumnReference><ColumnReference Database="[REMOTE_OFFICE_3]" Schema="[dbo]" Table="[Files]" Column="id_file_blob"></ColumnReference></OutputList><NestedLoops Optimized="0"><OuterReferences><ColumnReference Database="[REMOTE_OFFICE_3]" Schema="[dbo]" Table="[Files]" Column="id"></ColumnReference></OuterReferences><RelOp NodeId="20" PhysicalOp="Nested Loops" LogicalOp="Inner Join" EstimateRows="1" EstimateIO="0" EstimateCPU="4.18e-06" AvgRowSize="1073" EstimatedTotalSubtreeCost="0.0200315" Parallel="0" EstimateRebinds="3" EstimateRewinds="0" EstimatedExecutionMode="Row"><OutputList><ColumnReference Database="[REMOTE_OFFICE_3]" Schema="[dbo]" Table="[Files]" Column="id"></ColumnReference><ColumnReference Database="[REMOTE_OFFICE_3]" Schema="[dbo]" Table="[Files]" Column="id_parent"></ColumnReference><ColumnReference Database="[REMOTE_OFFICE_3]" Schema="[dbo]" Table="[Files]" Column="id_project"></ColumnReference><ColumnReference Database="[REMOTE_OFFICE_3]" Schema="[dbo]" Table="[Files]" Column="file_name_cl"></ColumnReference><ColumnReference Database="[REMOTE_OFFICE_3]" Schema="[dbo]" Table="[Files]" Column="edit_date_time"></ColumnReference><ColumnReference Database="[REMOTE_OFFICE_3]" Schema="[dbo]" Table="[Files]" Column="is_directory"></ColumnReference><ColumnReference Database="[REMOTE_OFFICE_3]" Schema="[dbo]" Table="[Files]" Column="is_deleted"></ColumnReference><ColumnReference Database="[REMOTE_OFFICE_3]" Schema="[dbo]" Table="[Files]" Column="file_size"></ColumnReference><ColumnReference Database="[REMOTE_OFFICE_3]" Schema="[dbo]" Table="[Files]" Column="id_user_last_edit"></ColumnReference><ColumnReference Database="[REMOTE_OFFICE_3]" Schema="[dbo]" Table="[Files]" Column="creation_date"></ColumnReference><ColumnReference Database="[REMOTE_OFFICE_3]" Schema="[dbo]" Table="[Files]" Column="previous_version"></ColumnReference><ColumnReference Database="[REMOTE_OFFICE_3]" Schema="[dbo]" Table="[Files]" Column="attributes"></ColumnReference><ColumnReference Database="[REMOTE_OFFICE_3]" Schema="[dbo]" Table="[Files]" Column="last_access_time"></ColumnReference><ColumnReference Database="[REMOTE_OFFICE_3]" Schema="[dbo]" Table="[Files]" Column="id_file_blob"></ColumnReference></OutputList><NestedLoops Optimized="0"><OuterReferences><ColumnReference Database="[REMOTE_OFFICE_3]" Schema="[dbo]" Table="[Files]" Column="id"></ColumnReference></OuterReferences><RelOp NodeId="21" PhysicalOp="Index Seek" LogicalOp="Index Seek" EstimateRows="1" EstimatedRowsRead="1" EstimateIO="0.003125" EstimateCPU="0.0001581" AvgRowSize="15" EstimatedTotalSubtreeCost="0.0100074" TableCardinality="1.40877e+08" Parallel="0" EstimateRebinds="3" EstimateRewinds="0" EstimatedExecutionMode="Row"><OutputList><ColumnReference Database="[REMOTE_OFFICE_3]" Schema="[dbo]" Table="[Files]" Column="id"></ColumnReference><ColumnReference Database="[REMOTE_OFFICE_3]" Schema="[dbo]" Table="[Files]" Column="id_parent"></ColumnReference></OutputList><IndexScan Ordered="1" ScanDirection="FORWARD" ForcedIndex="0" ForceSeek="0" ForceScan="0" NoExpandHint="0" Storage="RowStore"><DefinedValues><DefinedValue><ColumnReference Database="[REMOTE_OFFICE_3]" Schema="[dbo]" Table="[Files]" Column="id"></ColumnReference></DefinedValue><DefinedValue><ColumnReference Database="[REMOTE_OFFICE_3]" Schema="[dbo]" Table="[Files]" Column="id_parent"></ColumnReference></DefinedValue></DefinedValues><Object Database="[REMOTE_OFFICE_3]" Schema="[dbo]" Table="[Files]" Index="[Files_id_parent_index]" TableReferenceId="2" IndexKind="NonClustered" Storage="RowStore"></Object><SeekPredicates><SeekPredicateNew><SeekKeys><Prefix ScanType="EQ"><RangeColumns><ColumnReference Database="[REMOTE_OFFICE_3]" Schema="[dbo]" Table="[Files]" Column="id_parent"></ColumnReference></RangeColumns><RangeExpressions><ScalarOperator ScalarString="[Recr1022]"><Identifier><ColumnReference Column="Recr1022"></ColumnReference></Identifier></ScalarOperator></RangeExpressions></Prefix></SeekKeys></SeekPredicateNew></SeekPredicates></IndexScan></RelOp><RelOp NodeId="23" PhysicalOp="Clustered Index Seek" LogicalOp="Clustered Index Seek" EstimateRows="1" EstimateIO="0.003125" EstimateCPU="0.0001581" AvgRowSize="1065" EstimatedTotalSubtreeCost="0.0100074" TableCardinality="1.40877e+08" Parallel="0" EstimateRebinds="3" EstimateRewinds="0" EstimatedExecutionMode="Row"><OutputList><ColumnReference Database="[REMOTE_OFFICE_3]" Schema="[dbo]" Table="[Files]" Column="id_project"></ColumnReference><ColumnReference Database="[REMOTE_OFFICE_3]" Schema="[dbo]" Table="[Files]" Column="file_name_cl"></ColumnReference><ColumnReference Database="[REMOTE_OFFICE_3]" Schema="[dbo]" Table="[Files]" Column="edit_date_time"></ColumnReference><ColumnReference Database="[REMOTE_OFFICE_3]" Schema="[dbo]" Table="[Files]" Column="is_directory"></ColumnReference><ColumnReference Database="[REMOTE_OFFICE_3]" Schema="[dbo]" Table="[Files]" Column="is_deleted"></ColumnReference><ColumnReference Database="[REMOTE_OFFICE_3]" Schema="[dbo]" Table="[Files]" Column="file_size"></ColumnReference><ColumnReference Database="[REMOTE_OFFICE_3]" Schema="[dbo]" Table="[Files]" Column="id_user_last_edit"></ColumnReference><ColumnReference Database="[REMOTE_OFFICE_3]" Schema="[dbo]" Table="[Files]" Column="creation_date"></ColumnReference><ColumnReference Database="[REMOTE_OFFICE_3]" Schema="[dbo]" Table="[Files]" Column="previous_version"></ColumnReference><ColumnReference Database="[REMOTE_OFFICE_3]" Schema="[dbo]" Table="[Files]" Column="attributes"></ColumnReference><ColumnReference Database="[REMOTE_OFFICE_3]" Schema="[dbo]" Table="[Files]" Column="last_access_time"></ColumnReference><ColumnReference Database="[REMOTE_OFFICE_3]" Schema="[dbo]" Table="[Files]" Column="id_file_blob"></ColumnReference></OutputList><IndexScan Lookup="1" Ordered="1" ScanDirection="FORWARD" ForcedIndex="0" ForceSeek="0" ForceScan="0" NoExpandHint="0" Storage="RowStore"><DefinedValues><DefinedValue><ColumnReference Database="[REMOTE_OFFICE_3]" Schema="[dbo]" Table="[Files]" Column="id_project"></ColumnReference></DefinedValue><DefinedValue><ColumnReference Database="[REMOTE_OFFICE_3]" Schema="[dbo]" Table="[Files]" Column="file_name_cl"></ColumnReference></DefinedValue><DefinedValue><ColumnReference Database="[REMOTE_OFFICE_3]" Schema="[dbo]" Table="[Files]" Column="edit_date_time"></ColumnReference></DefinedValue><DefinedValue><ColumnReference Database="[REMOTE_OFFICE_3]" Schema="[dbo]" Table="[Files]" Column="is_directory"></ColumnReference></DefinedValue><DefinedValue><ColumnReference Database="[REMOTE_OFFICE_3]" Schema="[dbo]" Table="[Files]" Column="is_deleted"></ColumnReference></DefinedValue><DefinedValue><ColumnReference Database="[REMOTE_OFFICE_3]" Schema="[dbo]" Table="[Files]" Column="file_size"></ColumnReference></DefinedValue><DefinedValue><ColumnReference Database="[REMOTE_OFFICE_3]" Schema="[dbo]" Table="[Files]" Column="id_user_last_edit"></ColumnReference></DefinedValue><DefinedValue><ColumnReference Database="[REMOTE_OFFICE_3]" Schema="[dbo]" Table="[Files]" Column="creation_date"></ColumnReference></DefinedValue><DefinedValue><ColumnReference Database="[REMOTE_OFFICE_3]" Schema="[dbo]" Table="[Files]" Column="previous_version"></ColumnReference></DefinedValue><DefinedValue><ColumnReference Database="[REMOTE_OFFICE_3]" Schema="[dbo]" Table="[Files]" Column="attributes"></ColumnReference></DefinedValue><DefinedValue><ColumnReference Database="[REMOTE_OFFICE_3]" Schema="[dbo]" Table="[Files]" Column="last_access_time"></ColumnReference></DefinedValue><DefinedValue><ColumnReference Database="[REMOTE_OFFICE_3]" Schema="[dbo]" Table="[Files]" Column="id_file_blob"></ColumnReference></DefinedValue></DefinedValues><Object Database="[REMOTE_OFFICE_3]" Schema="[dbo]" Table="[Files]" Index="[PK_ProjectsFiles]" TableReferenceId="-1" IndexKind="Clustered" Storage="RowStore"></Object><SeekPredicates><SeekPredicateNew><SeekKeys><Prefix ScanType="EQ"><RangeColumns><ColumnReference Database="[REMOTE_OFFICE_3]" Schema="[dbo]" Table="[Files]" Column="id"></ColumnReference></RangeColumns><RangeExpressions><ScalarOperator ScalarString="[REMOTE_OFFICE_3].[dbo].[Files].[id]"><Identifier><ColumnReference Database="[REMOTE_OFFICE_3]" Schema="[dbo]" Table="[Files]" Column="id"></ColumnReference></Identifier></ScalarOperator></RangeExpressions></Prefix></SeekKeys></SeekPredicateNew></SeekPredicates></IndexScan></RelOp></NestedLoops></RelOp><RelOp NodeId="24" PhysicalOp="Index Seek" LogicalOp="Index Seek" EstimateRows="1" EstimatedRowsRead="1" EstimateIO="0.003125" EstimateCPU="0.0001581" AvgRowSize="9" EstimatedTotalSubtreeCost="0.0037574" TableCardinality="6" Parallel="0" EstimateRebinds="3" EstimateRewinds="0" EstimatedExecutionMode="Row"><OutputList></OutputList><IndexScan Ordered="1" ScanDirection="FORWARD" ForcedIndex="0" ForceSeek="0" ForceScan="0" NoExpandHint="0" Storage="RowStore"><DefinedValues></DefinedValues><Object Database="[REMOTE_OFFICE_3]" Schema="[dbo]" Table="[Kits]" Index="[Id_file_index]" TableReferenceId="2" IndexKind="NonClustered" Storage="RowStore"></Object><SeekPredicates><SeekPredicateNew><SeekKeys><Prefix ScanType="EQ"><RangeColumns><ColumnReference Database="[REMOTE_OFFICE_3]" Schema="[dbo]" Table="[Kits]" Column="id_file"></ColumnReference></RangeColumns><RangeExpressions><ScalarOperator ScalarString="[REMOTE_OFFICE_3].[dbo].[Files].[id]"><Identifier><ColumnReference Database="[REMOTE_OFFICE_3]" Schema="[dbo]" Table="[Files]" Column="id"></ColumnReference></Identifier></ScalarOperator></RangeExpressions></Prefix></SeekKeys></SeekPredicateNew></SeekPredicates></IndexScan></RelOp></NestedLoops></RelOp><RelOp NodeId="25" PhysicalOp="Index Seek" LogicalOp="Index Seek" EstimateRows="1" EstimatedRowsRead="1" EstimateIO="0.003125" EstimateCPU="0.0001581" AvgRowSize="16" EstimatedTotalSubtreeCost="0.0037574" TableCardinality="1164" Parallel="0" EstimateRebinds="3" EstimateRewinds="0" EstimatedExecutionMode="Row"><OutputList><ColumnReference Column="Bmk1018"></ColumnReference><ColumnReference Column="IsBaseRow1019"></ColumnReference></OutputList><IndexScan Ordered="1" ScanDirection="FORWARD" ForcedIndex="0" ForceSeek="0" ForceScan="0" NoExpandHint="0" Storage="RowStore"><DefinedValues><DefinedValue><ColumnReference Column="Bmk1018"></ColumnReference></DefinedValue><DefinedValue><ColumnReference Column="IsBaseRow1019"></ColumnReference></DefinedValue></DefinedValues><Object Database="[REMOTE_OFFICE_3]" Schema="[dbo]" Table="[FilesBlobs]" Index="[FilesBlobs_pk]" TableReferenceId="2" IndexKind="NonClustered" Storage="RowStore"></Object><SeekPredicates><SeekPredicateNew><SeekKeys><Prefix ScanType="EQ"><RangeColumns><ColumnReference Database="[REMOTE_OFFICE_3]" Schema="[dbo]" Table="[FilesBlobs]" Column="id"></ColumnReference></RangeColumns><RangeExpressions><ScalarOperator ScalarString="[REMOTE_OFFICE_3].[dbo].[Files].[id_file_blob]"><Identifier><ColumnReference Database="[REMOTE_OFFICE_3]" Schema="[dbo]" Table="[Files]" Column="id_file_blob"></ColumnReference></Identifier></ScalarOperator></RangeExpressions></Prefix></SeekKeys></SeekPredicateNew></SeekPredicates></IndexScan></RelOp></NestedLoops></RelOp><RelOp NodeId="27" PhysicalOp="RID Lookup" LogicalOp="RID Lookup" EstimateRows="1" EstimateIO="0.003125" EstimateCPU="0.0001581" AvgRowSize="51" EstimatedTotalSubtreeCost="0.00988617" TableCardinality="1164" Parallel="0" EstimateRebinds="3" EstimateRewinds="0" EstimatedExecutionMode="Row"><OutputList><ColumnReference Database="[REMOTE_OFFICE_3]" Schema="[dbo]" Table="[FilesBlobs]" Column="md5"></ColumnReference><ColumnReference Database="[REMOTE_OFFICE_3]" Schema="[dbo]" Table="[FilesBlobs]" Column="crc32c"></ColumnReference></OutputList><IndexScan Lookup="1" Ordered="1" ScanDirection="FORWARD" ForcedIndex="0" ForceSeek="0" ForceScan="0" NoExpandHint="0" Storage="RowStore"><DefinedValues><DefinedValue><ColumnReference Database="[REMOTE_OFFICE_3]" Schema="[dbo]" Table="[FilesBlobs]" Column="md5"></ColumnReference></DefinedValue><DefinedValue><ColumnReference Database="[REMOTE_OFFICE_3]" Schema="[dbo]" Table="[FilesBlobs]" Column="crc32c"></ColumnReference></DefinedValue></DefinedValues><Object Database="[REMOTE_OFFICE_3]" Schema="[dbo]" Table="[FilesBlobs]" TableReferenceId="-1" IndexKind="Heap" Storage="RowStore"></Object><SeekPredicates><SeekPredicateNew><SeekKeys><Prefix ScanType="EQ"><RangeColumns><ColumnReference Column="Bmk1018"></ColumnReference></RangeColumns><RangeExpressions><ScalarOperator ScalarString="[Bmk1018]"><Identifier><ColumnReference Column="Bmk1018"></ColumnReference></Identifier></ScalarOperator></RangeExpressions></Prefix></SeekKeys></SeekPredicateNew></SeekPredicates></IndexScan></RelOp></NestedLoops></RelOp></ComputeScalar></RelOp></NestedLoops></RelOp><Predicate><ScalarOperator ScalarString="CASE WHEN [Expr1058]&gt;(100) THEN (0) ELSE NULL END"><IF><Condition><ScalarOperator><Compare CompareOp="GT"><ScalarOperator><Identifier><ColumnReference Column="Expr1058"></ColumnReference></Identifier></ScalarOperator><ScalarOperator><Const ConstValue="(100)"></Const></ScalarOperator></Compare></ScalarOperator></Condition><Then><ScalarOperator><Const ConstValue="(0)"></Const></ScalarOperator></Then><Else><ScalarOperator><Const ConstValue="NULL"></Const></ScalarOperator></Else></IF></ScalarOperator></Predicate></Assert></RelOp></Concat></RelOp></Spool></RelOp></QueryPlan><UDF ProcName="[REMOTE_OFFICE_3].[dbo].[GetFullPath]"><Statements><StmtSimple StatementText="CREATE function [dbo].[GetFullPath] (@id_file INT, @id_project INT)&#xd;&#xa;returns NVARCHAR(4000)&#xd;&#xa;begin&#xd;&#xa;&#xd;&#xa;  DECLARE @full_path NVARCHAR(4000);&#xd;&#xa;&#xd;&#xa;  WITH CTE AS (&#xd;&#xa;  SELECT id,id_parent, CAST(&apos;\&apos;+file_name_cl AS NVARCHAR(MAX))AS full_path FROM Files WHERE id=@id_file&#xd;&#xa;  UNION ALL&#xd;&#xa;&#xd;&#xa;      SELECT C.id,C.id_parent,cast(&apos;\&apos;+C.file_name_cl+P.full_path AS NVARCHAR(MAX)) FROM CTE AS P&#xd;&#xa;        JOIN Files AS C&#xd;&#xa;        ON C.id = P.id_parent&#xd;&#xa;)&#xd;&#xa;SELECT TOP 1 @full_path= full_path FROM CTE ORDER BY len(full_path) DESC" StatementId="2" StatementCompId="3" StatementType="SELECT" RetrievedFromCache="false" StatementSubTreeCost="0.0269116" StatementEstRows="1" SecurityPolicyApplied="false" StatementOptmLevel="FULL" QueryHash="0xE25DF21AC6F5BEF8" QueryPlanHash="0x6CF2A20A5EB58CE2" StatementOptmEarlyAbortReason="GoodEnoughPlanFound" CardinalityEstimationModelVersion="130"><StatementSetOptions QUOTED_IDENTIFIER="true" ARITHABORT="false" CONCAT_NULL_YIELDS_NULL="true" ANSI_NULLS="true" ANSI_PADDING="true" ANSI_WARNINGS="true" NUMERIC_ROUNDABORT="false"></StatementSetOptions><QueryPlan CachedPlanSize="40" CompileTime="4" CompileCPU="4" CompileMemory="464"><Warnings><PlanAffectingConvert ConvertIssue="Cardinality Estimate" Expression="CONVERT(nvarchar(max),N&apos;\&apos;+[REMOTE_OFFICE_3].[dbo].[Files].[file_name_cl],0)"></PlanAffectingConvert><PlanAffectingConvert ConvertIssue="Cardinality Estimate" Expression="CONVERT_IMPLICIT(nvarchar(4000),[Recr1010],0)"></PlanAffectingConvert></Warnings><MemoryGrantInfo SerialRequiredMemory="24" SerialDesiredMemory="32" GrantedMemory="0" MaxUsedMemory="0"></MemoryGrantInfo><OptimizerHardwareDependentProperties EstimatedAvailableMemoryGrant="323426" EstimatedPagesCached="323426" EstimatedAvailableDegreeOfParallelism="8" MaxCompileMemory="34299968"></OptimizerHardwareDependentProperties><OptimizerStatsUsage><StatisticsInfo LastUpdate="2024-12-18T16:33:54.72" ModificationCount="1356" SamplingPercent="0.38075" Statistics="[PK_ProjectsFiles]" Table="[Files]" Schema="[dbo]" Database="[REMOTE_OFFICE_3]"></StatisticsInfo></OptimizerStatsUsage><RelOp NodeId="0" PhysicalOp="Compute Scalar" LogicalOp="Compute Scalar" EstimateRows="1" EstimateIO="0" EstimateCPU="1e-07" AvgRowSize="4011" EstimatedTotalSubtreeCost="0.0269116" Parallel="0" EstimateRebinds="0" EstimateRewinds="0" EstimatedExecutionMode="Row"><OutputList><ColumnReference Column="Expr1012"></ColumnReference></OutputList><ComputeScalar><DefinedValues><DefinedValue><ColumnReference Column="Expr1012"></ColumnReference><ScalarOperator ScalarString="CONVERT_IMPLICIT(nvarchar(4000),[Recr1010],0)"><Convert DataType="nvarchar" Length="8000" Style="0" Implicit="1"><ScalarOperator><Identifier><ColumnReference Column="Recr1010"></ColumnReference></Identifier></ScalarOperator></Convert></ScalarOperator></DefinedValue></DefinedValues><RelOp NodeId="1" PhysicalOp="Sort" LogicalOp="TopN Sort" EstimateRows="1" EstimateRowsWithoutRowGoal="4" EstimateIO="0.0112613" EstimateCPU="0.000116523" AvgRowSize="4043" EstimatedTotalSubtreeCost="0.0269114" Parallel="0" EstimateRebinds="0" EstimateRewinds="0" EstimatedExecutionMode="Row"><OutputList><ColumnReference Column="Recr1010"></ColumnReference><ColumnReference Column="Expr1011"></ColumnReference></OutputList><MemoryFractions Input="1" Output="1"></MemoryFractions><TopSort Distinct="0" Rows="1"><OrderBy><OrderByColumn Ascending="0"><ColumnReference Column="Expr1011"></ColumnReference></OrderByColumn></OrderBy><RelOp NodeId="2" PhysicalOp="Compute Scalar" LogicalOp="Compute Scalar" EstimateRows="4" EstimateRowsWithoutRowGoal="4" EstimateIO="0" EstimateCPU="4e-07" AvgRowSize="4043" EstimatedTotalSubtreeCost="0.0155336" Parallel="0" EstimateRebinds="0" EstimateRewinds="0" EstimatedExecutionMode="Row"><OutputList><ColumnReference Column="Recr1010"></ColumnReference><ColumnReference Column="Expr1011"></ColumnReference></OutputList><ComputeScalar><DefinedValues><DefinedValue><ColumnReference Column="Expr1011"></ColumnReference><ScalarOperator ScalarString="len([Recr1010])"><Intrinsic FunctionName="len"><ScalarOperator><Identifier><ColumnReference Column="Recr1010"></ColumnReference></Identifier></ScalarOperator></Intrinsic></ScalarOperator></DefinedValue></DefinedValues><RelOp NodeId="3" PhysicalOp="Index Spool" LogicalOp="Lazy Spool" EstimateRows="4" EstimateIO="0" EstimateCPU="1e-08" AvgRowSize="4035" EstimatedTotalSubtreeCost="0.0155332" Parallel="0" EstimateRebinds="0" EstimateRewinds="0" EstimatedExecutionMode="Row"><OutputList><ColumnReference Column="Expr1017"></ColumnReference><ColumnReference Column="Recr1008"></ColumnReference><ColumnReference Column="Recr1009"></ColumnReference><ColumnReference Column="Recr1010"></ColumnReference></OutputList><Spool Stack="1"><RelOp NodeId="4" PhysicalOp="Concatenation" LogicalOp="Concatenation" EstimateRows="4" EstimateIO="0" EstimateCPU="2e-09" AvgRowSize="4035" EstimatedTotalSubtreeCost="0.0132916" Parallel="0" EstimateRebinds="0" EstimateRewinds="0" EstimatedExecutionMode="Row"><OutputList><ColumnReference Column="Expr1017"></ColumnReference><ColumnReference Column="Recr1008"></ColumnReference><ColumnReference Column="Recr1009"></ColumnReference><ColumnReference Column="Recr1010"></ColumnReference></OutputList><Concat><DefinedValues><DefinedValue><ColumnReference Column="Expr1017"></ColumnReference><ColumnReference Column="Expr1014"></ColumnReference><ColumnReference Column="Expr1016"></ColumnReference></DefinedValue><DefinedValue><ColumnReference Column="Recr1008"></ColumnReference><ColumnReference Database="[REMOTE_OFFICE_3]" Schema="[dbo]" Table="[Files]" Column="id"></ColumnReference><ColumnReference Database="[REMOTE_OFFICE_3]" Schema="[dbo]" Table="[Files]" Alias="[C]" Column="id"></ColumnReference></DefinedValue><DefinedValue><ColumnReference Column="Recr1009"></ColumnReference><ColumnReference Database="[REMOTE_OFFICE_3]" Schema="[dbo]" Table="[Files]" Column="id_parent"></ColumnReference><ColumnReference Database="[REMOTE_OFFICE_3]" Schema="[dbo]" Table="[Files]" Alias="[C]" Column="id_parent"></ColumnReference></DefinedValue><DefinedValue><ColumnReference Column="Recr1010"></ColumnReference><ColumnReference Column="Expr1002"></ColumnReference><ColumnReference Column="Expr1007"></ColumnReference></DefinedValue></DefinedValues><RelOp NodeId="5" PhysicalOp="Compute Scalar" LogicalOp="Compute Scalar" EstimateRows="1" EstimateIO="0" EstimateCPU="2e-08" AvgRowSize="4035" EstimatedTotalSubtreeCost="2e-08" Parallel="0" EstimateRebinds="4" EstimateRewinds="0" EstimatedExecutionMode="Row"><OutputList><ColumnReference Column="Expr1014"></ColumnReference><ColumnReference Database="[REMOTE_OFFICE_3]" Schema="[dbo]" Table="[Files]" Column="id"></ColumnReference><ColumnReference Database="[REMOTE_OFFICE_3]" Schema="[dbo]" Table="[Files]" Column="id_parent"></ColumnReference><ColumnReference Column="Expr1002"></ColumnReference></OutputList><ComputeScalar><DefinedValues><DefinedValue><ColumnReference Column="Expr1014"></ColumnReference><ScalarOperator ScalarString="(0)"><Const ConstValue="(0)"></Const></ScalarOperator></DefinedValue></DefinedValues><RelOp NodeId="6" PhysicalOp="Compute Scalar" LogicalOp="Compute Scalar" EstimateRows="1" EstimateIO="0" EstimateCPU="1e-07" AvgRowSize="4043" EstimatedTotalSubtreeCost="0.0032832" Parallel="0" EstimateRebinds="0" EstimateRewinds="0" EstimatedExecutionMode="Row"><OutputList><ColumnReference Database="[REMOTE_OFFICE_3]" Schema="[dbo]" Table="[Files]" Column="id"></ColumnReference><ColumnReference Database="[REMOTE_OFFICE_3]" Schema="[dbo]" Table="[Files]" Column="id_parent"></ColumnReference><ColumnReference Column="Expr1002"></ColumnReference></OutputList><ComputeScalar><DefinedValues><DefinedValue><ColumnReference Column="Expr1002"></ColumnReference><ScalarOperator ScalarString="CONVERT(nvarchar(max),N&apos;\&apos;+[REMOTE_OFFICE_3].[dbo].[Files].[file_name_cl],0)"><Convert DataType="nvarchar(max)" Length="2147483647" Style="0" Implicit="0"><ScalarOperator><Arithmetic Operation="ADD"><ScalarOperator><Const ConstValue="N&apos;\&apos;"></Const></ScalarOperator><ScalarOperator><Identifier><ColumnReference Database="[REMOTE_OFFICE_3]" Schema="[dbo]" Table="[Files]" Column="file_name_cl"></ColumnReference></Identifier></ScalarOperator></Arithmetic></ScalarOperator></Convert></ScalarOperator></DefinedValue></DefinedValues><RelOp NodeId="7" PhysicalOp="Clustered Index Seek" LogicalOp="Clustered Index Seek" EstimateRows="1" EstimatedRowsRead="1" EstimateIO="0.003125" EstimateCPU="0.0001581" AvgRowSize="1019" EstimatedTotalSubtreeCost="0.0032831" TableCardinality="1.40877e+08" Parallel="0" EstimateRebinds="0" EstimateRewinds="0" EstimatedExecutionMode="Row"><OutputList><ColumnReference Database="[REMOTE_OFFICE_3]" Schema="[dbo]" Table="[Files]" Column="id"></ColumnReference><ColumnReference Database="[REMOTE_OFFICE_3]" Schema="[dbo]" Table="[Files]" Column="id_parent"></ColumnReference><ColumnReference Database="[REMOTE_OFFICE_3]" Schema="[dbo]" Table="[Files]" Column="file_name_cl"></ColumnReference></OutputList><IndexScan Ordered="1" ScanDirection="FORWARD" ForcedIndex="0" ForceSeek="0" ForceScan="0" NoExpandHint="0" Storage="RowStore"><DefinedValues><DefinedValue><ColumnReference Database="[REMOTE_OFFICE_3]" Schema="[dbo]" Table="[Files]" Column="id"></ColumnReference></DefinedValue><DefinedValue><ColumnReference Database="[REMOTE_OFFICE_3]" Schema="[dbo]" Table="[Files]" Column="id_parent"></ColumnReference></DefinedValue><DefinedValue><ColumnReference Database="[REMOTE_OFFICE_3]" Schema="[dbo]" Table="[Files]" Column="file_name_cl"></ColumnReference></DefinedValue></DefinedValues><Object Database="[REMOTE_OFFICE_3]" Schema="[dbo]" Table="[Files]" Index="[PK_ProjectsFiles]" IndexKind="Clustered" Storage="RowStore"></Object><SeekPredicates><SeekPredicateNew><SeekKeys><Prefix ScanType="EQ"><RangeColumns><ColumnReference Database="[REMOTE_OFFICE_3]" Schema="[dbo]" Table="[Files]" Column="id"></ColumnReference></RangeColumns><RangeExpressions><ScalarOperator ScalarString="[@id_file]"><Identifier><ColumnReference Column="@id_file"></ColumnReference></Identifier></ScalarOperator></RangeExpressions></Prefix></SeekKeys></SeekPredicateNew></SeekPredicates></IndexScan></RelOp></ComputeScalar></RelOp></ComputeScalar></RelOp><RelOp NodeId="8" PhysicalOp="Assert" LogicalOp="Assert" EstimateRows="4" EstimateIO="0" EstimateCPU="1.68e-07" AvgRowSize="4035" EstimatedTotalSubtreeCost="0.0100084" Parallel="0" EstimateRebinds="4" EstimateRewinds="0" EstimatedExecutionMode="Row"><OutputList><ColumnReference Column="Expr1016"></ColumnReference><ColumnReference Database="[REMOTE_OFFICE_3]" Schema="[dbo]" Table="[Files]" Alias="[C]" Column="id"></ColumnReference><ColumnReference Database="[REMOTE_OFFICE_3]" Schema="[dbo]" Table="[Files]" Alias="[C]" Column="id_parent"></ColumnReference><ColumnReference Column="Expr1007"></ColumnReference></OutputList><Assert StartupExpression="0"><RelOp NodeId="9" PhysicalOp="Nested Loops" LogicalOp="Inner Join" EstimateRows="4" EstimateIO="0" EstimateCPU="1.68e-07" AvgRowSize="4035" EstimatedTotalSubtreeCost="0.0100084" Parallel="0" EstimateRebinds="4" EstimateRewinds="0" EstimatedExecutionMode="Row"><OutputList><ColumnReference Column="Expr1016"></ColumnReference><ColumnReference Database="[REMOTE_OFFICE_3]" Schema="[dbo]" Table="[Files]" Alias="[C]" Column="id"></ColumnReference><ColumnReference Database="[REMOTE_OFFICE_3]" Schema="[dbo]" Table="[Files]" Alias="[C]" Column="id_parent"></ColumnReference><ColumnReference Column="Expr1007"></ColumnReference></OutputList><NestedLoops Optimized="0"><OuterReferences><ColumnReference Column="Expr1016"></ColumnReference><ColumnReference Column="Recr1003"></ColumnReference><ColumnReference Column="Recr1004"></ColumnReference><ColumnReference Column="Recr1005"></ColumnReference></OuterReferences><RelOp NodeId="10" PhysicalOp="Compute Scalar" LogicalOp="Compute Scalar" EstimateRows="1" EstimateIO="0" EstimateCPU="2e-08" AvgRowSize="4035" EstimatedTotalSubtreeCost="2e-08" Parallel="0" EstimateRebinds="4" EstimateRewinds="0" EstimatedExecutionMode="Row"><OutputList><ColumnReference Column="Expr1016"></ColumnReference><ColumnReference Column="Recr1003"></ColumnReference><ColumnReference Column="Recr1004"></ColumnReference><ColumnReference Column="Recr1005"></ColumnReference></OutputList><ComputeScalar><DefinedValues><DefinedValue><ColumnReference Column="Expr1016"></ColumnReference><ScalarOperator ScalarString="[Expr1015]+(1)"><Arithmetic Operation="ADD"><ScalarOperator><Identifier><ColumnReference Column="Expr1015"></ColumnReference></Identifier></ScalarOperator><ScalarOperator><Const ConstValue="(1)"></Const></ScalarOperator></Arithmetic></ScalarOperator></DefinedValue></DefinedValues><RelOp NodeId="11" PhysicalOp="Table Spool" LogicalOp="Lazy Spool" EstimateRows="1" EstimateIO="0" EstimateCPU="2e-08" AvgRowSize="4035" EstimatedTotalSubtreeCost="2e-08" Parallel="0" EstimateRebinds="4" EstimateRewinds="0" EstimatedExecutionMode="Row"><OutputList><ColumnReference Column="Expr1015"></ColumnReference><ColumnReference Column="Recr1003"></ColumnReference><ColumnReference Column="Recr1004"></ColumnReference><ColumnReference Column="Recr1005"></ColumnReference></OutputList><Spool PrimaryNodeId="3" Stack="1"></Spool></RelOp></ComputeScalar></RelOp><RelOp NodeId="12" PhysicalOp="Compute Scalar" LogicalOp="Compute Scalar" EstimateRows="1" EstimateIO="0" EstimateCPU="1e-07" AvgRowSize="4043" EstimatedTotalSubtreeCost="0.0100082" Parallel="0" EstimateRebinds="3" EstimateRewinds="0" EstimatedExecutionMode="Row"><OutputList><ColumnReference Database="[REMOTE_OFFICE_3]" Schema="[dbo]" Table="[Files]" Alias="[C]" Column="id"></ColumnReference><ColumnReference Database="[REMOTE_OFFICE_3]" Schema="[dbo]" Table="[Files]" Alias="[C]" Column="id_parent"></ColumnReference><ColumnReference Column="Expr1007"></ColumnReference></OutputList><ComputeScalar><DefinedValues><DefinedValue><ColumnReference Column="Expr1007"></ColumnReference><ScalarOperator ScalarString="[Expr1013]+[Recr1005]"><Arithmetic Operation="ADD"><ScalarOperator><Identifier><ColumnReference Column="Expr1013"></ColumnReference></Identifier></ScalarOperator><ScalarOperator><Identifier><ColumnReference Column="Recr1005"></ColumnReference></Identifier></ScalarOperator></Arithmetic></ScalarOperator></DefinedValue></DefinedValues><RelOp NodeId="13" PhysicalOp="Compute Scalar" LogicalOp="Compute Scalar" EstimateRows="1" EstimateIO="0" EstimateCPU="1e-07" AvgRowSize="1020" EstimatedTotalSubtreeCost="0.0100078" Parallel="0" EstimateRebinds="3" EstimateRewinds="0" EstimatedExecutionMode="Row"><OutputList><ColumnReference Database="[REMOTE_OFFICE_3]" Schema="[dbo]" Table="[Files]" Alias="[C]" Column="id"></ColumnReference><ColumnReference Database="[REMOTE_OFFICE_3]" Schema="[dbo]" Table="[Files]" Alias="[C]" Column="id_parent"></ColumnReference><ColumnReference Column="Expr1013"></ColumnReference></OutputList><ComputeScalar><DefinedValues><DefinedValue><ColumnReference Column="Expr1013"></ColumnReference><ScalarOperator ScalarString="N&apos;\&apos;+[REMOTE_OFFICE_3].[dbo].[Files].[file_name_cl] as [C].[file_name_cl]"><Arithmetic Operation="ADD"><ScalarOperator><Const ConstValue="N&apos;\&apos;"></Const></ScalarOperator><ScalarOperator><Identifier><ColumnReference Database="[REMOTE_OFFICE_3]" Schema="[dbo]" Table="[Files]" Alias="[C]" Column="file_name_cl"></ColumnReference></Identifier></ScalarOperator></Arithmetic></ScalarOperator></DefinedValue></DefinedValues><RelOp NodeId="14" PhysicalOp="Clustered Index Seek" LogicalOp="Clustered Index Seek" EstimateRows="1" EstimatedRowsRead="1" EstimateIO="0.003125" EstimateCPU="0.0001581" AvgRowSize="1019" EstimatedTotalSubtreeCost="0.0100074" TableCardinality="1.40877e+08" Parallel="0" EstimateRebinds="3" EstimateRewinds="0" EstimatedExecutionMode="Row"><OutputList><ColumnReference Database="[REMOTE_OFFICE_3]" Schema="[dbo]" Table="[Files]" Alias="[C]" Column="id"></ColumnReference><ColumnReference Database="[REMOTE_OFFICE_3]" Schema="[dbo]" Table="[Files]" Alias="[C]" Column="id_parent"></ColumnReference><ColumnReference Database="[REMOTE_OFFICE_3]" Schema="[dbo]" Table="[Files]" Alias="[C]" Column="file_name_cl"></ColumnReference></OutputList><IndexScan Ordered="1" ScanDirection="FORWARD" ForcedIndex="0" ForceSeek="0" ForceScan="0" NoExpandHint="0" Storage="RowStore"><DefinedValues><DefinedValue><ColumnReference Database="[REMOTE_OFFICE_3]" Schema="[dbo]" Table="[Files]" Alias="[C]" Column="id"></ColumnReference></DefinedValue><DefinedValue><ColumnReference Database="[REMOTE_OFFICE_3]" Schema="[dbo]" Table="[Files]" Alias="[C]" Column="id_parent"></ColumnReference></DefinedValue><DefinedValue><ColumnReference Database="[REMOTE_OFFICE_3]" Schema="[dbo]" Table="[Files]" Alias="[C]" Column="file_name_cl"></ColumnReference></DefinedValue></DefinedValues><Object Database="[REMOTE_OFFICE_3]" Schema="[dbo]" Table="[Files]" Index="[PK_ProjectsFiles]" Alias="[C]" IndexKind="Clustered" Storage="RowStore"></Object><SeekPredicates><SeekPredicateNew><SeekKeys><Prefix ScanType="EQ"><RangeColumns><ColumnReference Database="[REMOTE_OFFICE_3]" Schema="[dbo]" Table="[Files]" Alias="[C]" Column="id"></ColumnReference></RangeColumns><RangeExpressions><ScalarOperator ScalarString="[Recr1004]"><Identifier><ColumnReference Column="Recr1004"></ColumnReference></Identifier></ScalarOperator></RangeExpressions></Prefix></SeekKeys></SeekPredicateNew></SeekPredicates></IndexScan></RelOp></ComputeScalar></RelOp></ComputeScalar></RelOp></NestedLoops></RelOp><Predicate><ScalarOperator ScalarString="CASE WHEN [Expr1016]&gt;(100) THEN (0) ELSE NULL END"><IF><Condition><ScalarOperator><Compare CompareOp="GT"><ScalarOperator><Identifier><ColumnReference Column="Expr1016"></ColumnReference></Identifier></ScalarOperator><ScalarOperator><Const ConstValue="(100)"></Const></ScalarOperator></Compare></ScalarOperator></Condition><Then><ScalarOperator><Const ConstValue="(0)"></Const></ScalarOperator></Then><Else><ScalarOperator><Const ConstValue="NULL"></Const></ScalarOperator></Else></IF></ScalarOperator></Predicate></Assert></RelOp></Concat></RelOp></Spool></RelOp></ComputeScalar></RelOp></TopSort></RelOp></ComputeScalar></RelOp><ParameterList><ColumnReference Column="@id_file" ParameterDataType="int" ParameterCompiledValue="NULL"></ColumnReference></ParameterList></QueryPlan></StmtSimple><StmtSimple StatementText=";&#xd;&#xa;&#xd;&#xa;SELECT @full_path= short_name+@full_path FROM Projects WHERE Projects.id=@id_project" StatementId="3" StatementCompId="4" StatementType="SELECT" RetrievedFromCache="false" StatementSubTreeCost="0.0032832" StatementEstRows="1" SecurityPolicyApplied="false" StatementOptmLevel="TRIVIAL" QueryHash="0x96187CCAC0C73B28" QueryPlanHash="0x9C64DF16F883AEEC" CardinalityEstimationModelVersion="130"><StatementSetOptions QUOTED_IDENTIFIER="true" ARITHABORT="false" CONCAT_NULL_YIELDS_NULL="true" ANSI_NULLS="true" ANSI_PADDING="true" ANSI_WARNINGS="true" NUMERIC_ROUNDABORT="false"></StatementSetOptions><QueryPlan NonParallelPlanReason="UpdatingWritebackVariable" CachedPlanSize="16" CompileTime="0" CompileCPU="0" CompileMemory="200"><MemoryGrantInfo SerialRequiredMemory="0" SerialDesiredMemory="0" GrantedMemory="0" MaxUsedMemory="0"></MemoryGrantInfo><OptimizerHardwareDependentProperties EstimatedAvailableMemoryGrant="323426" EstimatedPagesCached="323426" EstimatedAvailableDegreeOfParallelism="8" MaxCompileMemory="34299968"></OptimizerHardwareDependentProperties><OptimizerStatsUsage><StatisticsInfo LastUpdate="2024-10-10T13:47:29.84" ModificationCount="434" SamplingPercent="100" Statistics="[PK_Projects]" Table="[Projects]" Schema="[dbo]" Database="[REMOTE_OFFICE_3]"></StatisticsInfo></OptimizerStatsUsage><RelOp NodeId="0" PhysicalOp="Compute Scalar" LogicalOp="Compute Scalar" EstimateRows="1" EstimateIO="0" EstimateCPU="1e-07" AvgRowSize="4011" EstimatedTotalSubtreeCost="0.0032832" Parallel="0" EstimateRebinds="0" EstimateRewinds="0" EstimatedExecutionMode="Row"><OutputList><ColumnReference Column="Expr1002"></ColumnReference></OutputList><ComputeScalar><DefinedValues><DefinedValue><ColumnReference Column="Expr1002"></ColumnReference><ScalarOperator ScalarString="[REMOTE_OFFICE_3].[dbo].[Projects].[short_name]+[@full_path]"><Arithmetic Operation="ADD"><ScalarOperator><Identifier><ColumnReference Database="[REMOTE_OFFICE_3]" Schema="[dbo]" Table="[Projects]" Column="short_name"></ColumnReference></Identifier></ScalarOperator><ScalarOperator><Identifier><ColumnReference Column="@full_path"></ColumnReference></Identifier></ScalarOperator></Arithmetic></ScalarOperator></DefinedValue></DefinedValues><RelOp NodeId="1" PhysicalOp="Clustered Index Seek" LogicalOp="Clustered Index Seek" EstimateRows="1" EstimatedRowsRead="1" EstimateIO="0.003125" EstimateCPU="0.0001581" AvgRowSize="75" EstimatedTotalSubtreeCost="0.0032831" TableCardinality="31" Parallel="0" EstimateRebinds="0" EstimateRewinds="0" EstimatedExecutionMode="Row"><OutputList><ColumnReference Database="[REMOTE_OFFICE_3]" Schema="[dbo]" Table="[Projects]" Column="short_name"></ColumnReference></OutputList><IndexScan Ordered="1" ScanDirection="FORWARD" ForcedIndex="0" ForceSeek="0" ForceScan="0" NoExpandHint="0" Storage="RowStore"><DefinedValues><DefinedValue><ColumnReference Database="[REMOTE_OFFICE_3]" Schema="[dbo]" Table="[Projects]" Column="short_name"></ColumnReference></DefinedValue></DefinedValues><Object Database="[REMOTE_OFFICE_3]" Schema="[dbo]" Table="[Projects]" Index="[PK_Projects]" IndexKind="Clustered" Storage="RowStore"></Object><SeekPredicates><SeekPredicateNew><SeekKeys><Prefix ScanType="EQ"><RangeColumns><ColumnReference Database="[REMOTE_OFFICE_3]" Schema="[dbo]" Table="[Projects]" Column="id"></ColumnReference></RangeColumns><RangeExpressions><ScalarOperator ScalarString="[@id_project]"><Identifier><ColumnReference Column="@id_project"></ColumnReference></Identifier></ScalarOperator></RangeExpressions></Prefix></SeekKeys></SeekPredicateNew></SeekPredicates></IndexScan></RelOp></ComputeScalar></RelOp><ParameterList><ColumnReference Column="@id_project" ParameterDataType="int" ParameterCompiledValue="NULL"></ColumnReference></ParameterList></QueryPlan></StmtSimple><StmtSimple StatementText="&#xd;&#xa;RETURN @full_path" StatementId="4" StatementCompId="5" StatementType="RETURN" RetrievedFromCache="false"></StmtSimple></Statements></UDF></StmtSimple></Statements></Batch></BatchSequence></ShowPlanXML>