<ShowPlanXML xmlns="http://schemas.microsoft.com/sqlserver/2004/07/showplan" Version="1.564" Build="16.0.1000.6"><BatchSequence><Batch><Statements><StmtSimple StatementText="CREATE TABLE #TempGetFileDescendantsProc (&#xd;&#xa;                                             id INT,&#xd;&#xa;                                             id_parent INT,&#xd;&#xa;                                             id_project INT,&#xd;&#xa;                                             file_name_cl NVARCHAR(1000),&#xd;&#xa;                                             edit_date_time DATETIME,&#xd;&#xa;                                             is_directory BIT,&#xd;&#xa;                                             is_deleted BIT,&#xd;&#xa;                                             file_size BIGINT,&#xd;&#xa;                                             id_user_last_edit INT,&#xd;&#xa;                                             creation_date DATETIME,&#xd;&#xa;                                             previous_version INT,&#xd;&#xa;                                             attributes INT,&#xd;&#xa;                                             last_access_time DATETIME,&#xd;&#xa;                                             id_file_blob INT,&#xd;&#xa;                                             md5 NVARCHAR(32),&#xd;&#xa;                                             crc32c BIGINT,&#xd;&#xa;                                             full_path NVARCHAR(4000),&#xd;&#xa;                                             id_project_stage INT,&#xd;&#xa;                                             id_kit INT&#xd;&#xa;)" StatementId="1" StatementCompId="1" StatementType="CREATE TABLE" RetrievedFromCache="false"></StmtSimple><StmtSimple StatementText=";&#xd;&#xa;&#xd;&#xa;INSERT INTO #TempGetFileDescendantsProc&#xd;&#xa;SELECT *&#xd;&#xa;FROM REMOTE_OFFICE_3.dbo.FilesView&#xd;&#xa;WHERE id = 153048848" StatementId="2" StatementCompId="2" StatementType="INSERT" RetrievedFromCache="false" StatementSubTreeCost="0.039661" StatementEstRows="1" SecurityPolicyApplied="false" StatementOptmLevel="FULL" QueryHash="0xF8720BBEE0F508D9" QueryPlanHash="0xE1C858A7FB50F5AF" StatementOptmEarlyAbortReason="GoodEnoughPlanFound" CardinalityEstimationModelVersion="160"><StatementSetOptions QUOTED_IDENTIFIER="true" ARITHABORT="false" CONCAT_NULL_YIELDS_NULL="true" ANSI_NULLS="true" ANSI_PADDING="true" ANSI_WARNINGS="true" NUMERIC_ROUNDABORT="false"></StatementSetOptions><QueryPlan NonParallelPlanReason="TSQLUserDefinedFunctionsNotParallelizable" CachedPlanSize="64" CompileTime="11" CompileCPU="10" CompileMemory="616"><MemoryGrantInfo SerialRequiredMemory="0" SerialDesiredMemory="0" GrantedMemory="0" MaxUsedMemory="0"></MemoryGrantInfo><OptimizerHardwareDependentProperties EstimatedAvailableMemoryGrant="323426" EstimatedPagesCached="323426" EstimatedAvailableDegreeOfParallelism="8" MaxCompileMemory="34668464"></OptimizerHardwareDependentProperties><OptimizerStatsUsage><StatisticsInfo LastUpdate="2024-10-14T14:23:45.50" ModificationCount="233" SamplingPercent="100" Statistics="[FilesBlobs_pk]" Table="[FilesBlobs]" Schema="[dbo]" Database="[REMOTE_OFFICE_3]"></StatisticsInfo><StatisticsInfo LastUpdate="2024-12-18T16:33:56.98" ModificationCount="1356" SamplingPercent="0.382015" Statistics="[_WA_Sys_00000016_656C112C]" Table="[Files]" Schema="[dbo]" Database="[REMOTE_OFFICE_3]"></StatisticsInfo><StatisticsInfo LastUpdate="2024-10-16T15:17:39.17" ModificationCount="303" SamplingPercent="100" Statistics="[ProjectsStages_id_file_uindex]" Table="[ProjectsStages]" Schema="[dbo]" Database="[REMOTE_OFFICE_3]"></StatisticsInfo><StatisticsInfo LastUpdate="2024-12-18T16:33:54.72" ModificationCount="1356" SamplingPercent="0.38075" Statistics="[PK_ProjectsFiles]" Table="[Files]" Schema="[dbo]" Database="[REMOTE_OFFICE_3]"></StatisticsInfo><StatisticsInfo LastUpdate="2024-10-14T16:34:31.26" ModificationCount="112" SamplingPercent="100" Statistics="[Id_file_index]" Table="[Kits]" Schema="[dbo]" Database="[REMOTE_OFFICE_3]"></StatisticsInfo></OptimizerStatsUsage><RelOp NodeId="0" PhysicalOp="Table Insert" LogicalOp="Insert" EstimateRows="1" EstimateIO="0.01" EstimateCPU="1e-06" AvgRowSize="9" EstimatedTotalSubtreeCost="0.039661" Parallel="0" EstimateRebinds="0" EstimateRewinds="0" EstimatedExecutionMode="Row"><OutputList></OutputList><Update DMLRequestSort="0"><Object Database="[tempdb]" Schema="[dbo]" Table="[#TempGetFileDescendantsProc]" IndexKind="Heap" Storage="RowStore"></Object><SetPredicate><ScalarOperator ScalarString="[tempdb].[dbo].[#TempGetFileDescendantsProc].[id] = [REMOTE_OFFICE_3].[dbo].[Files].[id],[tempdb].[dbo].[#TempGetFileDescendantsProc].[id_parent] = [REMOTE_OFFICE_3].[dbo].[Files].[id_parent],[tempdb].[dbo].[#TempGetFileDescendantsProc].[id_project] = [REMOTE_OFFICE_3].[dbo].[Files].[id_project],[tempdb].[dbo].[#TempGetFileDescendantsProc].[file_name_cl] = [REMOTE_OFFICE_3].[dbo].[Files].[file_name_cl],[tempdb].[dbo].[#TempGetFileDescendantsProc].[edit_date_time] = [Expr1014],[tempdb].[dbo].[#TempGetFileDescendantsProc].[is_directory] = [REMOTE_OFFICE_3].[dbo].[Files].[is_directory],[tempdb].[dbo].[#TempGetFileDescendantsProc].[is_deleted] = [REMOTE_OFFICE_3].[dbo].[Files].[is_deleted],[tempdb].[dbo].[#TempGetFileDescendantsProc].[file_size] = [REMOTE_OFFICE_3].[dbo].[Files].[file_size],[tempdb].[dbo].[#TempGetFileDescendantsProc].[id_user_last_edit] = [REMOTE_OFFICE_3].[dbo].[Files].[id_user_last_edit],[tempdb].[dbo].[#TempGetFileDescendantsProc].[creation_date] = [Expr1015],[tempdb].[dbo].[#TempGetFileDescendantsProc].[previous_version] = [REMOTE_OFFICE_3].[dbo].[Files].[previous_version],[tempdb].[dbo].[#TempGetFileDescendantsProc].[attributes] = [REMOTE_OFFICE_3].[dbo].[Files].[attributes],[tempdb].[dbo].[#TempGetFileDescendantsProc].[last_access_time] = [Expr1016],[tempdb].[dbo].[#TempGetFileDescendantsProc].[id_file_blob] = [REMOTE_OFFICE_3].[dbo].[Files].[id_file_blob],[tempdb].[dbo].[#TempGetFileDescendantsProc].[md5] = [REMOTE_OFFICE_3].[dbo].[FilesBlobs].[md5],[tempdb].[dbo].[#TempGetFileDescendantsProc].[crc32c] = [REMOTE_OFFICE_3].[dbo].[FilesBlobs].[crc32c],[tempdb].[dbo].[#TempGetFileDescendantsProc].[full_path] = [Expr1013],[tempdb].[dbo].[#TempGetFileDescendantsProc].[id_project_stage] = [REMOTE_OFFICE_3].[dbo].[ProjectsStages].[id],[tempdb].[dbo].[#TempGetFileDescendantsProc].[id_kit] = [REMOTE_OFFICE_3].[dbo].[Kits].[id]"><ScalarExpressionList><ScalarOperator><MultipleAssign><Assign><ColumnReference Database="[tempdb]" Schema="[dbo]" Table="[#TempGetFileDescendantsProc]" Column="id"></ColumnReference><ScalarOperator><Identifier><ColumnReference Database="[REMOTE_OFFICE_3]" Schema="[dbo]" Table="[Files]" Column="id"></ColumnReference></Identifier></ScalarOperator></Assign><Assign><ColumnReference Database="[tempdb]" Schema="[dbo]" Table="[#TempGetFileDescendantsProc]" Column="id_parent"></ColumnReference><ScalarOperator><Identifier><ColumnReference Database="[REMOTE_OFFICE_3]" Schema="[dbo]" Table="[Files]" Column="id_parent"></ColumnReference></Identifier></ScalarOperator></Assign><Assign><ColumnReference Database="[tempdb]" Schema="[dbo]" Table="[#TempGetFileDescendantsProc]" Column="id_project"></ColumnReference><ScalarOperator><Identifier><ColumnReference Database="[REMOTE_OFFICE_3]" Schema="[dbo]" Table="[Files]" Column="id_project"></ColumnReference></Identifier></ScalarOperator></Assign><Assign><ColumnReference Database="[tempdb]" Schema="[dbo]" Table="[#TempGetFileDescendantsProc]" Column="file_name_cl"></ColumnReference><ScalarOperator><Identifier><ColumnReference Database="[REMOTE_OFFICE_3]" Schema="[dbo]" Table="[Files]" Column="file_name_cl"></ColumnReference></Identifier></ScalarOperator></Assign><Assign><ColumnReference Database="[tempdb]" Schema="[dbo]" Table="[#TempGetFileDescendantsProc]" Column="edit_date_time"></ColumnReference><ScalarOperator><Identifier><ColumnReference Column="Expr1014"></ColumnReference></Identifier></ScalarOperator></Assign><Assign><ColumnReference Database="[tempdb]" Schema="[dbo]" Table="[#TempGetFileDescendantsProc]" Column="is_directory"></ColumnReference><ScalarOperator><Identifier><ColumnReference Database="[REMOTE_OFFICE_3]" Schema="[dbo]" Table="[Files]" Column="is_directory"></ColumnReference></Identifier></ScalarOperator></Assign><Assign><ColumnReference Database="[tempdb]" Schema="[dbo]" Table="[#TempGetFileDescendantsProc]" Column="is_deleted"></ColumnReference><ScalarOperator><Identifier><ColumnReference Database="[REMOTE_OFFICE_3]" Schema="[dbo]" Table="[Files]" Column="is_deleted"></ColumnReference></Identifier></ScalarOperator></Assign><Assign><ColumnReference Database="[tempdb]" Schema="[dbo]" Table="[#TempGetFileDescendantsProc]" Column="file_size"></ColumnReference><ScalarOperator><Identifier><ColumnReference Database="[REMOTE_OFFICE_3]" Schema="[dbo]" Table="[Files]" Column="file_size"></ColumnReference></Identifier></ScalarOperator></Assign><Assign><ColumnReference Database="[tempdb]" Schema="[dbo]" Table="[#TempGetFileDescendantsProc]" Column="id_user_last_edit"></ColumnReference><ScalarOperator><Identifier><ColumnReference Database="[REMOTE_OFFICE_3]" Schema="[dbo]" Table="[Files]" Column="id_user_last_edit"></ColumnReference></Identifier></ScalarOperator></Assign><Assign><ColumnReference Database="[tempdb]" Schema="[dbo]" Table="[#TempGetFileDescendantsProc]" Column="creation_date"></ColumnReference><ScalarOperator><Identifier><ColumnReference Column="Expr1015"></ColumnReference></Identifier></ScalarOperator></Assign><Assign><ColumnReference Database="[tempdb]" Schema="[dbo]" Table="[#TempGetFileDescendantsProc]" Column="previous_version"></ColumnReference><ScalarOperator><Identifier><ColumnReference Database="[REMOTE_OFFICE_3]" Schema="[dbo]" Table="[Files]" Column="previous_version"></ColumnReference></Identifier></ScalarOperator></Assign><Assign><ColumnReference Database="[tempdb]" Schema="[dbo]" Table="[#TempGetFileDescendantsProc]" Column="attributes"></ColumnReference><ScalarOperator><Identifier><ColumnReference Database="[REMOTE_OFFICE_3]" Schema="[dbo]" Table="[Files]" Column="attributes"></ColumnReference></Identifier></ScalarOperator></Assign><Assign><ColumnReference Database="[tempdb]" Schema="[dbo]" Table="[#TempGetFileDescendantsProc]" Column="last_access_time"></ColumnReference><ScalarOperator><Identifier><ColumnReference Column="Expr1016"></ColumnReference></Identifier></ScalarOperator></Assign><Assign><ColumnReference Database="[tempdb]" Schema="[dbo]" Table="[#TempGetFileDescendantsProc]" Column="id_file_blob"></ColumnReference><ScalarOperator><Identifier><ColumnReference Database="[REMOTE_OFFICE_3]" Schema="[dbo]" Table="[Files]" Column="id_file_blob"></ColumnReference></Identifier></ScalarOperator></Assign><Assign><ColumnReference Database="[tempdb]" Schema="[dbo]" Table="[#TempGetFileDescendantsProc]" Column="md5"></ColumnReference><ScalarOperator><Identifier><ColumnReference Database="[REMOTE_OFFICE_3]" Schema="[dbo]" Table="[FilesBlobs]" Column="md5"></ColumnReference></Identifier></ScalarOperator></Assign><Assign><ColumnReference Database="[tempdb]" Schema="[dbo]" Table="[#TempGetFileDescendantsProc]" Column="crc32c"></ColumnReference><ScalarOperator><Identifier><ColumnReference Database="[REMOTE_OFFICE_3]" Schema="[dbo]" Table="[FilesBlobs]" Column="crc32c"></ColumnReference></Identifier></ScalarOperator></Assign><Assign><ColumnReference Database="[tempdb]" Schema="[dbo]" Table="[#TempGetFileDescendantsProc]" Column="full_path"></ColumnReference><ScalarOperator><Identifier><ColumnReference Column="Expr1013"></ColumnReference></Identifier></ScalarOperator></Assign><Assign><ColumnReference Database="[tempdb]" Schema="[dbo]" Table="[#TempGetFileDescendantsProc]" Column="id_project_stage"></ColumnReference><ScalarOperator><Identifier><ColumnReference Database="[REMOTE_OFFICE_3]" Schema="[dbo]" Table="[ProjectsStages]" Column="id"></ColumnReference></Identifier></ScalarOperator></Assign><Assign><ColumnReference Database="[tempdb]" Schema="[dbo]" Table="[#TempGetFileDescendantsProc]" Column="id_kit"></ColumnReference><ScalarOperator><Identifier><ColumnReference Database="[REMOTE_OFFICE_3]" Schema="[dbo]" Table="[Kits]" Column="id"></ColumnReference></Identifier></ScalarOperator></Assign></MultipleAssign></ScalarOperator></ScalarExpressionList></ScalarOperator></SetPredicate><RelOp NodeId="1" PhysicalOp="Table Spool" LogicalOp="Eager Spool" EstimateRows="1" EstimateIO="0.013125" EstimateCPU="0.00010226" AvgRowSize="5126" EstimatedTotalSubtreeCost="0.02966" Parallel="0" EstimateRebinds="0" EstimateRewinds="0" EstimatedExecutionMode="Row"><OutputList><ColumnReference Database="[REMOTE_OFFICE_3]" Schema="[dbo]" Table="[Files]" Column="id"></ColumnReference><ColumnReference Database="[REMOTE_OFFICE_3]" Schema="[dbo]" Table="[Files]" Column="id_parent"></ColumnReference><ColumnReference Database="[REMOTE_OFFICE_3]" Schema="[dbo]" Table="[Files]" Column="id_project"></ColumnReference><ColumnReference Database="[REMOTE_OFFICE_3]" Schema="[dbo]" Table="[Files]" Column="file_name_cl"></ColumnReference><ColumnReference Database="[REMOTE_OFFICE_3]" Schema="[dbo]" Table="[Files]" Column="is_directory"></ColumnReference><ColumnReference Database="[REMOTE_OFFICE_3]" Schema="[dbo]" Table="[Files]" Column="is_deleted"></ColumnReference><ColumnReference Database="[REMOTE_OFFICE_3]" Schema="[dbo]" Table="[Files]" Column="file_size"></ColumnReference><ColumnReference Database="[REMOTE_OFFICE_3]" Schema="[dbo]" Table="[Files]" Column="id_user_last_edit"></ColumnReference><ColumnReference Database="[REMOTE_OFFICE_3]" Schema="[dbo]" Table="[Files]" Column="previous_version"></ColumnReference><ColumnReference Database="[REMOTE_OFFICE_3]" Schema="[dbo]" Table="[Files]" Column="attributes"></ColumnReference><ColumnReference Database="[REMOTE_OFFICE_3]" Schema="[dbo]" Table="[Files]" Column="id_file_blob"></ColumnReference><ColumnReference Database="[REMOTE_OFFICE_3]" Schema="[dbo]" Table="[Kits]" Column="id"></ColumnReference><ColumnReference Database="[REMOTE_OFFICE_3]" Schema="[dbo]" Table="[ProjectsStages]" Column="id"></ColumnReference><ColumnReference Database="[REMOTE_OFFICE_3]" Schema="[dbo]" Table="[FilesBlobs]" Column="md5"></ColumnReference><ColumnReference Database="[REMOTE_OFFICE_3]" Schema="[dbo]" Table="[FilesBlobs]" Column="crc32c"></ColumnReference><ColumnReference Column="Expr1013"></ColumnReference><ColumnReference Column="Expr1014"></ColumnReference><ColumnReference Column="Expr1015"></ColumnReference><ColumnReference Column="Expr1016"></ColumnReference></OutputList><Spool><RelOp NodeId="2" PhysicalOp="Compute Scalar" LogicalOp="Compute Scalar" EstimateRows="1" EstimateIO="0" EstimateCPU="1e-07" AvgRowSize="5126" EstimatedTotalSubtreeCost="0.0164327" Parallel="0" EstimateRebinds="0" EstimateRewinds="0" EstimatedExecutionMode="Row"><OutputList><ColumnReference Database="[REMOTE_OFFICE_3]" Schema="[dbo]" Table="[Files]" Column="id"></ColumnReference><ColumnReference Database="[REMOTE_OFFICE_3]" Schema="[dbo]" Table="[Files]" Column="id_parent"></ColumnReference><ColumnReference Database="[REMOTE_OFFICE_3]" Schema="[dbo]" Table="[Files]" Column="id_project"></ColumnReference><ColumnReference Database="[REMOTE_OFFICE_3]" Schema="[dbo]" Table="[Files]" Column="file_name_cl"></ColumnReference><ColumnReference Database="[REMOTE_OFFICE_3]" Schema="[dbo]" Table="[Files]" Column="is_directory"></ColumnReference><ColumnReference Database="[REMOTE_OFFICE_3]" Schema="[dbo]" Table="[Files]" Column="is_deleted"></ColumnReference><ColumnReference Database="[REMOTE_OFFICE_3]" Schema="[dbo]" Table="[Files]" Column="file_size"></ColumnReference><ColumnReference Database="[REMOTE_OFFICE_3]" Schema="[dbo]" Table="[Files]" Column="id_user_last_edit"></ColumnReference><ColumnReference Database="[REMOTE_OFFICE_3]" Schema="[dbo]" Table="[Files]" Column="previous_version"></ColumnReference><ColumnReference Database="[REMOTE_OFFICE_3]" Schema="[dbo]" Table="[Files]" Column="attributes"></ColumnReference><ColumnReference Database="[REMOTE_OFFICE_3]" Schema="[dbo]" Table="[Files]" Column="id_file_blob"></ColumnReference><ColumnReference Database="[REMOTE_OFFICE_3]" Schema="[dbo]" Table="[Kits]" Column="id"></ColumnReference><ColumnReference Database="[REMOTE_OFFICE_3]" Schema="[dbo]" Table="[ProjectsStages]" Column="id"></ColumnReference><ColumnReference Database="[REMOTE_OFFICE_3]" Schema="[dbo]" Table="[FilesBlobs]" Column="md5"></ColumnReference><ColumnReference Database="[REMOTE_OFFICE_3]" Schema="[dbo]" Table="[FilesBlobs]" Column="crc32c"></ColumnReference><ColumnReference Column="Expr1013"></ColumnReference><ColumnReference Column="Expr1014"></ColumnReference><ColumnReference Column="Expr1015"></ColumnReference><ColumnReference Column="Expr1016"></ColumnReference></OutputList><ComputeScalar><DefinedValues><DefinedValue><ColumnReference Column="Expr1013"></ColumnReference><ScalarOperator ScalarString="[REMOTE_OFFICE_3].[dbo].[GetFullPath]([REMOTE_OFFICE_3].[dbo].[Files].[id],[REMOTE_OFFICE_3].[dbo].[Files].[id_project])"><UserDefinedFunction FunctionName="[REMOTE_OFFICE_3].[dbo].[GetFullPath]"><ScalarOperator><Identifier><ColumnReference Database="[REMOTE_OFFICE_3]" Schema="[dbo]" Table="[Files]" Column="id"></ColumnReference></Identifier></ScalarOperator><ScalarOperator><Identifier><ColumnReference Database="[REMOTE_OFFICE_3]" Schema="[dbo]" Table="[Files]" Column="id_project"></ColumnReference></Identifier></ScalarOperator></UserDefinedFunction></ScalarOperator></DefinedValue><DefinedValue><ColumnReference Column="Expr1014"></ColumnReference><ScalarOperator ScalarString="[Expr1017]"><Identifier><ColumnReference Column="Expr1017"></ColumnReference></Identifier></ScalarOperator></DefinedValue><DefinedValue><ColumnReference Column="Expr1015"></ColumnReference><ScalarOperator ScalarString="[Expr1018]"><Identifier><ColumnReference Column="Expr1018"></ColumnReference></Identifier></ScalarOperator></DefinedValue><DefinedValue><ColumnReference Column="Expr1016"></ColumnReference><ScalarOperator ScalarString="[Expr1019]"><Identifier><ColumnReference Column="Expr1019"></ColumnReference></Identifier></ScalarOperator></DefinedValue></DefinedValues><RelOp NodeId="3" PhysicalOp="Nested Loops" LogicalOp="Inner Join" EstimateRows="1" EstimateIO="0" EstimateCPU="4.18e-06" AvgRowSize="1124" EstimatedTotalSubtreeCost="0.0164326" Parallel="0" EstimateRebinds="0" EstimateRewinds="0" EstimatedExecutionMode="Row"><OutputList><ColumnReference Database="[REMOTE_OFFICE_3]" Schema="[dbo]" Table="[Files]" Column="id"></ColumnReference><ColumnReference Database="[REMOTE_OFFICE_3]" Schema="[dbo]" Table="[Files]" Column="id_parent"></ColumnReference><ColumnReference Database="[REMOTE_OFFICE_3]" Schema="[dbo]" Table="[Files]" Column="id_project"></ColumnReference><ColumnReference Database="[REMOTE_OFFICE_3]" Schema="[dbo]" Table="[Files]" Column="file_name_cl"></ColumnReference><ColumnReference Database="[REMOTE_OFFICE_3]" Schema="[dbo]" Table="[Files]" Column="is_directory"></ColumnReference><ColumnReference Database="[REMOTE_OFFICE_3]" Schema="[dbo]" Table="[Files]" Column="is_deleted"></ColumnReference><ColumnReference Database="[REMOTE_OFFICE_3]" Schema="[dbo]" Table="[Files]" Column="file_size"></ColumnReference><ColumnReference Database="[REMOTE_OFFICE_3]" Schema="[dbo]" Table="[Files]" Column="id_user_last_edit"></ColumnReference><ColumnReference Database="[REMOTE_OFFICE_3]" Schema="[dbo]" Table="[Files]" Column="previous_version"></ColumnReference><ColumnReference Database="[REMOTE_OFFICE_3]" Schema="[dbo]" Table="[Files]" Column="attributes"></ColumnReference><ColumnReference Database="[REMOTE_OFFICE_3]" Schema="[dbo]" Table="[Files]" Column="id_file_blob"></ColumnReference><ColumnReference Database="[REMOTE_OFFICE_3]" Schema="[dbo]" Table="[Kits]" Column="id"></ColumnReference><ColumnReference Database="[REMOTE_OFFICE_3]" Schema="[dbo]" Table="[ProjectsStages]" Column="id"></ColumnReference><ColumnReference Database="[REMOTE_OFFICE_3]" Schema="[dbo]" Table="[FilesBlobs]" Column="md5"></ColumnReference><ColumnReference Database="[REMOTE_OFFICE_3]" Schema="[dbo]" Table="[FilesBlobs]" Column="crc32c"></ColumnReference><ColumnReference Column="Expr1017"></ColumnReference><ColumnReference Column="Expr1018"></ColumnReference><ColumnReference Column="Expr1019"></ColumnReference></OutputList><NestedLoops Optimized="0"><PassThru><ScalarOperator ScalarString="[IsBaseRow1011] IS NULL"><Compare CompareOp="IS"><ScalarOperator><Identifier><ColumnReference Column="IsBaseRow1011"></ColumnReference></Identifier></ScalarOperator><ScalarOperator><Const ConstValue="NULL"></Const></ScalarOperator></Compare></ScalarOperator></PassThru><OuterReferences><ColumnReference Column="Bmk1010"></ColumnReference></OuterReferences><RelOp NodeId="4" PhysicalOp="Nested Loops" LogicalOp="Left Outer Join" EstimateRows="1" EstimateIO="0" EstimateCPU="4.18e-06" AvgRowSize="1090" EstimatedTotalSubtreeCost="0.013145" Parallel="0" EstimateRebinds="0" EstimateRewinds="0" EstimatedExecutionMode="Row"><OutputList><ColumnReference Database="[REMOTE_OFFICE_3]" Schema="[dbo]" Table="[Files]" Column="id"></ColumnReference><ColumnReference Database="[REMOTE_OFFICE_3]" Schema="[dbo]" Table="[Files]" Column="id_parent"></ColumnReference><ColumnReference Database="[REMOTE_OFFICE_3]" Schema="[dbo]" Table="[Files]" Column="id_project"></ColumnReference><ColumnReference Database="[REMOTE_OFFICE_3]" Schema="[dbo]" Table="[Files]" Column="file_name_cl"></ColumnReference><ColumnReference Database="[REMOTE_OFFICE_3]" Schema="[dbo]" Table="[Files]" Column="is_directory"></ColumnReference><ColumnReference Database="[REMOTE_OFFICE_3]" Schema="[dbo]" Table="[Files]" Column="is_deleted"></ColumnReference><ColumnReference Database="[REMOTE_OFFICE_3]" Schema="[dbo]" Table="[Files]" Column="file_size"></ColumnReference><ColumnReference Database="[REMOTE_OFFICE_3]" Schema="[dbo]" Table="[Files]" Column="id_user_last_edit"></ColumnReference><ColumnReference Database="[REMOTE_OFFICE_3]" Schema="[dbo]" Table="[Files]" Column="previous_version"></ColumnReference><ColumnReference Database="[REMOTE_OFFICE_3]" Schema="[dbo]" Table="[Files]" Column="attributes"></ColumnReference><ColumnReference Database="[REMOTE_OFFICE_3]" Schema="[dbo]" Table="[Files]" Column="id_file_blob"></ColumnReference><ColumnReference Database="[REMOTE_OFFICE_3]" Schema="[dbo]" Table="[Kits]" Column="id"></ColumnReference><ColumnReference Database="[REMOTE_OFFICE_3]" Schema="[dbo]" Table="[ProjectsStages]" Column="id"></ColumnReference><ColumnReference Column="Bmk1010"></ColumnReference><ColumnReference Column="IsBaseRow1011"></ColumnReference><ColumnReference Column="Expr1017"></ColumnReference><ColumnReference Column="Expr1018"></ColumnReference><ColumnReference Column="Expr1019"></ColumnReference></OutputList><NestedLoops Optimized="0"><OuterReferences><ColumnReference Database="[REMOTE_OFFICE_3]" Schema="[dbo]" Table="[Files]" Column="id_file_blob"></ColumnReference></OuterReferences><RelOp NodeId="5" PhysicalOp="Nested Loops" LogicalOp="Left Outer Join" EstimateRows="1" EstimateIO="0" EstimateCPU="4.18e-06" AvgRowSize="1081" EstimatedTotalSubtreeCost="0.00985776" Parallel="0" EstimateRebinds="0" EstimateRewinds="0" EstimatedExecutionMode="Row"><OutputList><ColumnReference Database="[REMOTE_OFFICE_3]" Schema="[dbo]" Table="[Files]" Column="id"></ColumnReference><ColumnReference Database="[REMOTE_OFFICE_3]" Schema="[dbo]" Table="[Files]" Column="id_parent"></ColumnReference><ColumnReference Database="[REMOTE_OFFICE_3]" Schema="[dbo]" Table="[Files]" Column="id_project"></ColumnReference><ColumnReference Database="[REMOTE_OFFICE_3]" Schema="[dbo]" Table="[Files]" Column="file_name_cl"></ColumnReference><ColumnReference Database="[REMOTE_OFFICE_3]" Schema="[dbo]" Table="[Files]" Column="is_directory"></ColumnReference><ColumnReference Database="[REMOTE_OFFICE_3]" Schema="[dbo]" Table="[Files]" Column="is_deleted"></ColumnReference><ColumnReference Database="[REMOTE_OFFICE_3]" Schema="[dbo]" Table="[Files]" Column="file_size"></ColumnReference><ColumnReference Database="[REMOTE_OFFICE_3]" Schema="[dbo]" Table="[Files]" Column="id_user_last_edit"></ColumnReference><ColumnReference Database="[REMOTE_OFFICE_3]" Schema="[dbo]" Table="[Files]" Column="previous_version"></ColumnReference><ColumnReference Database="[REMOTE_OFFICE_3]" Schema="[dbo]" Table="[Files]" Column="attributes"></ColumnReference><ColumnReference Database="[REMOTE_OFFICE_3]" Schema="[dbo]" Table="[Files]" Column="id_file_blob"></ColumnReference><ColumnReference Database="[REMOTE_OFFICE_3]" Schema="[dbo]" Table="[Kits]" Column="id"></ColumnReference><ColumnReference Database="[REMOTE_OFFICE_3]" Schema="[dbo]" Table="[ProjectsStages]" Column="id"></ColumnReference><ColumnReference Column="Expr1017"></ColumnReference><ColumnReference Column="Expr1018"></ColumnReference><ColumnReference Column="Expr1019"></ColumnReference></OutputList><NestedLoops Optimized="0"><RelOp NodeId="6" PhysicalOp="Nested Loops" LogicalOp="Left Outer Join" EstimateRows="1" EstimateIO="0" EstimateCPU="4.18e-06" AvgRowSize="1077" EstimatedTotalSubtreeCost="0.00657048" Parallel="0" EstimateRebinds="0" EstimateRewinds="0" EstimatedExecutionMode="Row"><OutputList><ColumnReference Database="[REMOTE_OFFICE_3]" Schema="[dbo]" Table="[Files]" Column="id"></ColumnReference><ColumnReference Database="[REMOTE_OFFICE_3]" Schema="[dbo]" Table="[Files]" Column="id_parent"></ColumnReference><ColumnReference Database="[REMOTE_OFFICE_3]" Schema="[dbo]" Table="[Files]" Column="id_project"></ColumnReference><ColumnReference Database="[REMOTE_OFFICE_3]" Schema="[dbo]" Table="[Files]" Column="file_name_cl"></ColumnReference><ColumnReference Database="[REMOTE_OFFICE_3]" Schema="[dbo]" Table="[Files]" Column="is_directory"></ColumnReference><ColumnReference Database="[REMOTE_OFFICE_3]" Schema="[dbo]" Table="[Files]" Column="is_deleted"></ColumnReference><ColumnReference Database="[REMOTE_OFFICE_3]" Schema="[dbo]" Table="[Files]" Column="file_size"></ColumnReference><ColumnReference Database="[REMOTE_OFFICE_3]" Schema="[dbo]" Table="[Files]" Column="id_user_last_edit"></ColumnReference><ColumnReference Database="[REMOTE_OFFICE_3]" Schema="[dbo]" Table="[Files]" Column="previous_version"></ColumnReference><ColumnReference Database="[REMOTE_OFFICE_3]" Schema="[dbo]" Table="[Files]" Column="attributes"></ColumnReference><ColumnReference Database="[REMOTE_OFFICE_3]" Schema="[dbo]" Table="[Files]" Column="id_file_blob"></ColumnReference><ColumnReference Database="[REMOTE_OFFICE_3]" Schema="[dbo]" Table="[Kits]" Column="id"></ColumnReference><ColumnReference Column="Expr1017"></ColumnReference><ColumnReference Column="Expr1018"></ColumnReference><ColumnReference Column="Expr1019"></ColumnReference></OutputList><NestedLoops Optimized="0"><RelOp NodeId="7" PhysicalOp="Compute Scalar" LogicalOp="Compute Scalar" EstimateRows="1" EstimateIO="0" EstimateCPU="1e-07" AvgRowSize="1073" EstimatedTotalSubtreeCost="0.0032832" Parallel="0" EstimateRebinds="0" EstimateRewinds="0" EstimatedExecutionMode="Row"><OutputList><ColumnReference Database="[REMOTE_OFFICE_3]" Schema="[dbo]" Table="[Files]" Column="id"></ColumnReference><ColumnReference Database="[REMOTE_OFFICE_3]" Schema="[dbo]" Table="[Files]" Column="id_parent"></ColumnReference><ColumnReference Database="[REMOTE_OFFICE_3]" Schema="[dbo]" Table="[Files]" Column="id_project"></ColumnReference><ColumnReference Database="[REMOTE_OFFICE_3]" Schema="[dbo]" Table="[Files]" Column="file_name_cl"></ColumnReference><ColumnReference Database="[REMOTE_OFFICE_3]" Schema="[dbo]" Table="[Files]" Column="is_directory"></ColumnReference><ColumnReference Database="[REMOTE_OFFICE_3]" Schema="[dbo]" Table="[Files]" Column="is_deleted"></ColumnReference><ColumnReference Database="[REMOTE_OFFICE_3]" Schema="[dbo]" Table="[Files]" Column="file_size"></ColumnReference><ColumnReference Database="[REMOTE_OFFICE_3]" Schema="[dbo]" Table="[Files]" Column="id_user_last_edit"></ColumnReference><ColumnReference Database="[REMOTE_OFFICE_3]" Schema="[dbo]" Table="[Files]" Column="previous_version"></ColumnReference><ColumnReference Database="[REMOTE_OFFICE_3]" Schema="[dbo]" Table="[Files]" Column="attributes"></ColumnReference><ColumnReference Database="[REMOTE_OFFICE_3]" Schema="[dbo]" Table="[Files]" Column="id_file_blob"></ColumnReference><ColumnReference Column="Expr1017"></ColumnReference><ColumnReference Column="Expr1018"></ColumnReference><ColumnReference Column="Expr1019"></ColumnReference></OutputList><ComputeScalar><DefinedValues><DefinedValue><ColumnReference Column="Expr1017"></ColumnReference><ScalarOperator ScalarString="CONVERT_IMPLICIT(datetime,[REMOTE_OFFICE_3].[dbo].[Files].[edit_date_time],0)"><Convert DataType="datetime" Style="0" Implicit="1"><ScalarOperator><Identifier><ColumnReference Database="[REMOTE_OFFICE_3]" Schema="[dbo]" Table="[Files]" Column="edit_date_time"></ColumnReference></Identifier></ScalarOperator></Convert></ScalarOperator></DefinedValue><DefinedValue><ColumnReference Column="Expr1018"></ColumnReference><ScalarOperator ScalarString="CONVERT_IMPLICIT(datetime,[REMOTE_OFFICE_3].[dbo].[Files].[creation_date],0)"><Convert DataType="datetime" Style="0" Implicit="1"><ScalarOperator><Identifier><ColumnReference Database="[REMOTE_OFFICE_3]" Schema="[dbo]" Table="[Files]" Column="creation_date"></ColumnReference></Identifier></ScalarOperator></Convert></ScalarOperator></DefinedValue><DefinedValue><ColumnReference Column="Expr1019"></ColumnReference><ScalarOperator ScalarString="CONVERT_IMPLICIT(datetime,[REMOTE_OFFICE_3].[dbo].[Files].[last_access_time],0)"><Convert DataType="datetime" Style="0" Implicit="1"><ScalarOperator><Identifier><ColumnReference Database="[REMOTE_OFFICE_3]" Schema="[dbo]" Table="[Files]" Column="last_access_time"></ColumnReference></Identifier></ScalarOperator></Convert></ScalarOperator></DefinedValue></DefinedValues><RelOp NodeId="8" PhysicalOp="Clustered Index Seek" LogicalOp="Clustered Index Seek" EstimateRows="1" EstimatedRowsRead="1" EstimateIO="0.003125" EstimateCPU="0.0001581" AvgRowSize="1073" EstimatedTotalSubtreeCost="0.0032831" TableCardinality="1.40877e+08" Parallel="0" EstimateRebinds="0" EstimateRewinds="0" EstimatedExecutionMode="Row"><OutputList><ColumnReference Database="[REMOTE_OFFICE_3]" Schema="[dbo]" Table="[Files]" Column="id"></ColumnReference><ColumnReference Database="[REMOTE_OFFICE_3]" Schema="[dbo]" Table="[Files]" Column="id_parent"></ColumnReference><ColumnReference Database="[REMOTE_OFFICE_3]" Schema="[dbo]" Table="[Files]" Column="id_project"></ColumnReference><ColumnReference Database="[REMOTE_OFFICE_3]" Schema="[dbo]" Table="[Files]" Column="file_name_cl"></ColumnReference><ColumnReference Database="[REMOTE_OFFICE_3]" Schema="[dbo]" Table="[Files]" Column="edit_date_time"></ColumnReference><ColumnReference Database="[REMOTE_OFFICE_3]" Schema="[dbo]" Table="[Files]" Column="is_directory"></ColumnReference><ColumnReference Database="[REMOTE_OFFICE_3]" Schema="[dbo]" Table="[Files]" Column="is_deleted"></ColumnReference><ColumnReference Database="[REMOTE_OFFICE_3]" Schema="[dbo]" Table="[Files]" Column="file_size"></ColumnReference><ColumnReference Database="[REMOTE_OFFICE_3]" Schema="[dbo]" Table="[Files]" Column="id_user_last_edit"></ColumnReference><ColumnReference Database="[REMOTE_OFFICE_3]" Schema="[dbo]" Table="[Files]" Column="creation_date"></ColumnReference><ColumnReference Database="[REMOTE_OFFICE_3]" Schema="[dbo]" Table="[Files]" Column="previous_version"></ColumnReference><ColumnReference Database="[REMOTE_OFFICE_3]" Schema="[dbo]" Table="[Files]" Column="attributes"></ColumnReference><ColumnReference Database="[REMOTE_OFFICE_3]" Schema="[dbo]" Table="[Files]" Column="last_access_time"></ColumnReference><ColumnReference Database="[REMOTE_OFFICE_3]" Schema="[dbo]" Table="[Files]" Column="id_file_blob"></ColumnReference></OutputList><IndexScan Ordered="1" ScanDirection="FORWARD" ForcedIndex="0" ForceSeek="0" ForceScan="0" NoExpandHint="0" Storage="RowStore"><DefinedValues><DefinedValue><ColumnReference Database="[REMOTE_OFFICE_3]" Schema="[dbo]" Table="[Files]" Column="id"></ColumnReference></DefinedValue><DefinedValue><ColumnReference Database="[REMOTE_OFFICE_3]" Schema="[dbo]" Table="[Files]" Column="id_parent"></ColumnReference></DefinedValue><DefinedValue><ColumnReference Database="[REMOTE_OFFICE_3]" Schema="[dbo]" Table="[Files]" Column="id_project"></ColumnReference></DefinedValue><DefinedValue><ColumnReference Database="[REMOTE_OFFICE_3]" Schema="[dbo]" Table="[Files]" Column="file_name_cl"></ColumnReference></DefinedValue><DefinedValue><ColumnReference Database="[REMOTE_OFFICE_3]" Schema="[dbo]" Table="[Files]" Column="edit_date_time"></ColumnReference></DefinedValue><DefinedValue><ColumnReference Database="[REMOTE_OFFICE_3]" Schema="[dbo]" Table="[Files]" Column="is_directory"></ColumnReference></DefinedValue><DefinedValue><ColumnReference Database="[REMOTE_OFFICE_3]" Schema="[dbo]" Table="[Files]" Column="is_deleted"></ColumnReference></DefinedValue><DefinedValue><ColumnReference Database="[REMOTE_OFFICE_3]" Schema="[dbo]" Table="[Files]" Column="file_size"></ColumnReference></DefinedValue><DefinedValue><ColumnReference Database="[REMOTE_OFFICE_3]" Schema="[dbo]" Table="[Files]" Column="id_user_last_edit"></ColumnReference></DefinedValue><DefinedValue><ColumnReference Database="[REMOTE_OFFICE_3]" Schema="[dbo]" Table="[Files]" Column="creation_date"></ColumnReference></DefinedValue><DefinedValue><ColumnReference Database="[REMOTE_OFFICE_3]" Schema="[dbo]" Table="[Files]" Column="previous_version"></ColumnReference></DefinedValue><DefinedValue><ColumnReference Database="[REMOTE_OFFICE_3]" Schema="[dbo]" Table="[Files]" Column="attributes"></ColumnReference></DefinedValue><DefinedValue><ColumnReference Database="[REMOTE_OFFICE_3]" Schema="[dbo]" Table="[Files]" Column="last_access_time"></ColumnReference></DefinedValue><DefinedValue><ColumnReference Database="[REMOTE_OFFICE_3]" Schema="[dbo]" Table="[Files]" Column="id_file_blob"></ColumnReference></DefinedValue></DefinedValues><Object Database="[REMOTE_OFFICE_3]" Schema="[dbo]" Table="[Files]" Index="[PK_ProjectsFiles]" IndexKind="Clustered" Storage="RowStore"></Object><SeekPredicates><SeekPredicateNew><SeekKeys><Prefix ScanType="EQ"><RangeColumns><ColumnReference Database="[REMOTE_OFFICE_3]" Schema="[dbo]" Table="[Files]" Column="id"></ColumnReference></RangeColumns><RangeExpressions><ScalarOperator ScalarString="(153048848)"><Const ConstValue="(153048848)"></Const></ScalarOperator></RangeExpressions></Prefix></SeekKeys></SeekPredicateNew></SeekPredicates></IndexScan></RelOp></ComputeScalar></RelOp><RelOp NodeId="9" PhysicalOp="Index Seek" LogicalOp="Index Seek" EstimateRows="1" EstimatedRowsRead="1" EstimateIO="0.003125" EstimateCPU="0.0001581" AvgRowSize="11" EstimatedTotalSubtreeCost="0.0032831" TableCardinality="6" Parallel="0" EstimateRebinds="0" EstimateRewinds="0" EstimatedExecutionMode="Row"><OutputList><ColumnReference Database="[REMOTE_OFFICE_3]" Schema="[dbo]" Table="[Kits]" Column="id"></ColumnReference></OutputList><IndexScan Ordered="1" ScanDirection="FORWARD" ForcedIndex="0" ForceSeek="0" ForceScan="0" NoExpandHint="0" Storage="RowStore"><DefinedValues><DefinedValue><ColumnReference Database="[REMOTE_OFFICE_3]" Schema="[dbo]" Table="[Kits]" Column="id"></ColumnReference></DefinedValue></DefinedValues><Object Database="[REMOTE_OFFICE_3]" Schema="[dbo]" Table="[Kits]" Index="[Id_file_index]" IndexKind="NonClustered" Storage="RowStore"></Object><SeekPredicates><SeekPredicateNew><SeekKeys><Prefix ScanType="EQ"><RangeColumns><ColumnReference Database="[REMOTE_OFFICE_3]" Schema="[dbo]" Table="[Kits]" Column="id_file"></ColumnReference></RangeColumns><RangeExpressions><ScalarOperator ScalarString="(153048848)"><Const ConstValue="(153048848)"></Const></ScalarOperator></RangeExpressions></Prefix></SeekKeys></SeekPredicateNew></SeekPredicates></IndexScan></RelOp></NestedLoops></RelOp><RelOp NodeId="10" PhysicalOp="Index Seek" LogicalOp="Index Seek" EstimateRows="1" EstimatedRowsRead="1" EstimateIO="0.003125" EstimateCPU="0.0001581" AvgRowSize="11" EstimatedTotalSubtreeCost="0.0032831" TableCardinality="42" Parallel="0" EstimateRebinds="0" EstimateRewinds="0" EstimatedExecutionMode="Row"><OutputList><ColumnReference Database="[REMOTE_OFFICE_3]" Schema="[dbo]" Table="[ProjectsStages]" Column="id"></ColumnReference></OutputList><IndexScan Ordered="1" ScanDirection="FORWARD" ForcedIndex="0" ForceSeek="0" ForceScan="0" NoExpandHint="0" Storage="RowStore"><DefinedValues><DefinedValue><ColumnReference Database="[REMOTE_OFFICE_3]" Schema="[dbo]" Table="[ProjectsStages]" Column="id"></ColumnReference></DefinedValue></DefinedValues><Object Database="[REMOTE_OFFICE_3]" Schema="[dbo]" Table="[ProjectsStages]" Index="[ProjectsStages_id_file_uindex]" IndexKind="NonClustered" Storage="RowStore"></Object><SeekPredicates><SeekPredicateNew><SeekKeys><Prefix ScanType="EQ"><RangeColumns><ColumnReference Database="[REMOTE_OFFICE_3]" Schema="[dbo]" Table="[ProjectsStages]" Column="id_file"></ColumnReference></RangeColumns><RangeExpressions><ScalarOperator ScalarString="(153048848)"><Const ConstValue="(153048848)"></Const></ScalarOperator></RangeExpressions></Prefix></SeekKeys></SeekPredicateNew></SeekPredicates></IndexScan></RelOp></NestedLoops></RelOp><RelOp NodeId="11" PhysicalOp="Index Seek" LogicalOp="Index Seek" EstimateRows="1" EstimatedRowsRead="1" EstimateIO="0.003125" EstimateCPU="0.0001581" AvgRowSize="16" EstimatedTotalSubtreeCost="0.0032831" TableCardinality="1164" Parallel="0" EstimateRebinds="0" EstimateRewinds="0" EstimatedExecutionMode="Row"><OutputList><ColumnReference Column="Bmk1010"></ColumnReference><ColumnReference Column="IsBaseRow1011"></ColumnReference></OutputList><IndexScan Ordered="1" ScanDirection="FORWARD" ForcedIndex="0" ForceSeek="0" ForceScan="0" NoExpandHint="0" Storage="RowStore"><DefinedValues><DefinedValue><ColumnReference Column="Bmk1010"></ColumnReference></DefinedValue><DefinedValue><ColumnReference Column="IsBaseRow1011"></ColumnReference></DefinedValue></DefinedValues><Object Database="[REMOTE_OFFICE_3]" Schema="[dbo]" Table="[FilesBlobs]" Index="[FilesBlobs_pk]" IndexKind="NonClustered" Storage="RowStore"></Object><SeekPredicates><SeekPredicateNew><SeekKeys><Prefix ScanType="EQ"><RangeColumns><ColumnReference Database="[REMOTE_OFFICE_3]" Schema="[dbo]" Table="[FilesBlobs]" Column="id"></ColumnReference></RangeColumns><RangeExpressions><ScalarOperator ScalarString="[REMOTE_OFFICE_3].[dbo].[Files].[id_file_blob]"><Identifier><ColumnReference Database="[REMOTE_OFFICE_3]" Schema="[dbo]" Table="[Files]" Column="id_file_blob"></ColumnReference></Identifier></ScalarOperator></RangeExpressions></Prefix></SeekKeys></SeekPredicateNew></SeekPredicates></IndexScan></RelOp></NestedLoops></RelOp><RelOp NodeId="13" PhysicalOp="RID Lookup" LogicalOp="RID Lookup" EstimateRows="1" EstimateIO="0.003125" EstimateCPU="0.0001581" AvgRowSize="51" EstimatedTotalSubtreeCost="0.0032831" TableCardinality="1164" Parallel="0" EstimateRebinds="0" EstimateRewinds="0" EstimatedExecutionMode="Row"><OutputList><ColumnReference Database="[REMOTE_OFFICE_3]" Schema="[dbo]" Table="[FilesBlobs]" Column="md5"></ColumnReference><ColumnReference Database="[REMOTE_OFFICE_3]" Schema="[dbo]" Table="[FilesBlobs]" Column="crc32c"></ColumnReference></OutputList><IndexScan Lookup="1" Ordered="1" ScanDirection="FORWARD" ForcedIndex="0" ForceSeek="0" ForceScan="0" NoExpandHint="0" Storage="RowStore"><DefinedValues><DefinedValue><ColumnReference Database="[REMOTE_OFFICE_3]" Schema="[dbo]" Table="[FilesBlobs]" Column="md5"></ColumnReference></DefinedValue><DefinedValue><ColumnReference Database="[REMOTE_OFFICE_3]" Schema="[dbo]" Table="[FilesBlobs]" Column="crc32c"></ColumnReference></DefinedValue></DefinedValues><Object Database="[REMOTE_OFFICE_3]" Schema="[dbo]" Table="[FilesBlobs]" TableReferenceId="-1" IndexKind="Heap" Storage="RowStore"></Object><SeekPredicates><SeekPredicateNew><SeekKeys><Prefix ScanType="EQ"><RangeColumns><ColumnReference Column="Bmk1010"></ColumnReference></RangeColumns><RangeExpressions><ScalarOperator ScalarString="[Bmk1010]"><Identifier><ColumnReference Column="Bmk1010"></ColumnReference></Identifier></ScalarOperator></RangeExpressions></Prefix></SeekKeys></SeekPredicateNew></SeekPredicates></IndexScan></RelOp></NestedLoops></RelOp></ComputeScalar></RelOp></Spool></RelOp></Update></RelOp></QueryPlan><UDF ProcName="[REMOTE_OFFICE_3].[dbo].[GetFullPath]"><Statements><StmtSimple StatementText="CREATE function [dbo].[GetFullPath] (@id_file INT, @id_project INT)&#xd;&#xa;returns NVARCHAR(4000)&#xd;&#xa;begin&#xd;&#xa;&#xd;&#xa;  DECLARE @full_path NVARCHAR(4000);&#xd;&#xa;&#xd;&#xa;  WITH CTE AS (&#xd;&#xa;  SELECT id,id_parent, CAST(&apos;\&apos;+file_name_cl AS NVARCHAR(MAX))AS full_path FROM Files WHERE id=@id_file&#xd;&#xa;  UNION ALL&#xd;&#xa;&#xd;&#xa;      SELECT C.id,C.id_parent,cast(&apos;\&apos;+C.file_name_cl+P.full_path AS NVARCHAR(MAX)) FROM CTE AS P&#xd;&#xa;        JOIN Files AS C&#xd;&#xa;        ON C.id = P.id_parent&#xd;&#xa;)&#xd;&#xa;SELECT TOP 1 @full_path= full_path FROM CTE ORDER BY len(full_path) DESC" StatementId="3" StatementCompId="9" StatementType="SELECT" RetrievedFromCache="false" StatementSubTreeCost="0.0269116" StatementEstRows="1" SecurityPolicyApplied="false" StatementOptmLevel="FULL" QueryHash="0xE25DF21AC6F5BEF8" QueryPlanHash="0x6CF2A20A5EB58CE2" StatementOptmEarlyAbortReason="GoodEnoughPlanFound" CardinalityEstimationModelVersion="130"><StatementSetOptions QUOTED_IDENTIFIER="true" ARITHABORT="false" CONCAT_NULL_YIELDS_NULL="true" ANSI_NULLS="true" ANSI_PADDING="true" ANSI_WARNINGS="true" NUMERIC_ROUNDABORT="false"></StatementSetOptions><QueryPlan CachedPlanSize="40" CompileTime="3" CompileCPU="3" CompileMemory="464"><Warnings><PlanAffectingConvert ConvertIssue="Cardinality Estimate" Expression="CONVERT(nvarchar(max),N&apos;\&apos;+[REMOTE_OFFICE_3].[dbo].[Files].[file_name_cl],0)"></PlanAffectingConvert><PlanAffectingConvert ConvertIssue="Cardinality Estimate" Expression="CONVERT_IMPLICIT(nvarchar(4000),[Recr1010],0)"></PlanAffectingConvert></Warnings><MemoryGrantInfo SerialRequiredMemory="24" SerialDesiredMemory="32" GrantedMemory="0" MaxUsedMemory="0"></MemoryGrantInfo><OptimizerHardwareDependentProperties EstimatedAvailableMemoryGrant="323426" EstimatedPagesCached="323426" EstimatedAvailableDegreeOfParallelism="8" MaxCompileMemory="34668464"></OptimizerHardwareDependentProperties><OptimizerStatsUsage><StatisticsInfo LastUpdate="2024-12-18T16:33:54.72" ModificationCount="1356" SamplingPercent="0.38075" Statistics="[PK_ProjectsFiles]" Table="[Files]" Schema="[dbo]" Database="[REMOTE_OFFICE_3]"></StatisticsInfo></OptimizerStatsUsage><RelOp NodeId="0" PhysicalOp="Compute Scalar" LogicalOp="Compute Scalar" EstimateRows="1" EstimateIO="0" EstimateCPU="1e-07" AvgRowSize="4011" EstimatedTotalSubtreeCost="0.0269116" Parallel="0" EstimateRebinds="0" EstimateRewinds="0" EstimatedExecutionMode="Row"><OutputList><ColumnReference Column="Expr1012"></ColumnReference></OutputList><ComputeScalar><DefinedValues><DefinedValue><ColumnReference Column="Expr1012"></ColumnReference><ScalarOperator ScalarString="CONVERT_IMPLICIT(nvarchar(4000),[Recr1010],0)"><Convert DataType="nvarchar" Length="8000" Style="0" Implicit="1"><ScalarOperator><Identifier><ColumnReference Column="Recr1010"></ColumnReference></Identifier></ScalarOperator></Convert></ScalarOperator></DefinedValue></DefinedValues><RelOp NodeId="1" PhysicalOp="Sort" LogicalOp="TopN Sort" EstimateRows="1" EstimateRowsWithoutRowGoal="4" EstimateIO="0.0112613" EstimateCPU="0.000116523" AvgRowSize="4043" EstimatedTotalSubtreeCost="0.0269114" Parallel="0" EstimateRebinds="0" EstimateRewinds="0" EstimatedExecutionMode="Row"><OutputList><ColumnReference Column="Recr1010"></ColumnReference><ColumnReference Column="Expr1011"></ColumnReference></OutputList><MemoryFractions Input="1" Output="1"></MemoryFractions><TopSort Distinct="0" Rows="1"><OrderBy><OrderByColumn Ascending="0"><ColumnReference Column="Expr1011"></ColumnReference></OrderByColumn></OrderBy><RelOp NodeId="2" PhysicalOp="Compute Scalar" LogicalOp="Compute Scalar" EstimateRows="4" EstimateRowsWithoutRowGoal="4" EstimateIO="0" EstimateCPU="4e-07" AvgRowSize="4043" EstimatedTotalSubtreeCost="0.0155336" Parallel="0" EstimateRebinds="0" EstimateRewinds="0" EstimatedExecutionMode="Row"><OutputList><ColumnReference Column="Recr1010"></ColumnReference><ColumnReference Column="Expr1011"></ColumnReference></OutputList><ComputeScalar><DefinedValues><DefinedValue><ColumnReference Column="Expr1011"></ColumnReference><ScalarOperator ScalarString="len([Recr1010])"><Intrinsic FunctionName="len"><ScalarOperator><Identifier><ColumnReference Column="Recr1010"></ColumnReference></Identifier></ScalarOperator></Intrinsic></ScalarOperator></DefinedValue></DefinedValues><RelOp NodeId="3" PhysicalOp="Index Spool" LogicalOp="Lazy Spool" EstimateRows="4" EstimateIO="0" EstimateCPU="1e-08" AvgRowSize="4035" EstimatedTotalSubtreeCost="0.0155332" Parallel="0" EstimateRebinds="0" EstimateRewinds="0" EstimatedExecutionMode="Row"><OutputList><ColumnReference Column="Expr1017"></ColumnReference><ColumnReference Column="Recr1008"></ColumnReference><ColumnReference Column="Recr1009"></ColumnReference><ColumnReference Column="Recr1010"></ColumnReference></OutputList><Spool Stack="1"><RelOp NodeId="4" PhysicalOp="Concatenation" LogicalOp="Concatenation" EstimateRows="4" EstimateIO="0" EstimateCPU="2e-09" AvgRowSize="4035" EstimatedTotalSubtreeCost="0.0132916" Parallel="0" EstimateRebinds="0" EstimateRewinds="0" EstimatedExecutionMode="Row"><OutputList><ColumnReference Column="Expr1017"></ColumnReference><ColumnReference Column="Recr1008"></ColumnReference><ColumnReference Column="Recr1009"></ColumnReference><ColumnReference Column="Recr1010"></ColumnReference></OutputList><Concat><DefinedValues><DefinedValue><ColumnReference Column="Expr1017"></ColumnReference><ColumnReference Column="Expr1014"></ColumnReference><ColumnReference Column="Expr1016"></ColumnReference></DefinedValue><DefinedValue><ColumnReference Column="Recr1008"></ColumnReference><ColumnReference Database="[REMOTE_OFFICE_3]" Schema="[dbo]" Table="[Files]" Column="id"></ColumnReference><ColumnReference Database="[REMOTE_OFFICE_3]" Schema="[dbo]" Table="[Files]" Alias="[C]" Column="id"></ColumnReference></DefinedValue><DefinedValue><ColumnReference Column="Recr1009"></ColumnReference><ColumnReference Database="[REMOTE_OFFICE_3]" Schema="[dbo]" Table="[Files]" Column="id_parent"></ColumnReference><ColumnReference Database="[REMOTE_OFFICE_3]" Schema="[dbo]" Table="[Files]" Alias="[C]" Column="id_parent"></ColumnReference></DefinedValue><DefinedValue><ColumnReference Column="Recr1010"></ColumnReference><ColumnReference Column="Expr1002"></ColumnReference><ColumnReference Column="Expr1007"></ColumnReference></DefinedValue></DefinedValues><RelOp NodeId="5" PhysicalOp="Compute Scalar" LogicalOp="Compute Scalar" EstimateRows="1" EstimateIO="0" EstimateCPU="2e-08" AvgRowSize="4035" EstimatedTotalSubtreeCost="2e-08" Parallel="0" EstimateRebinds="4" EstimateRewinds="0" EstimatedExecutionMode="Row"><OutputList><ColumnReference Column="Expr1014"></ColumnReference><ColumnReference Database="[REMOTE_OFFICE_3]" Schema="[dbo]" Table="[Files]" Column="id"></ColumnReference><ColumnReference Database="[REMOTE_OFFICE_3]" Schema="[dbo]" Table="[Files]" Column="id_parent"></ColumnReference><ColumnReference Column="Expr1002"></ColumnReference></OutputList><ComputeScalar><DefinedValues><DefinedValue><ColumnReference Column="Expr1014"></ColumnReference><ScalarOperator ScalarString="(0)"><Const ConstValue="(0)"></Const></ScalarOperator></DefinedValue></DefinedValues><RelOp NodeId="6" PhysicalOp="Compute Scalar" LogicalOp="Compute Scalar" EstimateRows="1" EstimateIO="0" EstimateCPU="1e-07" AvgRowSize="4043" EstimatedTotalSubtreeCost="0.0032832" Parallel="0" EstimateRebinds="0" EstimateRewinds="0" EstimatedExecutionMode="Row"><OutputList><ColumnReference Database="[REMOTE_OFFICE_3]" Schema="[dbo]" Table="[Files]" Column="id"></ColumnReference><ColumnReference Database="[REMOTE_OFFICE_3]" Schema="[dbo]" Table="[Files]" Column="id_parent"></ColumnReference><ColumnReference Column="Expr1002"></ColumnReference></OutputList><ComputeScalar><DefinedValues><DefinedValue><ColumnReference Column="Expr1002"></ColumnReference><ScalarOperator ScalarString="CONVERT(nvarchar(max),N&apos;\&apos;+[REMOTE_OFFICE_3].[dbo].[Files].[file_name_cl],0)"><Convert DataType="nvarchar(max)" Length="2147483647" Style="0" Implicit="0"><ScalarOperator><Arithmetic Operation="ADD"><ScalarOperator><Const ConstValue="N&apos;\&apos;"></Const></ScalarOperator><ScalarOperator><Identifier><ColumnReference Database="[REMOTE_OFFICE_3]" Schema="[dbo]" Table="[Files]" Column="file_name_cl"></ColumnReference></Identifier></ScalarOperator></Arithmetic></ScalarOperator></Convert></ScalarOperator></DefinedValue></DefinedValues><RelOp NodeId="7" PhysicalOp="Clustered Index Seek" LogicalOp="Clustered Index Seek" EstimateRows="1" EstimatedRowsRead="1" EstimateIO="0.003125" EstimateCPU="0.0001581" AvgRowSize="1019" EstimatedTotalSubtreeCost="0.0032831" TableCardinality="1.40877e+08" Parallel="0" EstimateRebinds="0" EstimateRewinds="0" EstimatedExecutionMode="Row"><OutputList><ColumnReference Database="[REMOTE_OFFICE_3]" Schema="[dbo]" Table="[Files]" Column="id"></ColumnReference><ColumnReference Database="[REMOTE_OFFICE_3]" Schema="[dbo]" Table="[Files]" Column="id_parent"></ColumnReference><ColumnReference Database="[REMOTE_OFFICE_3]" Schema="[dbo]" Table="[Files]" Column="file_name_cl"></ColumnReference></OutputList><IndexScan Ordered="1" ScanDirection="FORWARD" ForcedIndex="0" ForceSeek="0" ForceScan="0" NoExpandHint="0" Storage="RowStore"><DefinedValues><DefinedValue><ColumnReference Database="[REMOTE_OFFICE_3]" Schema="[dbo]" Table="[Files]" Column="id"></ColumnReference></DefinedValue><DefinedValue><ColumnReference Database="[REMOTE_OFFICE_3]" Schema="[dbo]" Table="[Files]" Column="id_parent"></ColumnReference></DefinedValue><DefinedValue><ColumnReference Database="[REMOTE_OFFICE_3]" Schema="[dbo]" Table="[Files]" Column="file_name_cl"></ColumnReference></DefinedValue></DefinedValues><Object Database="[REMOTE_OFFICE_3]" Schema="[dbo]" Table="[Files]" Index="[PK_ProjectsFiles]" IndexKind="Clustered" Storage="RowStore"></Object><SeekPredicates><SeekPredicateNew><SeekKeys><Prefix ScanType="EQ"><RangeColumns><ColumnReference Database="[REMOTE_OFFICE_3]" Schema="[dbo]" Table="[Files]" Column="id"></ColumnReference></RangeColumns><RangeExpressions><ScalarOperator ScalarString="[@id_file]"><Identifier><ColumnReference Column="@id_file"></ColumnReference></Identifier></ScalarOperator></RangeExpressions></Prefix></SeekKeys></SeekPredicateNew></SeekPredicates></IndexScan></RelOp></ComputeScalar></RelOp></ComputeScalar></RelOp><RelOp NodeId="8" PhysicalOp="Assert" LogicalOp="Assert" EstimateRows="4" EstimateIO="0" EstimateCPU="1.68e-07" AvgRowSize="4035" EstimatedTotalSubtreeCost="0.0100084" Parallel="0" EstimateRebinds="4" EstimateRewinds="0" EstimatedExecutionMode="Row"><OutputList><ColumnReference Column="Expr1016"></ColumnReference><ColumnReference Database="[REMOTE_OFFICE_3]" Schema="[dbo]" Table="[Files]" Alias="[C]" Column="id"></ColumnReference><ColumnReference Database="[REMOTE_OFFICE_3]" Schema="[dbo]" Table="[Files]" Alias="[C]" Column="id_parent"></ColumnReference><ColumnReference Column="Expr1007"></ColumnReference></OutputList><Assert StartupExpression="0"><RelOp NodeId="9" PhysicalOp="Nested Loops" LogicalOp="Inner Join" EstimateRows="4" EstimateIO="0" EstimateCPU="1.68e-07" AvgRowSize="4035" EstimatedTotalSubtreeCost="0.0100084" Parallel="0" EstimateRebinds="4" EstimateRewinds="0" EstimatedExecutionMode="Row"><OutputList><ColumnReference Column="Expr1016"></ColumnReference><ColumnReference Database="[REMOTE_OFFICE_3]" Schema="[dbo]" Table="[Files]" Alias="[C]" Column="id"></ColumnReference><ColumnReference Database="[REMOTE_OFFICE_3]" Schema="[dbo]" Table="[Files]" Alias="[C]" Column="id_parent"></ColumnReference><ColumnReference Column="Expr1007"></ColumnReference></OutputList><NestedLoops Optimized="0"><OuterReferences><ColumnReference Column="Expr1016"></ColumnReference><ColumnReference Column="Recr1003"></ColumnReference><ColumnReference Column="Recr1004"></ColumnReference><ColumnReference Column="Recr1005"></ColumnReference></OuterReferences><RelOp NodeId="10" PhysicalOp="Compute Scalar" LogicalOp="Compute Scalar" EstimateRows="1" EstimateIO="0" EstimateCPU="2e-08" AvgRowSize="4035" EstimatedTotalSubtreeCost="2e-08" Parallel="0" EstimateRebinds="4" EstimateRewinds="0" EstimatedExecutionMode="Row"><OutputList><ColumnReference Column="Expr1016"></ColumnReference><ColumnReference Column="Recr1003"></ColumnReference><ColumnReference Column="Recr1004"></ColumnReference><ColumnReference Column="Recr1005"></ColumnReference></OutputList><ComputeScalar><DefinedValues><DefinedValue><ColumnReference Column="Expr1016"></ColumnReference><ScalarOperator ScalarString="[Expr1015]+(1)"><Arithmetic Operation="ADD"><ScalarOperator><Identifier><ColumnReference Column="Expr1015"></ColumnReference></Identifier></ScalarOperator><ScalarOperator><Const ConstValue="(1)"></Const></ScalarOperator></Arithmetic></ScalarOperator></DefinedValue></DefinedValues><RelOp NodeId="11" PhysicalOp="Table Spool" LogicalOp="Lazy Spool" EstimateRows="1" EstimateIO="0" EstimateCPU="2e-08" AvgRowSize="4035" EstimatedTotalSubtreeCost="2e-08" Parallel="0" EstimateRebinds="4" EstimateRewinds="0" EstimatedExecutionMode="Row"><OutputList><ColumnReference Column="Expr1015"></ColumnReference><ColumnReference Column="Recr1003"></ColumnReference><ColumnReference Column="Recr1004"></ColumnReference><ColumnReference Column="Recr1005"></ColumnReference></OutputList><Spool PrimaryNodeId="3" Stack="1"></Spool></RelOp></ComputeScalar></RelOp><RelOp NodeId="12" PhysicalOp="Compute Scalar" LogicalOp="Compute Scalar" EstimateRows="1" EstimateIO="0" EstimateCPU="1e-07" AvgRowSize="4043" EstimatedTotalSubtreeCost="0.0100082" Parallel="0" EstimateRebinds="3" EstimateRewinds="0" EstimatedExecutionMode="Row"><OutputList><ColumnReference Database="[REMOTE_OFFICE_3]" Schema="[dbo]" Table="[Files]" Alias="[C]" Column="id"></ColumnReference><ColumnReference Database="[REMOTE_OFFICE_3]" Schema="[dbo]" Table="[Files]" Alias="[C]" Column="id_parent"></ColumnReference><ColumnReference Column="Expr1007"></ColumnReference></OutputList><ComputeScalar><DefinedValues><DefinedValue><ColumnReference Column="Expr1007"></ColumnReference><ScalarOperator ScalarString="[Expr1013]+[Recr1005]"><Arithmetic Operation="ADD"><ScalarOperator><Identifier><ColumnReference Column="Expr1013"></ColumnReference></Identifier></ScalarOperator><ScalarOperator><Identifier><ColumnReference Column="Recr1005"></ColumnReference></Identifier></ScalarOperator></Arithmetic></ScalarOperator></DefinedValue></DefinedValues><RelOp NodeId="13" PhysicalOp="Compute Scalar" LogicalOp="Compute Scalar" EstimateRows="1" EstimateIO="0" EstimateCPU="1e-07" AvgRowSize="1020" EstimatedTotalSubtreeCost="0.0100078" Parallel="0" EstimateRebinds="3" EstimateRewinds="0" EstimatedExecutionMode="Row"><OutputList><ColumnReference Database="[REMOTE_OFFICE_3]" Schema="[dbo]" Table="[Files]" Alias="[C]" Column="id"></ColumnReference><ColumnReference Database="[REMOTE_OFFICE_3]" Schema="[dbo]" Table="[Files]" Alias="[C]" Column="id_parent"></ColumnReference><ColumnReference Column="Expr1013"></ColumnReference></OutputList><ComputeScalar><DefinedValues><DefinedValue><ColumnReference Column="Expr1013"></ColumnReference><ScalarOperator ScalarString="N&apos;\&apos;+[REMOTE_OFFICE_3].[dbo].[Files].[file_name_cl] as [C].[file_name_cl]"><Arithmetic Operation="ADD"><ScalarOperator><Const ConstValue="N&apos;\&apos;"></Const></ScalarOperator><ScalarOperator><Identifier><ColumnReference Database="[REMOTE_OFFICE_3]" Schema="[dbo]" Table="[Files]" Alias="[C]" Column="file_name_cl"></ColumnReference></Identifier></ScalarOperator></Arithmetic></ScalarOperator></DefinedValue></DefinedValues><RelOp NodeId="14" PhysicalOp="Clustered Index Seek" LogicalOp="Clustered Index Seek" EstimateRows="1" EstimatedRowsRead="1" EstimateIO="0.003125" EstimateCPU="0.0001581" AvgRowSize="1019" EstimatedTotalSubtreeCost="0.0100074" TableCardinality="1.40877e+08" Parallel="0" EstimateRebinds="3" EstimateRewinds="0" EstimatedExecutionMode="Row"><OutputList><ColumnReference Database="[REMOTE_OFFICE_3]" Schema="[dbo]" Table="[Files]" Alias="[C]" Column="id"></ColumnReference><ColumnReference Database="[REMOTE_OFFICE_3]" Schema="[dbo]" Table="[Files]" Alias="[C]" Column="id_parent"></ColumnReference><ColumnReference Database="[REMOTE_OFFICE_3]" Schema="[dbo]" Table="[Files]" Alias="[C]" Column="file_name_cl"></ColumnReference></OutputList><IndexScan Ordered="1" ScanDirection="FORWARD" ForcedIndex="0" ForceSeek="0" ForceScan="0" NoExpandHint="0" Storage="RowStore"><DefinedValues><DefinedValue><ColumnReference Database="[REMOTE_OFFICE_3]" Schema="[dbo]" Table="[Files]" Alias="[C]" Column="id"></ColumnReference></DefinedValue><DefinedValue><ColumnReference Database="[REMOTE_OFFICE_3]" Schema="[dbo]" Table="[Files]" Alias="[C]" Column="id_parent"></ColumnReference></DefinedValue><DefinedValue><ColumnReference Database="[REMOTE_OFFICE_3]" Schema="[dbo]" Table="[Files]" Alias="[C]" Column="file_name_cl"></ColumnReference></DefinedValue></DefinedValues><Object Database="[REMOTE_OFFICE_3]" Schema="[dbo]" Table="[Files]" Index="[PK_ProjectsFiles]" Alias="[C]" IndexKind="Clustered" Storage="RowStore"></Object><SeekPredicates><SeekPredicateNew><SeekKeys><Prefix ScanType="EQ"><RangeColumns><ColumnReference Database="[REMOTE_OFFICE_3]" Schema="[dbo]" Table="[Files]" Alias="[C]" Column="id"></ColumnReference></RangeColumns><RangeExpressions><ScalarOperator ScalarString="[Recr1004]"><Identifier><ColumnReference Column="Recr1004"></ColumnReference></Identifier></ScalarOperator></RangeExpressions></Prefix></SeekKeys></SeekPredicateNew></SeekPredicates></IndexScan></RelOp></ComputeScalar></RelOp></ComputeScalar></RelOp></NestedLoops></RelOp><Predicate><ScalarOperator ScalarString="CASE WHEN [Expr1016]&gt;(100) THEN (0) ELSE NULL END"><IF><Condition><ScalarOperator><Compare CompareOp="GT"><ScalarOperator><Identifier><ColumnReference Column="Expr1016"></ColumnReference></Identifier></ScalarOperator><ScalarOperator><Const ConstValue="(100)"></Const></ScalarOperator></Compare></ScalarOperator></Condition><Then><ScalarOperator><Const ConstValue="(0)"></Const></ScalarOperator></Then><Else><ScalarOperator><Const ConstValue="NULL"></Const></ScalarOperator></Else></IF></ScalarOperator></Predicate></Assert></RelOp></Concat></RelOp></Spool></RelOp></ComputeScalar></RelOp></TopSort></RelOp></ComputeScalar></RelOp><ParameterList><ColumnReference Column="@id_file" ParameterDataType="int" ParameterCompiledValue="NULL"></ColumnReference></ParameterList></QueryPlan></StmtSimple><StmtSimple StatementText=";&#xd;&#xa;&#xd;&#xa;SELECT @full_path= short_name+@full_path FROM Projects WHERE Projects.id=@id_project" StatementId="4" StatementCompId="10" StatementType="SELECT" RetrievedFromCache="false" StatementSubTreeCost="0.0032832" StatementEstRows="1" SecurityPolicyApplied="false" StatementOptmLevel="TRIVIAL" QueryHash="0x96187CCAC0C73B28" QueryPlanHash="0x9C64DF16F883AEEC" CardinalityEstimationModelVersion="130"><StatementSetOptions QUOTED_IDENTIFIER="true" ARITHABORT="false" CONCAT_NULL_YIELDS_NULL="true" ANSI_NULLS="true" ANSI_PADDING="true" ANSI_WARNINGS="true" NUMERIC_ROUNDABORT="false"></StatementSetOptions><QueryPlan NonParallelPlanReason="UpdatingWritebackVariable" CachedPlanSize="16" CompileTime="1" CompileCPU="1" CompileMemory="200"><MemoryGrantInfo SerialRequiredMemory="0" SerialDesiredMemory="0" GrantedMemory="0" MaxUsedMemory="0"></MemoryGrantInfo><OptimizerHardwareDependentProperties EstimatedAvailableMemoryGrant="323426" EstimatedPagesCached="323426" EstimatedAvailableDegreeOfParallelism="8" MaxCompileMemory="34668464"></OptimizerHardwareDependentProperties><OptimizerStatsUsage><StatisticsInfo LastUpdate="2024-10-10T13:47:29.84" ModificationCount="434" SamplingPercent="100" Statistics="[PK_Projects]" Table="[Projects]" Schema="[dbo]" Database="[REMOTE_OFFICE_3]"></StatisticsInfo></OptimizerStatsUsage><RelOp NodeId="0" PhysicalOp="Compute Scalar" LogicalOp="Compute Scalar" EstimateRows="1" EstimateIO="0" EstimateCPU="1e-07" AvgRowSize="4011" EstimatedTotalSubtreeCost="0.0032832" Parallel="0" EstimateRebinds="0" EstimateRewinds="0" EstimatedExecutionMode="Row"><OutputList><ColumnReference Column="Expr1002"></ColumnReference></OutputList><ComputeScalar><DefinedValues><DefinedValue><ColumnReference Column="Expr1002"></ColumnReference><ScalarOperator ScalarString="[REMOTE_OFFICE_3].[dbo].[Projects].[short_name]+[@full_path]"><Arithmetic Operation="ADD"><ScalarOperator><Identifier><ColumnReference Database="[REMOTE_OFFICE_3]" Schema="[dbo]" Table="[Projects]" Column="short_name"></ColumnReference></Identifier></ScalarOperator><ScalarOperator><Identifier><ColumnReference Column="@full_path"></ColumnReference></Identifier></ScalarOperator></Arithmetic></ScalarOperator></DefinedValue></DefinedValues><RelOp NodeId="1" PhysicalOp="Clustered Index Seek" LogicalOp="Clustered Index Seek" EstimateRows="1" EstimatedRowsRead="1" EstimateIO="0.003125" EstimateCPU="0.0001581" AvgRowSize="75" EstimatedTotalSubtreeCost="0.0032831" TableCardinality="31" Parallel="0" EstimateRebinds="0" EstimateRewinds="0" EstimatedExecutionMode="Row"><OutputList><ColumnReference Database="[REMOTE_OFFICE_3]" Schema="[dbo]" Table="[Projects]" Column="short_name"></ColumnReference></OutputList><IndexScan Ordered="1" ScanDirection="FORWARD" ForcedIndex="0" ForceSeek="0" ForceScan="0" NoExpandHint="0" Storage="RowStore"><DefinedValues><DefinedValue><ColumnReference Database="[REMOTE_OFFICE_3]" Schema="[dbo]" Table="[Projects]" Column="short_name"></ColumnReference></DefinedValue></DefinedValues><Object Database="[REMOTE_OFFICE_3]" Schema="[dbo]" Table="[Projects]" Index="[PK_Projects]" IndexKind="Clustered" Storage="RowStore"></Object><SeekPredicates><SeekPredicateNew><SeekKeys><Prefix ScanType="EQ"><RangeColumns><ColumnReference Database="[REMOTE_OFFICE_3]" Schema="[dbo]" Table="[Projects]" Column="id"></ColumnReference></RangeColumns><RangeExpressions><ScalarOperator ScalarString="[@id_project]"><Identifier><ColumnReference Column="@id_project"></ColumnReference></Identifier></ScalarOperator></RangeExpressions></Prefix></SeekKeys></SeekPredicateNew></SeekPredicates></IndexScan></RelOp></ComputeScalar></RelOp><ParameterList><ColumnReference Column="@id_project" ParameterDataType="int" ParameterCompiledValue="NULL"></ColumnReference></ParameterList></QueryPlan></StmtSimple><StmtSimple StatementText="&#xd;&#xa;RETURN @full_path" StatementId="5" StatementCompId="11" StatementType="RETURN" RetrievedFromCache="false"></StmtSimple></Statements></UDF></StmtSimple><StmtCond StatementText=";&#xd;&#xa;&#xd;&#xa;WHILE EXISTS (SELECT 1 FROM #TempGetFileDescendantsProc r JOIN REMOTE_OFFICE_3.dbo.FilesView f ON r.id = f.id_parent WHERE f.id NOT IN (SELECT id FROM #TempGetFileDescendantsProc))" StatementId="6" StatementCompId="3" StatementType="COND WITH QUERY" RetrievedFromCache="false" StatementSubTreeCost="0.0098638" StatementEstRows="1" SecurityPolicyApplied="false" StatementOptmLevel="FULL" QueryHash="0xDA13FC730033188B" QueryPlanHash="0x24A82EFD3630103E" StatementOptmEarlyAbortReason="GoodEnoughPlanFound" CardinalityEstimationModelVersion="160"><StatementSetOptions QUOTED_IDENTIFIER="true" ARITHABORT="false" CONCAT_NULL_YIELDS_NULL="true" ANSI_NULLS="true" ANSI_PADDING="true" ANSI_WARNINGS="true" NUMERIC_ROUNDABORT="false"></StatementSetOptions><Condition><QueryPlan NonParallelPlanReason="TSQLUserDefinedFunctionsNotParallelizable" CachedPlanSize="40" CompileTime="12" CompileCPU="9" CompileMemory="664"><MemoryGrantInfo SerialRequiredMemory="512" SerialDesiredMemory="544" GrantedMemory="0" MaxUsedMemory="0"></MemoryGrantInfo><OptimizerHardwareDependentProperties EstimatedAvailableMemoryGrant="323426" EstimatedPagesCached="323426" EstimatedAvailableDegreeOfParallelism="8" MaxCompileMemory="34668464"></OptimizerHardwareDependentProperties><OptimizerStatsUsage><StatisticsInfo LastUpdate="2024-12-18T16:34:02.39" ModificationCount="1356" SamplingPercent="0.382015" Statistics="[idx_last_blob_dir_del_size]" Table="[Files]" Schema="[dbo]" Database="[REMOTE_OFFICE_3]"></StatisticsInfo><StatisticsInfo LastUpdate="2024-12-18T16:55:48.97" ModificationCount="1356" SamplingPercent="0.382015" Statistics="[_WA_Sys_0000000C_656C112C]" Table="[Files]" Schema="[dbo]" Database="[REMOTE_OFFICE_3]"></StatisticsInfo><StatisticsInfo LastUpdate="2024-12-18T16:33:56.98" ModificationCount="1356" SamplingPercent="0.382015" Statistics="[_WA_Sys_00000016_656C112C]" Table="[Files]" Schema="[dbo]" Database="[REMOTE_OFFICE_3]"></StatisticsInfo><StatisticsInfo LastUpdate="2024-12-18T16:33:59.72" ModificationCount="1356" SamplingPercent="0.382015" Statistics="[Files_file_name_cl_index]" Table="[Files]" Schema="[dbo]" Database="[REMOTE_OFFICE_3]"></StatisticsInfo><StatisticsInfo LastUpdate="2024-12-18T16:33:57.64" ModificationCount="1356" SamplingPercent="0.382015" Statistics="[Files_id_parent_index]" Table="[Files]" Schema="[dbo]" Database="[REMOTE_OFFICE_3]"></StatisticsInfo><StatisticsInfo LastUpdate="2024-12-18T16:33:58.60" ModificationCount="1356" SamplingPercent="0.382015" Statistics="[Files_id_project_index]" Table="[Files]" Schema="[dbo]" Database="[REMOTE_OFFICE_3]"></StatisticsInfo><StatisticsInfo LastUpdate="2024-12-18T16:33:54.72" ModificationCount="1356" SamplingPercent="0.38075" Statistics="[PK_ProjectsFiles]" Table="[Files]" Schema="[dbo]" Database="[REMOTE_OFFICE_3]"></StatisticsInfo><StatisticsInfo LastUpdate="2024-12-18T16:55:48.15" ModificationCount="1356" SamplingPercent="0.382015" Statistics="[_WA_Sys_0000000B_656C112C]" Table="[Files]" Schema="[dbo]" Database="[REMOTE_OFFICE_3]"></StatisticsInfo><StatisticsInfo LastUpdate="2024-12-18T16:55:46.90" ModificationCount="1356" SamplingPercent="0.382015" Statistics="[_WA_Sys_0000000A_656C112C]" Table="[Files]" Schema="[dbo]" Database="[REMOTE_OFFICE_3]"></StatisticsInfo></OptimizerStatsUsage><RelOp NodeId="0" PhysicalOp="Compute Scalar" LogicalOp="Compute Scalar" EstimateRows="1" EstimateIO="0" EstimateCPU="1e-07" AvgRowSize="11" EstimatedTotalSubtreeCost="0.0098638" Parallel="0" EstimateRebinds="0" EstimateRewinds="0" EstimatedExecutionMode="Row"><OutputList><ColumnReference Column="Expr1017"></ColumnReference></OutputList><ComputeScalar><DefinedValues><DefinedValue><ColumnReference Column="Expr1017"></ColumnReference><ScalarOperator ScalarString="CASE WHEN [Expr1018] THEN (1) ELSE (0) END"><IF><Condition><ScalarOperator><Identifier><ColumnReference Column="Expr1018"></ColumnReference></Identifier></ScalarOperator></Condition><Then><ScalarOperator><Const ConstValue="(1)"></Const></ScalarOperator></Then><Else><ScalarOperator><Const ConstValue="(0)"></Const></ScalarOperator></Else></IF></ScalarOperator></DefinedValue></DefinedValues><RelOp NodeId="1" PhysicalOp="Nested Loops" LogicalOp="Left Semi Join" EstimateRows="1" EstimateIO="0" EstimateCPU="4.18e-06" AvgRowSize="9" EstimatedTotalSubtreeCost="0.0098637" Parallel="0" EstimateRebinds="0" EstimateRewinds="0" EstimatedExecutionMode="Row"><OutputList><ColumnReference Column="Expr1018"></ColumnReference></OutputList><NestedLoops Optimized="0"><DefinedValues><DefinedValue><ColumnReference Column="Expr1018"></ColumnReference></DefinedValue></DefinedValues><ProbeColumn><ColumnReference Column="Expr1018"></ColumnReference></ProbeColumn><RelOp NodeId="2" PhysicalOp="Constant Scan" LogicalOp="Constant Scan" EstimateRows="1" EstimateIO="0" EstimateCPU="1.157e-06" AvgRowSize="9" EstimatedTotalSubtreeCost="1.157e-06" Parallel="0" EstimateRebinds="0" EstimateRewinds="0" EstimatedExecutionMode="Row"><OutputList></OutputList><ConstantScan></ConstantScan></RelOp><RelOp NodeId="3" PhysicalOp="Nested Loops" LogicalOp="Left Anti Semi Join" EstimateRows="1" EstimateRowsWithoutRowGoal="1.40877e+08" EstimateIO="0" EstimateCPU="588.865" AvgRowSize="9" EstimatedTotalSubtreeCost="0.00985836" Parallel="0" EstimateRebinds="0" EstimateRewinds="0" EstimatedExecutionMode="Row"><OutputList></OutputList><NestedLoops Optimized="0"><Predicate><ScalarOperator ScalarString="[tempdb].[dbo].[#TempGetFileDescendantsProc].[id] IS NULL OR [REMOTE_OFFICE_3].[dbo].[Files].[id]=[tempdb].[dbo].[#TempGetFileDescendantsProc].[id]"><Logical Operation="OR"><ScalarOperator><Compare CompareOp="IS"><ScalarOperator><Identifier><ColumnReference Database="[tempdb]" Schema="[dbo]" Table="[#TempGetFileDescendantsProc]" Column="id"></ColumnReference></Identifier></ScalarOperator><ScalarOperator><Const ConstValue="NULL"></Const></ScalarOperator></Compare></ScalarOperator><ScalarOperator><Compare CompareOp="EQ"><ScalarOperator><Identifier><ColumnReference Database="[REMOTE_OFFICE_3]" Schema="[dbo]" Table="[Files]" Column="id"></ColumnReference></Identifier></ScalarOperator><ScalarOperator><Identifier><ColumnReference Database="[tempdb]" Schema="[dbo]" Table="[#TempGetFileDescendantsProc]" Column="id"></ColumnReference></Identifier></ScalarOperator></Compare></ScalarOperator></Logical></ScalarOperator></Predicate><RelOp NodeId="4" PhysicalOp="Nested Loops" LogicalOp="Inner Join" EstimateRows="1" EstimateRowsWithoutRowGoal="1.40877e+08" EstimateIO="0" EstimateCPU="588.865" AvgRowSize="11" EstimatedTotalSubtreeCost="0.00657038" Parallel="0" EstimateRebinds="0" EstimateRewinds="0" EstimatedExecutionMode="Row"><OutputList><ColumnReference Database="[REMOTE_OFFICE_3]" Schema="[dbo]" Table="[Files]" Column="id"></ColumnReference></OutputList><MemoryFractions Input="0" Output="1"></MemoryFractions><NestedLoops Optimized="1"><OuterReferences><ColumnReference Database="[tempdb]" Schema="[dbo]" Table="[#TempGetFileDescendantsProc]" Alias="[r]" Column="id"></ColumnReference></OuterReferences><RelOp NodeId="6" PhysicalOp="Table Scan" LogicalOp="Table Scan" EstimateRows="1" EstimatedRowsRead="1" EstimateIO="0.003125" EstimateCPU="0.0001581" AvgRowSize="11" EstimatedTotalSubtreeCost="0.0032831" TableCardinality="0" Parallel="0" EstimateRebinds="0" EstimateRewinds="0" EstimatedExecutionMode="Row"><OutputList><ColumnReference Database="[tempdb]" Schema="[dbo]" Table="[#TempGetFileDescendantsProc]" Alias="[r]" Column="id"></ColumnReference></OutputList><TableScan Ordered="0" ForcedIndex="0" ForceScan="0" NoExpandHint="0" Storage="RowStore"><DefinedValues><DefinedValue><ColumnReference Database="[tempdb]" Schema="[dbo]" Table="[#TempGetFileDescendantsProc]" Alias="[r]" Column="id"></ColumnReference></DefinedValue></DefinedValues><Object Database="[tempdb]" Schema="[dbo]" Table="[#TempGetFileDescendantsProc]" Alias="[r]" IndexKind="Heap" Storage="RowStore"></Object></TableScan></RelOp><RelOp NodeId="7" PhysicalOp="Index Seek" LogicalOp="Index Seek" EstimateRows="1" EstimateRowsWithoutRowGoal="1.40877e+08" EstimatedRowsRead="1.40877e+08" EstimateIO="180.545" EstimateCPU="154.965" AvgRowSize="11" EstimatedTotalSubtreeCost="0.0032831" TableCardinality="1.40877e+08" Parallel="0" EstimateRebinds="0" EstimateRewinds="0" EstimatedExecutionMode="Row"><OutputList><ColumnReference Database="[REMOTE_OFFICE_3]" Schema="[dbo]" Table="[Files]" Column="id"></ColumnReference></OutputList><IndexScan Ordered="1" ScanDirection="FORWARD" ForcedIndex="0" ForceSeek="0" ForceScan="0" NoExpandHint="0" Storage="RowStore"><DefinedValues><DefinedValue><ColumnReference Database="[REMOTE_OFFICE_3]" Schema="[dbo]" Table="[Files]" Column="id"></ColumnReference></DefinedValue></DefinedValues><Object Database="[REMOTE_OFFICE_3]" Schema="[dbo]" Table="[Files]" Index="[Files_id_parent_index]" IndexKind="NonClustered" Storage="RowStore"></Object><SeekPredicates><SeekPredicateNew><SeekKeys><Prefix ScanType="EQ"><RangeColumns><ColumnReference Database="[REMOTE_OFFICE_3]" Schema="[dbo]" Table="[Files]" Column="id_parent"></ColumnReference></RangeColumns><RangeExpressions><ScalarOperator ScalarString="[tempdb].[dbo].[#TempGetFileDescendantsProc].[id] as [r].[id]"><Identifier><ColumnReference Database="[tempdb]" Schema="[dbo]" Table="[#TempGetFileDescendantsProc]" Alias="[r]" Column="id"></ColumnReference></Identifier></ScalarOperator></RangeExpressions></Prefix></SeekKeys></SeekPredicateNew></SeekPredicates></IndexScan></RelOp></NestedLoops></RelOp><RelOp NodeId="8" PhysicalOp="Table Scan" LogicalOp="Table Scan" EstimateRows="1" EstimatedRowsRead="1" EstimateIO="0.0032035" EstimateCPU="7.96e-05" AvgRowSize="11" EstimatedTotalSubtreeCost="0.0033627" TableCardinality="0" Parallel="0" EstimateRebinds="0" EstimateRewinds="1" EstimatedExecutionMode="Row"><OutputList><ColumnReference Database="[tempdb]" Schema="[dbo]" Table="[#TempGetFileDescendantsProc]" Column="id"></ColumnReference></OutputList><TableScan Ordered="0" ForcedIndex="0" ForceScan="0" NoExpandHint="0" Storage="RowStore"><DefinedValues><DefinedValue><ColumnReference Database="[tempdb]" Schema="[dbo]" Table="[#TempGetFileDescendantsProc]" Column="id"></ColumnReference></DefinedValue></DefinedValues><Object Database="[tempdb]" Schema="[dbo]" Table="[#TempGetFileDescendantsProc]" IndexKind="Heap" Storage="RowStore"></Object></TableScan></RelOp></NestedLoops></RelOp></NestedLoops></RelOp></ComputeScalar></RelOp></QueryPlan></Condition><Then><Statements><StmtSimple StatementText="&#xd;&#xa;    BEGIN&#xd;&#xa;        INSERT INTO #TempGetFileDescendantsProc&#xd;&#xa;        SELECT f.*&#xd;&#xa;        FROM REMOTE_OFFICE_3.dbo.FilesView f&#xd;&#xa;                 JOIN #TempGetFileDescendantsProc r ON r.id = f.id_parent&#xd;&#xa;        WHERE f.id NOT IN (SELECT id FROM #TempGetFileDescendantsProc)" StatementId="7" StatementCompId="4" StatementType="INSERT" RetrievedFromCache="false" StatementSubTreeCost="1.66699e+06" StatementEstRows="1.40877e+08" SecurityPolicyApplied="false" StatementOptmLevel="FULL" QueryHash="0x7DEFA8327269004B" QueryPlanHash="0x01C97D8F06447EFD" CardinalityEstimationModelVersion="160" BatchModeOnRowStoreUsed="true"><StatementSetOptions QUOTED_IDENTIFIER="true" ARITHABORT="false" CONCAT_NULL_YIELDS_NULL="true" ANSI_NULLS="true" ANSI_PADDING="true" ANSI_WARNINGS="true" NUMERIC_ROUNDABORT="false"></StatementSetOptions><QueryPlan NonParallelPlanReason="TSQLUserDefinedFunctionsNotParallelizable" CachedPlanSize="240" CompileTime="39" CompileCPU="38" CompileMemory="1568"><MemoryGrantInfo SerialRequiredMemory="4248" SerialDesiredMemory="111928" GrantedMemory="0" MaxUsedMemory="0"></MemoryGrantInfo><OptimizerHardwareDependentProperties EstimatedAvailableMemoryGrant="323426" EstimatedPagesCached="323426" EstimatedAvailableDegreeOfParallelism="8" MaxCompileMemory="34668464"></OptimizerHardwareDependentProperties><OptimizerStatsUsage><StatisticsInfo LastUpdate="2024-10-14T14:23:45.50" ModificationCount="233" SamplingPercent="100" Statistics="[FilesBlobs_pk]" Table="[FilesBlobs]" Schema="[dbo]" Database="[REMOTE_OFFICE_3]"></StatisticsInfo><StatisticsInfo LastUpdate="2024-12-18T16:34:02.39" ModificationCount="1356" SamplingPercent="0.382015" Statistics="[idx_last_blob_dir_del_size]" Table="[Files]" Schema="[dbo]" Database="[REMOTE_OFFICE_3]"></StatisticsInfo><StatisticsInfo LastUpdate="2024-12-18T16:55:48.97" ModificationCount="1356" SamplingPercent="0.382015" Statistics="[_WA_Sys_0000000C_656C112C]" Table="[Files]" Schema="[dbo]" Database="[REMOTE_OFFICE_3]"></StatisticsInfo><StatisticsInfo LastUpdate="2024-12-18T16:33:59.72" ModificationCount="1356" SamplingPercent="0.382015" Statistics="[Files_file_name_cl_index]" Table="[Files]" Schema="[dbo]" Database="[REMOTE_OFFICE_3]"></StatisticsInfo><StatisticsInfo LastUpdate="2024-12-18T16:33:56.98" ModificationCount="1356" SamplingPercent="0.382015" Statistics="[_WA_Sys_00000016_656C112C]" Table="[Files]" Schema="[dbo]" Database="[REMOTE_OFFICE_3]"></StatisticsInfo><StatisticsInfo LastUpdate="2024-12-18T16:33:57.64" ModificationCount="1356" SamplingPercent="0.382015" Statistics="[Files_id_parent_index]" Table="[Files]" Schema="[dbo]" Database="[REMOTE_OFFICE_3]"></StatisticsInfo><StatisticsInfo LastUpdate="2024-12-18T16:33:58.60" ModificationCount="1356" SamplingPercent="0.382015" Statistics="[Files_id_project_index]" Table="[Files]" Schema="[dbo]" Database="[REMOTE_OFFICE_3]"></StatisticsInfo><StatisticsInfo LastUpdate="2024-10-16T15:17:39.17" ModificationCount="303" SamplingPercent="100" Statistics="[ProjectsStages_id_file_uindex]" Table="[ProjectsStages]" Schema="[dbo]" Database="[REMOTE_OFFICE_3]"></StatisticsInfo><StatisticsInfo LastUpdate="2024-12-18T16:33:54.72" ModificationCount="1356" SamplingPercent="0.38075" Statistics="[PK_ProjectsFiles]" Table="[Files]" Schema="[dbo]" Database="[REMOTE_OFFICE_3]"></StatisticsInfo><StatisticsInfo LastUpdate="2024-12-18T16:55:48.15" ModificationCount="1356" SamplingPercent="0.382015" Statistics="[_WA_Sys_0000000B_656C112C]" Table="[Files]" Schema="[dbo]" Database="[REMOTE_OFFICE_3]"></StatisticsInfo><StatisticsInfo LastUpdate="2024-10-14T16:34:31.26" ModificationCount="112" SamplingPercent="100" Statistics="[Id_file_index]" Table="[Kits]" Schema="[dbo]" Database="[REMOTE_OFFICE_3]"></StatisticsInfo><StatisticsInfo LastUpdate="2024-12-18T16:55:46.90" ModificationCount="1356" SamplingPercent="0.382015" Statistics="[_WA_Sys_0000000A_656C112C]" Table="[Files]" Schema="[dbo]" Database="[REMOTE_OFFICE_3]"></StatisticsInfo></OptimizerStatsUsage><RelOp NodeId="0" PhysicalOp="Table Insert" LogicalOp="Insert" EstimateRows="1.40877e+08" EstimateIO="595617" EstimateCPU="140.877" AvgRowSize="9" EstimatedTotalSubtreeCost="1.66699e+06" Parallel="0" EstimateRebinds="0" EstimateRewinds="0" EstimatedExecutionMode="Row"><OutputList></OutputList><Update DMLRequestSort="0"><Object Database="[tempdb]" Schema="[dbo]" Table="[#TempGetFileDescendantsProc]" IndexKind="Heap" Storage="RowStore"></Object><SetPredicate><ScalarOperator ScalarString="[tempdb].[dbo].[#TempGetFileDescendantsProc].[id] = [REMOTE_OFFICE_3].[dbo].[Files].[id],[tempdb].[dbo].[#TempGetFileDescendantsProc].[id_parent] = [REMOTE_OFFICE_3].[dbo].[Files].[id_parent],[tempdb].[dbo].[#TempGetFileDescendantsProc].[id_project] = [REMOTE_OFFICE_3].[dbo].[Files].[id_project],[tempdb].[dbo].[#TempGetFileDescendantsProc].[file_name_cl] = [REMOTE_OFFICE_3].[dbo].[Files].[file_name_cl],[tempdb].[dbo].[#TempGetFileDescendantsProc].[edit_date_time] = [Expr1019],[tempdb].[dbo].[#TempGetFileDescendantsProc].[is_directory] = [REMOTE_OFFICE_3].[dbo].[Files].[is_directory],[tempdb].[dbo].[#TempGetFileDescendantsProc].[is_deleted] = [REMOTE_OFFICE_3].[dbo].[Files].[is_deleted],[tempdb].[dbo].[#TempGetFileDescendantsProc].[file_size] = [REMOTE_OFFICE_3].[dbo].[Files].[file_size],[tempdb].[dbo].[#TempGetFileDescendantsProc].[id_user_last_edit] = [REMOTE_OFFICE_3].[dbo].[Files].[id_user_last_edit],[tempdb].[dbo].[#TempGetFileDescendantsProc].[creation_date] = [Expr1020],[tempdb].[dbo].[#TempGetFileDescendantsProc].[previous_version] = [REMOTE_OFFICE_3].[dbo].[Files].[previous_version],[tempdb].[dbo].[#TempGetFileDescendantsProc].[attributes] = [REMOTE_OFFICE_3].[dbo].[Files].[attributes],[tempdb].[dbo].[#TempGetFileDescendantsProc].[last_access_time] = [Expr1021],[tempdb].[dbo].[#TempGetFileDescendantsProc].[id_file_blob] = [REMOTE_OFFICE_3].[dbo].[Files].[id_file_blob],[tempdb].[dbo].[#TempGetFileDescendantsProc].[md5] = [REMOTE_OFFICE_3].[dbo].[FilesBlobs].[md5],[tempdb].[dbo].[#TempGetFileDescendantsProc].[crc32c] = [REMOTE_OFFICE_3].[dbo].[FilesBlobs].[crc32c],[tempdb].[dbo].[#TempGetFileDescendantsProc].[full_path] = [Expr1013],[tempdb].[dbo].[#TempGetFileDescendantsProc].[id_project_stage] = [REMOTE_OFFICE_3].[dbo].[ProjectsStages].[id],[tempdb].[dbo].[#TempGetFileDescendantsProc].[id_kit] = [REMOTE_OFFICE_3].[dbo].[Kits].[id]"><ScalarExpressionList><ScalarOperator><MultipleAssign><Assign><ColumnReference Database="[tempdb]" Schema="[dbo]" Table="[#TempGetFileDescendantsProc]" Column="id"></ColumnReference><ScalarOperator><Identifier><ColumnReference Database="[REMOTE_OFFICE_3]" Schema="[dbo]" Table="[Files]" Column="id"></ColumnReference></Identifier></ScalarOperator></Assign><Assign><ColumnReference Database="[tempdb]" Schema="[dbo]" Table="[#TempGetFileDescendantsProc]" Column="id_parent"></ColumnReference><ScalarOperator><Identifier><ColumnReference Database="[REMOTE_OFFICE_3]" Schema="[dbo]" Table="[Files]" Column="id_parent"></ColumnReference></Identifier></ScalarOperator></Assign><Assign><ColumnReference Database="[tempdb]" Schema="[dbo]" Table="[#TempGetFileDescendantsProc]" Column="id_project"></ColumnReference><ScalarOperator><Identifier><ColumnReference Database="[REMOTE_OFFICE_3]" Schema="[dbo]" Table="[Files]" Column="id_project"></ColumnReference></Identifier></ScalarOperator></Assign><Assign><ColumnReference Database="[tempdb]" Schema="[dbo]" Table="[#TempGetFileDescendantsProc]" Column="file_name_cl"></ColumnReference><ScalarOperator><Identifier><ColumnReference Database="[REMOTE_OFFICE_3]" Schema="[dbo]" Table="[Files]" Column="file_name_cl"></ColumnReference></Identifier></ScalarOperator></Assign><Assign><ColumnReference Database="[tempdb]" Schema="[dbo]" Table="[#TempGetFileDescendantsProc]" Column="edit_date_time"></ColumnReference><ScalarOperator><Identifier><ColumnReference Column="Expr1019"></ColumnReference></Identifier></ScalarOperator></Assign><Assign><ColumnReference Database="[tempdb]" Schema="[dbo]" Table="[#TempGetFileDescendantsProc]" Column="is_directory"></ColumnReference><ScalarOperator><Identifier><ColumnReference Database="[REMOTE_OFFICE_3]" Schema="[dbo]" Table="[Files]" Column="is_directory"></ColumnReference></Identifier></ScalarOperator></Assign><Assign><ColumnReference Database="[tempdb]" Schema="[dbo]" Table="[#TempGetFileDescendantsProc]" Column="is_deleted"></ColumnReference><ScalarOperator><Identifier><ColumnReference Database="[REMOTE_OFFICE_3]" Schema="[dbo]" Table="[Files]" Column="is_deleted"></ColumnReference></Identifier></ScalarOperator></Assign><Assign><ColumnReference Database="[tempdb]" Schema="[dbo]" Table="[#TempGetFileDescendantsProc]" Column="file_size"></ColumnReference><ScalarOperator><Identifier><ColumnReference Database="[REMOTE_OFFICE_3]" Schema="[dbo]" Table="[Files]" Column="file_size"></ColumnReference></Identifier></ScalarOperator></Assign><Assign><ColumnReference Database="[tempdb]" Schema="[dbo]" Table="[#TempGetFileDescendantsProc]" Column="id_user_last_edit"></ColumnReference><ScalarOperator><Identifier><ColumnReference Database="[REMOTE_OFFICE_3]" Schema="[dbo]" Table="[Files]" Column="id_user_last_edit"></ColumnReference></Identifier></ScalarOperator></Assign><Assign><ColumnReference Database="[tempdb]" Schema="[dbo]" Table="[#TempGetFileDescendantsProc]" Column="creation_date"></ColumnReference><ScalarOperator><Identifier><ColumnReference Column="Expr1020"></ColumnReference></Identifier></ScalarOperator></Assign><Assign><ColumnReference Database="[tempdb]" Schema="[dbo]" Table="[#TempGetFileDescendantsProc]" Column="previous_version"></ColumnReference><ScalarOperator><Identifier><ColumnReference Database="[REMOTE_OFFICE_3]" Schema="[dbo]" Table="[Files]" Column="previous_version"></ColumnReference></Identifier></ScalarOperator></Assign><Assign><ColumnReference Database="[tempdb]" Schema="[dbo]" Table="[#TempGetFileDescendantsProc]" Column="attributes"></ColumnReference><ScalarOperator><Identifier><ColumnReference Database="[REMOTE_OFFICE_3]" Schema="[dbo]" Table="[Files]" Column="attributes"></ColumnReference></Identifier></ScalarOperator></Assign><Assign><ColumnReference Database="[tempdb]" Schema="[dbo]" Table="[#TempGetFileDescendantsProc]" Column="last_access_time"></ColumnReference><ScalarOperator><Identifier><ColumnReference Column="Expr1021"></ColumnReference></Identifier></ScalarOperator></Assign><Assign><ColumnReference Database="[tempdb]" Schema="[dbo]" Table="[#TempGetFileDescendantsProc]" Column="id_file_blob"></ColumnReference><ScalarOperator><Identifier><ColumnReference Database="[REMOTE_OFFICE_3]" Schema="[dbo]" Table="[Files]" Column="id_file_blob"></ColumnReference></Identifier></ScalarOperator></Assign><Assign><ColumnReference Database="[tempdb]" Schema="[dbo]" Table="[#TempGetFileDescendantsProc]" Column="md5"></ColumnReference><ScalarOperator><Identifier><ColumnReference Database="[REMOTE_OFFICE_3]" Schema="[dbo]" Table="[FilesBlobs]" Column="md5"></ColumnReference></Identifier></ScalarOperator></Assign><Assign><ColumnReference Database="[tempdb]" Schema="[dbo]" Table="[#TempGetFileDescendantsProc]" Column="crc32c"></ColumnReference><ScalarOperator><Identifier><ColumnReference Database="[REMOTE_OFFICE_3]" Schema="[dbo]" Table="[FilesBlobs]" Column="crc32c"></ColumnReference></Identifier></ScalarOperator></Assign><Assign><ColumnReference Database="[tempdb]" Schema="[dbo]" Table="[#TempGetFileDescendantsProc]" Column="full_path"></ColumnReference><ScalarOperator><Identifier><ColumnReference Column="Expr1013"></ColumnReference></Identifier></ScalarOperator></Assign><Assign><ColumnReference Database="[tempdb]" Schema="[dbo]" Table="[#TempGetFileDescendantsProc]" Column="id_project_stage"></ColumnReference><ScalarOperator><Identifier><ColumnReference Database="[REMOTE_OFFICE_3]" Schema="[dbo]" Table="[ProjectsStages]" Column="id"></ColumnReference></Identifier></ScalarOperator></Assign><Assign><ColumnReference Database="[tempdb]" Schema="[dbo]" Table="[#TempGetFileDescendantsProc]" Column="id_kit"></ColumnReference><ScalarOperator><Identifier><ColumnReference Database="[REMOTE_OFFICE_3]" Schema="[dbo]" Table="[Kits]" Column="id"></ColumnReference></Identifier></ScalarOperator></Assign></MultipleAssign></ScalarOperator></ScalarExpressionList></ScalarOperator></SetPredicate><RelOp NodeId="1" PhysicalOp="Table Spool" LogicalOp="Eager Spool" EstimateRows="1.40877e+08" EstimateIO="1.05592e+06" EstimateCPU="50.7158" AvgRowSize="5126" EstimatedTotalSubtreeCost="1.07124e+06" Parallel="0" EstimateRebinds="0" EstimateRewinds="0" EstimatedExecutionMode="Row"><OutputList><ColumnReference Database="[REMOTE_OFFICE_3]" Schema="[dbo]" Table="[Files]" Column="id"></ColumnReference><ColumnReference Database="[REMOTE_OFFICE_3]" Schema="[dbo]" Table="[Files]" Column="id_parent"></ColumnReference><ColumnReference Database="[REMOTE_OFFICE_3]" Schema="[dbo]" Table="[Files]" Column="id_project"></ColumnReference><ColumnReference Database="[REMOTE_OFFICE_3]" Schema="[dbo]" Table="[Files]" Column="file_name_cl"></ColumnReference><ColumnReference Database="[REMOTE_OFFICE_3]" Schema="[dbo]" Table="[Files]" Column="is_directory"></ColumnReference><ColumnReference Database="[REMOTE_OFFICE_3]" Schema="[dbo]" Table="[Files]" Column="is_deleted"></ColumnReference><ColumnReference Database="[REMOTE_OFFICE_3]" Schema="[dbo]" Table="[Files]" Column="file_size"></ColumnReference><ColumnReference Database="[REMOTE_OFFICE_3]" Schema="[dbo]" Table="[Files]" Column="id_user_last_edit"></ColumnReference><ColumnReference Database="[REMOTE_OFFICE_3]" Schema="[dbo]" Table="[Files]" Column="previous_version"></ColumnReference><ColumnReference Database="[REMOTE_OFFICE_3]" Schema="[dbo]" Table="[Files]" Column="attributes"></ColumnReference><ColumnReference Database="[REMOTE_OFFICE_3]" Schema="[dbo]" Table="[Files]" Column="id_file_blob"></ColumnReference><ColumnReference Database="[REMOTE_OFFICE_3]" Schema="[dbo]" Table="[Kits]" Column="id"></ColumnReference><ColumnReference Database="[REMOTE_OFFICE_3]" Schema="[dbo]" Table="[ProjectsStages]" Column="id"></ColumnReference><ColumnReference Database="[REMOTE_OFFICE_3]" Schema="[dbo]" Table="[FilesBlobs]" Column="md5"></ColumnReference><ColumnReference Database="[REMOTE_OFFICE_3]" Schema="[dbo]" Table="[FilesBlobs]" Column="crc32c"></ColumnReference><ColumnReference Column="Expr1013"></ColumnReference><ColumnReference Column="Expr1019"></ColumnReference><ColumnReference Column="Expr1020"></ColumnReference><ColumnReference Column="Expr1021"></ColumnReference></OutputList><Spool><RelOp NodeId="2" PhysicalOp="Compute Scalar" LogicalOp="Compute Scalar" EstimateRows="1.40877e+08" EstimateIO="0" EstimateCPU="14.0877" AvgRowSize="5126" EstimatedTotalSubtreeCost="15265" Parallel="0" EstimateRebinds="0" EstimateRewinds="0" EstimatedExecutionMode="Row"><OutputList><ColumnReference Database="[REMOTE_OFFICE_3]" Schema="[dbo]" Table="[Files]" Column="id"></ColumnReference><ColumnReference Database="[REMOTE_OFFICE_3]" Schema="[dbo]" Table="[Files]" Column="id_parent"></ColumnReference><ColumnReference Database="[REMOTE_OFFICE_3]" Schema="[dbo]" Table="[Files]" Column="id_project"></ColumnReference><ColumnReference Database="[REMOTE_OFFICE_3]" Schema="[dbo]" Table="[Files]" Column="file_name_cl"></ColumnReference><ColumnReference Database="[REMOTE_OFFICE_3]" Schema="[dbo]" Table="[Files]" Column="is_directory"></ColumnReference><ColumnReference Database="[REMOTE_OFFICE_3]" Schema="[dbo]" Table="[Files]" Column="is_deleted"></ColumnReference><ColumnReference Database="[REMOTE_OFFICE_3]" Schema="[dbo]" Table="[Files]" Column="file_size"></ColumnReference><ColumnReference Database="[REMOTE_OFFICE_3]" Schema="[dbo]" Table="[Files]" Column="id_user_last_edit"></ColumnReference><ColumnReference Database="[REMOTE_OFFICE_3]" Schema="[dbo]" Table="[Files]" Column="previous_version"></ColumnReference><ColumnReference Database="[REMOTE_OFFICE_3]" Schema="[dbo]" Table="[Files]" Column="attributes"></ColumnReference><ColumnReference Database="[REMOTE_OFFICE_3]" Schema="[dbo]" Table="[Files]" Column="id_file_blob"></ColumnReference><ColumnReference Database="[REMOTE_OFFICE_3]" Schema="[dbo]" Table="[Kits]" Column="id"></ColumnReference><ColumnReference Database="[REMOTE_OFFICE_3]" Schema="[dbo]" Table="[ProjectsStages]" Column="id"></ColumnReference><ColumnReference Database="[REMOTE_OFFICE_3]" Schema="[dbo]" Table="[FilesBlobs]" Column="md5"></ColumnReference><ColumnReference Database="[REMOTE_OFFICE_3]" Schema="[dbo]" Table="[FilesBlobs]" Column="crc32c"></ColumnReference><ColumnReference Column="Expr1013"></ColumnReference><ColumnReference Column="Expr1019"></ColumnReference><ColumnReference Column="Expr1020"></ColumnReference><ColumnReference Column="Expr1021"></ColumnReference></OutputList><ComputeScalar><DefinedValues><DefinedValue><ColumnReference Column="Expr1013"></ColumnReference><ScalarOperator ScalarString="[REMOTE_OFFICE_3].[dbo].[GetFullPath]([REMOTE_OFFICE_3].[dbo].[Files].[id],[REMOTE_OFFICE_3].[dbo].[Files].[id_project])"><UserDefinedFunction FunctionName="[REMOTE_OFFICE_3].[dbo].[GetFullPath]"><ScalarOperator><Identifier><ColumnReference Database="[REMOTE_OFFICE_3]" Schema="[dbo]" Table="[Files]" Column="id"></ColumnReference></Identifier></ScalarOperator><ScalarOperator><Identifier><ColumnReference Database="[REMOTE_OFFICE_3]" Schema="[dbo]" Table="[Files]" Column="id_project"></ColumnReference></Identifier></ScalarOperator></UserDefinedFunction></ScalarOperator></DefinedValue><DefinedValue><ColumnReference Column="Expr1019"></ColumnReference><ScalarOperator ScalarString="[Expr1022]"><Identifier><ColumnReference Column="Expr1022"></ColumnReference></Identifier></ScalarOperator></DefinedValue><DefinedValue><ColumnReference Column="Expr1020"></ColumnReference><ScalarOperator ScalarString="[Expr1023]"><Identifier><ColumnReference Column="Expr1023"></ColumnReference></Identifier></ScalarOperator></DefinedValue><DefinedValue><ColumnReference Column="Expr1021"></ColumnReference><ScalarOperator ScalarString="[Expr1024]"><Identifier><ColumnReference Column="Expr1024"></ColumnReference></Identifier></ScalarOperator></DefinedValue></DefinedValues><RelOp NodeId="3" PhysicalOp="Hash Match" LogicalOp="Right Outer Join" EstimateRows="1.40877e+08" EstimateIO="0" EstimateCPU="376.237" AvgRowSize="1124" EstimatedTotalSubtreeCost="15248.3" Parallel="0" EstimateRebinds="0" EstimateRewinds="0" EstimatedExecutionMode="Batch"><OutputList><ColumnReference Database="[REMOTE_OFFICE_3]" Schema="[dbo]" Table="[Files]" Column="id"></ColumnReference><ColumnReference Database="[REMOTE_OFFICE_3]" Schema="[dbo]" Table="[Files]" Column="id_parent"></ColumnReference><ColumnReference Database="[REMOTE_OFFICE_3]" Schema="[dbo]" Table="[Files]" Column="id_project"></ColumnReference><ColumnReference Database="[REMOTE_OFFICE_3]" Schema="[dbo]" Table="[Files]" Column="file_name_cl"></ColumnReference><ColumnReference Database="[REMOTE_OFFICE_3]" Schema="[dbo]" Table="[Files]" Column="is_directory"></ColumnReference><ColumnReference Database="[REMOTE_OFFICE_3]" Schema="[dbo]" Table="[Files]" Column="is_deleted"></ColumnReference><ColumnReference Database="[REMOTE_OFFICE_3]" Schema="[dbo]" Table="[Files]" Column="file_size"></ColumnReference><ColumnReference Database="[REMOTE_OFFICE_3]" Schema="[dbo]" Table="[Files]" Column="id_user_last_edit"></ColumnReference><ColumnReference Database="[REMOTE_OFFICE_3]" Schema="[dbo]" Table="[Files]" Column="previous_version"></ColumnReference><ColumnReference Database="[REMOTE_OFFICE_3]" Schema="[dbo]" Table="[Files]" Column="attributes"></ColumnReference><ColumnReference Database="[REMOTE_OFFICE_3]" Schema="[dbo]" Table="[Files]" Column="id_file_blob"></ColumnReference><ColumnReference Database="[REMOTE_OFFICE_3]" Schema="[dbo]" Table="[Kits]" Column="id"></ColumnReference><ColumnReference Database="[REMOTE_OFFICE_3]" Schema="[dbo]" Table="[ProjectsStages]" Column="id"></ColumnReference><ColumnReference Database="[REMOTE_OFFICE_3]" Schema="[dbo]" Table="[FilesBlobs]" Column="md5"></ColumnReference><ColumnReference Database="[REMOTE_OFFICE_3]" Schema="[dbo]" Table="[FilesBlobs]" Column="crc32c"></ColumnReference><ColumnReference Column="Expr1022"></ColumnReference><ColumnReference Column="Expr1023"></ColumnReference><ColumnReference Column="Expr1024"></ColumnReference></OutputList><MemoryFractions Input="0.381798" Output="0.381798"></MemoryFractions><Hash><DefinedValues></DefinedValues><HashKeysBuild><ColumnReference Database="[REMOTE_OFFICE_3]" Schema="[dbo]" Table="[FilesBlobs]" Column="id"></ColumnReference></HashKeysBuild><HashKeysProbe><ColumnReference Database="[REMOTE_OFFICE_3]" Schema="[dbo]" Table="[Files]" Column="id_file_blob"></ColumnReference></HashKeysProbe><ProbeResidual><ScalarOperator ScalarString="[REMOTE_OFFICE_3].[dbo].[FilesBlobs].[id]=[REMOTE_OFFICE_3].[dbo].[Files].[id_file_blob]"><Compare CompareOp="EQ"><ScalarOperator><Identifier><ColumnReference Database="[REMOTE_OFFICE_3]" Schema="[dbo]" Table="[FilesBlobs]" Column="id"></ColumnReference></Identifier></ScalarOperator><ScalarOperator><Identifier><ColumnReference Database="[REMOTE_OFFICE_3]" Schema="[dbo]" Table="[Files]" Column="id_file_blob"></ColumnReference></Identifier></ScalarOperator></Compare></ScalarOperator></ProbeResidual><RelOp NodeId="4" PhysicalOp="Table Scan" LogicalOp="Table Scan" EstimateRows="1164" EstimatedRowsRead="1164" EstimateIO="0.0594213" EstimateCPU="0.0014374" AvgRowSize="55" EstimatedTotalSubtreeCost="0.0608587" TableCardinality="1164" Parallel="0" EstimateRebinds="0" EstimateRewinds="0" EstimatedExecutionMode="Batch"><OutputList><ColumnReference Database="[REMOTE_OFFICE_3]" Schema="[dbo]" Table="[FilesBlobs]" Column="id"></ColumnReference><ColumnReference Database="[REMOTE_OFFICE_3]" Schema="[dbo]" Table="[FilesBlobs]" Column="md5"></ColumnReference><ColumnReference Database="[REMOTE_OFFICE_3]" Schema="[dbo]" Table="[FilesBlobs]" Column="crc32c"></ColumnReference></OutputList><IndexScan Ordered="0" ForcedIndex="0" ForceSeek="0" ForceScan="0" NoExpandHint="0" Storage="RowStore"><DefinedValues><DefinedValue><ColumnReference Database="[REMOTE_OFFICE_3]" Schema="[dbo]" Table="[FilesBlobs]" Column="id"></ColumnReference></DefinedValue><DefinedValue><ColumnReference Database="[REMOTE_OFFICE_3]" Schema="[dbo]" Table="[FilesBlobs]" Column="md5"></ColumnReference></DefinedValue><DefinedValue><ColumnReference Database="[REMOTE_OFFICE_3]" Schema="[dbo]" Table="[FilesBlobs]" Column="crc32c"></ColumnReference></DefinedValue></DefinedValues><Object Database="[REMOTE_OFFICE_3]" Schema="[dbo]" Table="[FilesBlobs]" IndexKind="Heap" Storage="RowStore"></Object></IndexScan></RelOp><RelOp NodeId="5" PhysicalOp="Hash Match" LogicalOp="Right Outer Join" EstimateRows="1.40877e+08" EstimateIO="0" EstimateCPU="376.221" AvgRowSize="1081" EstimatedTotalSubtreeCost="14872" Parallel="0" EstimateRebinds="0" EstimateRewinds="0" EstimatedExecutionMode="Batch"><OutputList><ColumnReference Database="[REMOTE_OFFICE_3]" Schema="[dbo]" Table="[Files]" Column="id"></ColumnReference><ColumnReference Database="[REMOTE_OFFICE_3]" Schema="[dbo]" Table="[Files]" Column="id_parent"></ColumnReference><ColumnReference Database="[REMOTE_OFFICE_3]" Schema="[dbo]" Table="[Files]" Column="id_project"></ColumnReference><ColumnReference Database="[REMOTE_OFFICE_3]" Schema="[dbo]" Table="[Files]" Column="file_name_cl"></ColumnReference><ColumnReference Database="[REMOTE_OFFICE_3]" Schema="[dbo]" Table="[Files]" Column="is_directory"></ColumnReference><ColumnReference Database="[REMOTE_OFFICE_3]" Schema="[dbo]" Table="[Files]" Column="is_deleted"></ColumnReference><ColumnReference Database="[REMOTE_OFFICE_3]" Schema="[dbo]" Table="[Files]" Column="file_size"></ColumnReference><ColumnReference Database="[REMOTE_OFFICE_3]" Schema="[dbo]" Table="[Files]" Column="id_user_last_edit"></ColumnReference><ColumnReference Database="[REMOTE_OFFICE_3]" Schema="[dbo]" Table="[Files]" Column="previous_version"></ColumnReference><ColumnReference Database="[REMOTE_OFFICE_3]" Schema="[dbo]" Table="[Files]" Column="attributes"></ColumnReference><ColumnReference Database="[REMOTE_OFFICE_3]" Schema="[dbo]" Table="[Files]" Column="id_file_blob"></ColumnReference><ColumnReference Database="[REMOTE_OFFICE_3]" Schema="[dbo]" Table="[Kits]" Column="id"></ColumnReference><ColumnReference Database="[REMOTE_OFFICE_3]" Schema="[dbo]" Table="[ProjectsStages]" Column="id"></ColumnReference><ColumnReference Column="Expr1022"></ColumnReference><ColumnReference Column="Expr1023"></ColumnReference><ColumnReference Column="Expr1024"></ColumnReference></OutputList><MemoryFractions Input="0.0996285" Output="0.0996285"></MemoryFractions><Hash><DefinedValues></DefinedValues><HashKeysBuild><ColumnReference Database="[REMOTE_OFFICE_3]" Schema="[dbo]" Table="[ProjectsStages]" Column="id_file"></ColumnReference></HashKeysBuild><HashKeysProbe><ColumnReference Database="[REMOTE_OFFICE_3]" Schema="[dbo]" Table="[Files]" Column="id"></ColumnReference></HashKeysProbe><RelOp NodeId="6" PhysicalOp="Index Scan" LogicalOp="Index Scan" EstimateRows="42" EstimatedRowsRead="42" EstimateIO="0.003125" EstimateCPU="0.0002032" AvgRowSize="15" EstimatedTotalSubtreeCost="0.0033282" TableCardinality="42" Parallel="0" EstimateRebinds="0" EstimateRewinds="0" EstimatedExecutionMode="Batch"><OutputList><ColumnReference Database="[REMOTE_OFFICE_3]" Schema="[dbo]" Table="[ProjectsStages]" Column="id"></ColumnReference><ColumnReference Database="[REMOTE_OFFICE_3]" Schema="[dbo]" Table="[ProjectsStages]" Column="id_file"></ColumnReference></OutputList><IndexScan Ordered="0" ForcedIndex="0" ForceSeek="0" ForceScan="0" NoExpandHint="0" Storage="RowStore"><DefinedValues><DefinedValue><ColumnReference Database="[REMOTE_OFFICE_3]" Schema="[dbo]" Table="[ProjectsStages]" Column="id"></ColumnReference></DefinedValue><DefinedValue><ColumnReference Database="[REMOTE_OFFICE_3]" Schema="[dbo]" Table="[ProjectsStages]" Column="id_file"></ColumnReference></DefinedValue></DefinedValues><Object Database="[REMOTE_OFFICE_3]" Schema="[dbo]" Table="[ProjectsStages]" Index="[ProjectsStages_id_file_uindex]" IndexKind="NonClustered" Storage="RowStore"></Object></IndexScan></RelOp><RelOp NodeId="7" PhysicalOp="Hash Match" LogicalOp="Right Outer Join" EstimateRows="1.40877e+08" EstimateIO="0" EstimateCPU="376.221" AvgRowSize="1077" EstimatedTotalSubtreeCost="14495.8" Parallel="0" EstimateRebinds="0" EstimateRewinds="0" EstimatedExecutionMode="Batch"><OutputList><ColumnReference Database="[REMOTE_OFFICE_3]" Schema="[dbo]" Table="[Files]" Column="id"></ColumnReference><ColumnReference Database="[REMOTE_OFFICE_3]" Schema="[dbo]" Table="[Files]" Column="id_parent"></ColumnReference><ColumnReference Database="[REMOTE_OFFICE_3]" Schema="[dbo]" Table="[Files]" Column="id_project"></ColumnReference><ColumnReference Database="[REMOTE_OFFICE_3]" Schema="[dbo]" Table="[Files]" Column="file_name_cl"></ColumnReference><ColumnReference Database="[REMOTE_OFFICE_3]" Schema="[dbo]" Table="[Files]" Column="is_directory"></ColumnReference><ColumnReference Database="[REMOTE_OFFICE_3]" Schema="[dbo]" Table="[Files]" Column="is_deleted"></ColumnReference><ColumnReference Database="[REMOTE_OFFICE_3]" Schema="[dbo]" Table="[Files]" Column="file_size"></ColumnReference><ColumnReference Database="[REMOTE_OFFICE_3]" Schema="[dbo]" Table="[Files]" Column="id_user_last_edit"></ColumnReference><ColumnReference Database="[REMOTE_OFFICE_3]" Schema="[dbo]" Table="[Files]" Column="previous_version"></ColumnReference><ColumnReference Database="[REMOTE_OFFICE_3]" Schema="[dbo]" Table="[Files]" Column="attributes"></ColumnReference><ColumnReference Database="[REMOTE_OFFICE_3]" Schema="[dbo]" Table="[Files]" Column="id_file_blob"></ColumnReference><ColumnReference Database="[REMOTE_OFFICE_3]" Schema="[dbo]" Table="[Kits]" Column="id"></ColumnReference><ColumnReference Column="Expr1022"></ColumnReference><ColumnReference Column="Expr1023"></ColumnReference><ColumnReference Column="Expr1024"></ColumnReference></OutputList><MemoryFractions Input="0.066419" Output="0.066419"></MemoryFractions><Hash><DefinedValues></DefinedValues><HashKeysBuild><ColumnReference Database="[REMOTE_OFFICE_3]" Schema="[dbo]" Table="[Kits]" Column="id_file"></ColumnReference></HashKeysBuild><HashKeysProbe><ColumnReference Database="[REMOTE_OFFICE_3]" Schema="[dbo]" Table="[Files]" Column="id"></ColumnReference></HashKeysProbe><RelOp NodeId="8" PhysicalOp="Index Scan" LogicalOp="Index Scan" EstimateRows="6" EstimatedRowsRead="6" EstimateIO="0.003125" EstimateCPU="0.0001636" AvgRowSize="15" EstimatedTotalSubtreeCost="0.0032886" TableCardinality="6" Parallel="0" EstimateRebinds="0" EstimateRewinds="0" EstimatedExecutionMode="Batch"><OutputList><ColumnReference Database="[REMOTE_OFFICE_3]" Schema="[dbo]" Table="[Kits]" Column="id"></ColumnReference><ColumnReference Database="[REMOTE_OFFICE_3]" Schema="[dbo]" Table="[Kits]" Column="id_file"></ColumnReference></OutputList><IndexScan Ordered="0" ForcedIndex="0" ForceSeek="0" ForceScan="0" NoExpandHint="0" Storage="RowStore"><DefinedValues><DefinedValue><ColumnReference Database="[REMOTE_OFFICE_3]" Schema="[dbo]" Table="[Kits]" Column="id"></ColumnReference></DefinedValue><DefinedValue><ColumnReference Database="[REMOTE_OFFICE_3]" Schema="[dbo]" Table="[Kits]" Column="id_file"></ColumnReference></DefinedValue></DefinedValues><Object Database="[REMOTE_OFFICE_3]" Schema="[dbo]" Table="[Kits]" Index="[Id_file_index]" IndexKind="NonClustered" Storage="RowStore"></Object></IndexScan></RelOp><RelOp NodeId="9" PhysicalOp="Hash Match" LogicalOp="Inner Join" EstimateRows="1.40877e+08" EstimateIO="0" EstimateCPU="376.221" AvgRowSize="1073" EstimatedTotalSubtreeCost="14119.6" Parallel="0" EstimateRebinds="0" EstimateRewinds="0" EstimatedExecutionMode="Batch"><OutputList><ColumnReference Database="[REMOTE_OFFICE_3]" Schema="[dbo]" Table="[Files]" Column="id"></ColumnReference><ColumnReference Database="[REMOTE_OFFICE_3]" Schema="[dbo]" Table="[Files]" Column="id_parent"></ColumnReference><ColumnReference Database="[REMOTE_OFFICE_3]" Schema="[dbo]" Table="[Files]" Column="id_project"></ColumnReference><ColumnReference Database="[REMOTE_OFFICE_3]" Schema="[dbo]" Table="[Files]" Column="file_name_cl"></ColumnReference><ColumnReference Database="[REMOTE_OFFICE_3]" Schema="[dbo]" Table="[Files]" Column="is_directory"></ColumnReference><ColumnReference Database="[REMOTE_OFFICE_3]" Schema="[dbo]" Table="[Files]" Column="is_deleted"></ColumnReference><ColumnReference Database="[REMOTE_OFFICE_3]" Schema="[dbo]" Table="[Files]" Column="file_size"></ColumnReference><ColumnReference Database="[REMOTE_OFFICE_3]" Schema="[dbo]" Table="[Files]" Column="id_user_last_edit"></ColumnReference><ColumnReference Database="[REMOTE_OFFICE_3]" Schema="[dbo]" Table="[Files]" Column="previous_version"></ColumnReference><ColumnReference Database="[REMOTE_OFFICE_3]" Schema="[dbo]" Table="[Files]" Column="attributes"></ColumnReference><ColumnReference Database="[REMOTE_OFFICE_3]" Schema="[dbo]" Table="[Files]" Column="id_file_blob"></ColumnReference><ColumnReference Column="Expr1022"></ColumnReference><ColumnReference Column="Expr1023"></ColumnReference><ColumnReference Column="Expr1024"></ColumnReference></OutputList><MemoryFractions Input="0.0332095" Output="0.0332095"></MemoryFractions><Hash><DefinedValues></DefinedValues><HashKeysBuild><ColumnReference Database="[tempdb]" Schema="[dbo]" Table="[#TempGetFileDescendantsProc]" Alias="[r]" Column="id"></ColumnReference></HashKeysBuild><HashKeysProbe><ColumnReference Database="[REMOTE_OFFICE_3]" Schema="[dbo]" Table="[Files]" Column="id_parent"></ColumnReference></HashKeysProbe><ProbeResidual><ScalarOperator ScalarString="[REMOTE_OFFICE_3].[dbo].[Files].[id_parent]=[tempdb].[dbo].[#TempGetFileDescendantsProc].[id] as [r].[id]"><Compare CompareOp="EQ"><ScalarOperator><Identifier><ColumnReference Database="[REMOTE_OFFICE_3]" Schema="[dbo]" Table="[Files]" Column="id_parent"></ColumnReference></Identifier></ScalarOperator><ScalarOperator><Identifier><ColumnReference Database="[tempdb]" Schema="[dbo]" Table="[#TempGetFileDescendantsProc]" Alias="[r]" Column="id"></ColumnReference></Identifier></ScalarOperator></Compare></ScalarOperator></ProbeResidual><RelOp NodeId="10" PhysicalOp="Table Scan" LogicalOp="Table Scan" EstimateRows="1" EstimatedRowsRead="1" EstimateIO="0.003125" EstimateCPU="0.0001581" AvgRowSize="11" EstimatedTotalSubtreeCost="0.0032831" TableCardinality="0" Parallel="0" EstimateRebinds="0" EstimateRewinds="0" EstimatedExecutionMode="Batch"><OutputList><ColumnReference Database="[tempdb]" Schema="[dbo]" Table="[#TempGetFileDescendantsProc]" Alias="[r]" Column="id"></ColumnReference></OutputList><IndexScan Ordered="0" ForcedIndex="0" ForceSeek="0" ForceScan="0" NoExpandHint="0" Storage="RowStore"><DefinedValues><DefinedValue><ColumnReference Database="[tempdb]" Schema="[dbo]" Table="[#TempGetFileDescendantsProc]" Alias="[r]" Column="id"></ColumnReference></DefinedValue></DefinedValues><Object Database="[tempdb]" Schema="[dbo]" Table="[#TempGetFileDescendantsProc]" Alias="[r]" IndexKind="Heap" Storage="RowStore"></Object></IndexScan></RelOp><RelOp NodeId="11" PhysicalOp="Merge Join" LogicalOp="Left Anti Semi Join" EstimateRows="1.40877e+08" EstimateIO="0" EstimateCPU="14.0933" AvgRowSize="1073" EstimatedTotalSubtreeCost="13348.6" Parallel="0" EstimateRebinds="0" EstimateRewinds="0" EstimatedExecutionMode="Row"><OutputList><ColumnReference Database="[REMOTE_OFFICE_3]" Schema="[dbo]" Table="[Files]" Column="id"></ColumnReference><ColumnReference Database="[REMOTE_OFFICE_3]" Schema="[dbo]" Table="[Files]" Column="id_parent"></ColumnReference><ColumnReference Database="[REMOTE_OFFICE_3]" Schema="[dbo]" Table="[Files]" Column="id_project"></ColumnReference><ColumnReference Database="[REMOTE_OFFICE_3]" Schema="[dbo]" Table="[Files]" Column="file_name_cl"></ColumnReference><ColumnReference Database="[REMOTE_OFFICE_3]" Schema="[dbo]" Table="[Files]" Column="is_directory"></ColumnReference><ColumnReference Database="[REMOTE_OFFICE_3]" Schema="[dbo]" Table="[Files]" Column="is_deleted"></ColumnReference><ColumnReference Database="[REMOTE_OFFICE_3]" Schema="[dbo]" Table="[Files]" Column="file_size"></ColumnReference><ColumnReference Database="[REMOTE_OFFICE_3]" Schema="[dbo]" Table="[Files]" Column="id_user_last_edit"></ColumnReference><ColumnReference Database="[REMOTE_OFFICE_3]" Schema="[dbo]" Table="[Files]" Column="previous_version"></ColumnReference><ColumnReference Database="[REMOTE_OFFICE_3]" Schema="[dbo]" Table="[Files]" Column="attributes"></ColumnReference><ColumnReference Database="[REMOTE_OFFICE_3]" Schema="[dbo]" Table="[Files]" Column="id_file_blob"></ColumnReference><ColumnReference Column="Expr1022"></ColumnReference><ColumnReference Column="Expr1023"></ColumnReference><ColumnReference Column="Expr1024"></ColumnReference></OutputList><Merge ManyToMany="0"><InnerSideJoinColumns><ColumnReference Database="[tempdb]" Schema="[dbo]" Table="[#TempGetFileDescendantsProc]" Column="id"></ColumnReference></InnerSideJoinColumns><OuterSideJoinColumns><ColumnReference Database="[REMOTE_OFFICE_3]" Schema="[dbo]" Table="[Files]" Column="id"></ColumnReference></OuterSideJoinColumns><Residual><ScalarOperator ScalarString="[REMOTE_OFFICE_3].[dbo].[Files].[id]=[tempdb].[dbo].[#TempGetFileDescendantsProc].[id]"><Compare CompareOp="EQ"><ScalarOperator><Identifier><ColumnReference Database="[REMOTE_OFFICE_3]" Schema="[dbo]" Table="[Files]" Column="id"></ColumnReference></Identifier></ScalarOperator><ScalarOperator><Identifier><ColumnReference Database="[tempdb]" Schema="[dbo]" Table="[#TempGetFileDescendantsProc]" Column="id"></ColumnReference></Identifier></ScalarOperator></Compare></ScalarOperator></Residual><RelOp NodeId="12" PhysicalOp="Nested Loops" LogicalOp="Left Anti Semi Join" EstimateRows="1.40877e+08" EstimateIO="0" EstimateCPU="588.865" AvgRowSize="1073" EstimatedTotalSubtreeCost="13334.5" Parallel="0" EstimateRebinds="0" EstimateRewinds="0" EstimatedExecutionMode="Row"><OutputList><ColumnReference Database="[REMOTE_OFFICE_3]" Schema="[dbo]" Table="[Files]" Column="id"></ColumnReference><ColumnReference Database="[REMOTE_OFFICE_3]" Schema="[dbo]" Table="[Files]" Column="id_parent"></ColumnReference><ColumnReference Database="[REMOTE_OFFICE_3]" Schema="[dbo]" Table="[Files]" Column="id_project"></ColumnReference><ColumnReference Database="[REMOTE_OFFICE_3]" Schema="[dbo]" Table="[Files]" Column="file_name_cl"></ColumnReference><ColumnReference Database="[REMOTE_OFFICE_3]" Schema="[dbo]" Table="[Files]" Column="is_directory"></ColumnReference><ColumnReference Database="[REMOTE_OFFICE_3]" Schema="[dbo]" Table="[Files]" Column="is_deleted"></ColumnReference><ColumnReference Database="[REMOTE_OFFICE_3]" Schema="[dbo]" Table="[Files]" Column="file_size"></ColumnReference><ColumnReference Database="[REMOTE_OFFICE_3]" Schema="[dbo]" Table="[Files]" Column="id_user_last_edit"></ColumnReference><ColumnReference Database="[REMOTE_OFFICE_3]" Schema="[dbo]" Table="[Files]" Column="previous_version"></ColumnReference><ColumnReference Database="[REMOTE_OFFICE_3]" Schema="[dbo]" Table="[Files]" Column="attributes"></ColumnReference><ColumnReference Database="[REMOTE_OFFICE_3]" Schema="[dbo]" Table="[Files]" Column="id_file_blob"></ColumnReference><ColumnReference Column="Expr1022"></ColumnReference><ColumnReference Column="Expr1023"></ColumnReference><ColumnReference Column="Expr1024"></ColumnReference></OutputList><NestedLoops Optimized="0"><RelOp NodeId="13" PhysicalOp="Compute Scalar" LogicalOp="Compute Scalar" EstimateRows="1.40877e+08" EstimateIO="0" EstimateCPU="7.04384" AvgRowSize="1073" EstimatedTotalSubtreeCost="1462.27" Parallel="0" EstimateRebinds="0" EstimateRewinds="0" EstimatedExecutionMode="Batch"><OutputList><ColumnReference Database="[REMOTE_OFFICE_3]" Schema="[dbo]" Table="[Files]" Column="id"></ColumnReference><ColumnReference Database="[REMOTE_OFFICE_3]" Schema="[dbo]" Table="[Files]" Column="id_parent"></ColumnReference><ColumnReference Database="[REMOTE_OFFICE_3]" Schema="[dbo]" Table="[Files]" Column="id_project"></ColumnReference><ColumnReference Database="[REMOTE_OFFICE_3]" Schema="[dbo]" Table="[Files]" Column="file_name_cl"></ColumnReference><ColumnReference Database="[REMOTE_OFFICE_3]" Schema="[dbo]" Table="[Files]" Column="is_directory"></ColumnReference><ColumnReference Database="[REMOTE_OFFICE_3]" Schema="[dbo]" Table="[Files]" Column="is_deleted"></ColumnReference><ColumnReference Database="[REMOTE_OFFICE_3]" Schema="[dbo]" Table="[Files]" Column="file_size"></ColumnReference><ColumnReference Database="[REMOTE_OFFICE_3]" Schema="[dbo]" Table="[Files]" Column="id_user_last_edit"></ColumnReference><ColumnReference Database="[REMOTE_OFFICE_3]" Schema="[dbo]" Table="[Files]" Column="previous_version"></ColumnReference><ColumnReference Database="[REMOTE_OFFICE_3]" Schema="[dbo]" Table="[Files]" Column="attributes"></ColumnReference><ColumnReference Database="[REMOTE_OFFICE_3]" Schema="[dbo]" Table="[Files]" Column="id_file_blob"></ColumnReference><ColumnReference Column="Expr1022"></ColumnReference><ColumnReference Column="Expr1023"></ColumnReference><ColumnReference Column="Expr1024"></ColumnReference></OutputList><ComputeScalar><DefinedValues><DefinedValue><ColumnReference Column="Expr1022"></ColumnReference><ScalarOperator ScalarString="CONVERT_IMPLICIT(datetime,[REMOTE_OFFICE_3].[dbo].[Files].[edit_date_time],0)"><Convert DataType="datetime" Style="0" Implicit="1"><ScalarOperator><Identifier><ColumnReference Database="[REMOTE_OFFICE_3]" Schema="[dbo]" Table="[Files]" Column="edit_date_time"></ColumnReference></Identifier></ScalarOperator></Convert></ScalarOperator></DefinedValue><DefinedValue><ColumnReference Column="Expr1023"></ColumnReference><ScalarOperator ScalarString="CONVERT_IMPLICIT(datetime,[REMOTE_OFFICE_3].[dbo].[Files].[creation_date],0)"><Convert DataType="datetime" Style="0" Implicit="1"><ScalarOperator><Identifier><ColumnReference Database="[REMOTE_OFFICE_3]" Schema="[dbo]" Table="[Files]" Column="creation_date"></ColumnReference></Identifier></ScalarOperator></Convert></ScalarOperator></DefinedValue><DefinedValue><ColumnReference Column="Expr1024"></ColumnReference><ScalarOperator ScalarString="CONVERT_IMPLICIT(datetime,[REMOTE_OFFICE_3].[dbo].[Files].[last_access_time],0)"><Convert DataType="datetime" Style="0" Implicit="1"><ScalarOperator><Identifier><ColumnReference Database="[REMOTE_OFFICE_3]" Schema="[dbo]" Table="[Files]" Column="last_access_time"></ColumnReference></Identifier></ScalarOperator></Convert></ScalarOperator></DefinedValue></DefinedValues><RelOp NodeId="14" PhysicalOp="Clustered Index Scan" LogicalOp="Clustered Index Scan" EstimateRows="1.40877e+08" EstimatedRowsRead="1.40877e+08" EstimateIO="1300.26" EstimateCPU="154.965" AvgRowSize="1073" EstimatedTotalSubtreeCost="1455.22" TableCardinality="1.40877e+08" Parallel="0" EstimateRebinds="0" EstimateRewinds="0" EstimatedExecutionMode="Batch"><OutputList><ColumnReference Database="[REMOTE_OFFICE_3]" Schema="[dbo]" Table="[Files]" Column="id"></ColumnReference><ColumnReference Database="[REMOTE_OFFICE_3]" Schema="[dbo]" Table="[Files]" Column="id_parent"></ColumnReference><ColumnReference Database="[REMOTE_OFFICE_3]" Schema="[dbo]" Table="[Files]" Column="id_project"></ColumnReference><ColumnReference Database="[REMOTE_OFFICE_3]" Schema="[dbo]" Table="[Files]" Column="file_name_cl"></ColumnReference><ColumnReference Database="[REMOTE_OFFICE_3]" Schema="[dbo]" Table="[Files]" Column="edit_date_time"></ColumnReference><ColumnReference Database="[REMOTE_OFFICE_3]" Schema="[dbo]" Table="[Files]" Column="is_directory"></ColumnReference><ColumnReference Database="[REMOTE_OFFICE_3]" Schema="[dbo]" Table="[Files]" Column="is_deleted"></ColumnReference><ColumnReference Database="[REMOTE_OFFICE_3]" Schema="[dbo]" Table="[Files]" Column="file_size"></ColumnReference><ColumnReference Database="[REMOTE_OFFICE_3]" Schema="[dbo]" Table="[Files]" Column="id_user_last_edit"></ColumnReference><ColumnReference Database="[REMOTE_OFFICE_3]" Schema="[dbo]" Table="[Files]" Column="creation_date"></ColumnReference><ColumnReference Database="[REMOTE_OFFICE_3]" Schema="[dbo]" Table="[Files]" Column="previous_version"></ColumnReference><ColumnReference Database="[REMOTE_OFFICE_3]" Schema="[dbo]" Table="[Files]" Column="attributes"></ColumnReference><ColumnReference Database="[REMOTE_OFFICE_3]" Schema="[dbo]" Table="[Files]" Column="last_access_time"></ColumnReference><ColumnReference Database="[REMOTE_OFFICE_3]" Schema="[dbo]" Table="[Files]" Column="id_file_blob"></ColumnReference></OutputList><IndexScan Ordered="1" ScanDirection="FORWARD" ForcedIndex="0" ForceSeek="0" ForceScan="0" NoExpandHint="0" Storage="RowStore"><DefinedValues><DefinedValue><ColumnReference Database="[REMOTE_OFFICE_3]" Schema="[dbo]" Table="[Files]" Column="id"></ColumnReference></DefinedValue><DefinedValue><ColumnReference Database="[REMOTE_OFFICE_3]" Schema="[dbo]" Table="[Files]" Column="id_parent"></ColumnReference></DefinedValue><DefinedValue><ColumnReference Database="[REMOTE_OFFICE_3]" Schema="[dbo]" Table="[Files]" Column="id_project"></ColumnReference></DefinedValue><DefinedValue><ColumnReference Database="[REMOTE_OFFICE_3]" Schema="[dbo]" Table="[Files]" Column="file_name_cl"></ColumnReference></DefinedValue><DefinedValue><ColumnReference Database="[REMOTE_OFFICE_3]" Schema="[dbo]" Table="[Files]" Column="edit_date_time"></ColumnReference></DefinedValue><DefinedValue><ColumnReference Database="[REMOTE_OFFICE_3]" Schema="[dbo]" Table="[Files]" Column="is_directory"></ColumnReference></DefinedValue><DefinedValue><ColumnReference Database="[REMOTE_OFFICE_3]" Schema="[dbo]" Table="[Files]" Column="is_deleted"></ColumnReference></DefinedValue><DefinedValue><ColumnReference Database="[REMOTE_OFFICE_3]" Schema="[dbo]" Table="[Files]" Column="file_size"></ColumnReference></DefinedValue><DefinedValue><ColumnReference Database="[REMOTE_OFFICE_3]" Schema="[dbo]" Table="[Files]" Column="id_user_last_edit"></ColumnReference></DefinedValue><DefinedValue><ColumnReference Database="[REMOTE_OFFICE_3]" Schema="[dbo]" Table="[Files]" Column="creation_date"></ColumnReference></DefinedValue><DefinedValue><ColumnReference Database="[REMOTE_OFFICE_3]" Schema="[dbo]" Table="[Files]" Column="previous_version"></ColumnReference></DefinedValue><DefinedValue><ColumnReference Database="[REMOTE_OFFICE_3]" Schema="[dbo]" Table="[Files]" Column="attributes"></ColumnReference></DefinedValue><DefinedValue><ColumnReference Database="[REMOTE_OFFICE_3]" Schema="[dbo]" Table="[Files]" Column="last_access_time"></ColumnReference></DefinedValue><DefinedValue><ColumnReference Database="[REMOTE_OFFICE_3]" Schema="[dbo]" Table="[Files]" Column="id_file_blob"></ColumnReference></DefinedValue></DefinedValues><Object Database="[REMOTE_OFFICE_3]" Schema="[dbo]" Table="[Files]" Index="[PK_ProjectsFiles]" IndexKind="Clustered" Storage="RowStore"></Object></IndexScan></RelOp></ComputeScalar></RelOp><RelOp NodeId="15" PhysicalOp="Table Scan" LogicalOp="Table Scan" EstimateRows="1" EstimatedRowsRead="1" EstimateIO="0.0032035" EstimateCPU="7.96e-05" AvgRowSize="11" EstimatedTotalSubtreeCost="11213.8" TableCardinality="0" Parallel="0" EstimateRebinds="0" EstimateRewinds="1.40877e+08" EstimatedExecutionMode="Row"><OutputList></OutputList><TableScan Ordered="0" ForcedIndex="0" ForceScan="0" NoExpandHint="0" Storage="RowStore"><DefinedValues></DefinedValues><Object Database="[tempdb]" Schema="[dbo]" Table="[#TempGetFileDescendantsProc]" IndexKind="Heap" Storage="RowStore"></Object><Predicate><ScalarOperator ScalarString="[tempdb].[dbo].[#TempGetFileDescendantsProc].[id] IS NULL"><Compare CompareOp="IS"><ScalarOperator><Identifier><ColumnReference Database="[tempdb]" Schema="[dbo]" Table="[#TempGetFileDescendantsProc]" Column="id"></ColumnReference></Identifier></ScalarOperator><ScalarOperator><Const ConstValue="NULL"></Const></ScalarOperator></Compare></ScalarOperator></Predicate></TableScan></RelOp></NestedLoops></RelOp><RelOp NodeId="16" PhysicalOp="Sort" LogicalOp="Sort" EstimateRows="1" EstimateIO="0.00375375" EstimateCPU="0.000100011" AvgRowSize="11" EstimatedTotalSubtreeCost="0.00713686" Parallel="0" EstimateRebinds="0" EstimateRewinds="0" EstimatedExecutionMode="Batch"><OutputList><ColumnReference Database="[tempdb]" Schema="[dbo]" Table="[#TempGetFileDescendantsProc]" Column="id"></ColumnReference></OutputList><MemoryFractions Input="0.618202" Output="0.618202"></MemoryFractions><Sort Distinct="0"><OrderBy><OrderByColumn Ascending="1"><ColumnReference Database="[tempdb]" Schema="[dbo]" Table="[#TempGetFileDescendantsProc]" Column="id"></ColumnReference></OrderByColumn></OrderBy><RelOp NodeId="17" PhysicalOp="Table Scan" LogicalOp="Table Scan" EstimateRows="1" EstimatedRowsRead="1" EstimateIO="0.003125" EstimateCPU="0.0001581" AvgRowSize="11" EstimatedTotalSubtreeCost="0.0032831" TableCardinality="0" Parallel="0" EstimateRebinds="0" EstimateRewinds="0" EstimatedExecutionMode="Batch"><OutputList><ColumnReference Database="[tempdb]" Schema="[dbo]" Table="[#TempGetFileDescendantsProc]" Column="id"></ColumnReference></OutputList><IndexScan Ordered="0" ForcedIndex="0" ForceSeek="0" ForceScan="0" NoExpandHint="0" Storage="RowStore"><DefinedValues><DefinedValue><ColumnReference Database="[tempdb]" Schema="[dbo]" Table="[#TempGetFileDescendantsProc]" Column="id"></ColumnReference></DefinedValue></DefinedValues><Object Database="[tempdb]" Schema="[dbo]" Table="[#TempGetFileDescendantsProc]" IndexKind="Heap" Storage="RowStore"></Object></IndexScan></RelOp></Sort></RelOp></Merge></RelOp></Hash></RelOp></Hash></RelOp></Hash></RelOp></Hash></RelOp></ComputeScalar></RelOp></Spool></RelOp></Update></RelOp></QueryPlan><UDF ProcName="[REMOTE_OFFICE_3].[dbo].[GetFullPath]"><Statements><StmtSimple StatementText="CREATE function [dbo].[GetFullPath] (@id_file INT, @id_project INT)&#xd;&#xa;returns NVARCHAR(4000)&#xd;&#xa;begin&#xd;&#xa;&#xd;&#xa;  DECLARE @full_path NVARCHAR(4000);&#xd;&#xa;&#xd;&#xa;  WITH CTE AS (&#xd;&#xa;  SELECT id,id_parent, CAST(&apos;\&apos;+file_name_cl AS NVARCHAR(MAX))AS full_path FROM Files WHERE id=@id_file&#xd;&#xa;  UNION ALL&#xd;&#xa;&#xd;&#xa;      SELECT C.id,C.id_parent,cast(&apos;\&apos;+C.file_name_cl+P.full_path AS NVARCHAR(MAX)) FROM CTE AS P&#xd;&#xa;        JOIN Files AS C&#xd;&#xa;        ON C.id = P.id_parent&#xd;&#xa;)&#xd;&#xa;SELECT TOP 1 @full_path= full_path FROM CTE ORDER BY len(full_path) DESC" StatementId="8" StatementCompId="13" StatementType="SELECT" RetrievedFromCache="false" StatementSubTreeCost="0.0269116" StatementEstRows="1" SecurityPolicyApplied="false" StatementOptmLevel="FULL" QueryHash="0xE25DF21AC6F5BEF8" QueryPlanHash="0x6CF2A20A5EB58CE2" StatementOptmEarlyAbortReason="GoodEnoughPlanFound" CardinalityEstimationModelVersion="130"><StatementSetOptions QUOTED_IDENTIFIER="true" ARITHABORT="false" CONCAT_NULL_YIELDS_NULL="true" ANSI_NULLS="true" ANSI_PADDING="true" ANSI_WARNINGS="true" NUMERIC_ROUNDABORT="false"></StatementSetOptions><QueryPlan CachedPlanSize="40" CompileTime="3" CompileCPU="3" CompileMemory="464"><Warnings><PlanAffectingConvert ConvertIssue="Cardinality Estimate" Expression="CONVERT(nvarchar(max),N&apos;\&apos;+[REMOTE_OFFICE_3].[dbo].[Files].[file_name_cl],0)"></PlanAffectingConvert><PlanAffectingConvert ConvertIssue="Cardinality Estimate" Expression="CONVERT_IMPLICIT(nvarchar(4000),[Recr1010],0)"></PlanAffectingConvert></Warnings><MemoryGrantInfo SerialRequiredMemory="24" SerialDesiredMemory="32" GrantedMemory="0" MaxUsedMemory="0"></MemoryGrantInfo><OptimizerHardwareDependentProperties EstimatedAvailableMemoryGrant="323426" EstimatedPagesCached="323426" EstimatedAvailableDegreeOfParallelism="8" MaxCompileMemory="34668464"></OptimizerHardwareDependentProperties><OptimizerStatsUsage><StatisticsInfo LastUpdate="2024-12-18T16:33:54.72" ModificationCount="1356" SamplingPercent="0.38075" Statistics="[PK_ProjectsFiles]" Table="[Files]" Schema="[dbo]" Database="[REMOTE_OFFICE_3]"></StatisticsInfo></OptimizerStatsUsage><RelOp NodeId="0" PhysicalOp="Compute Scalar" LogicalOp="Compute Scalar" EstimateRows="1" EstimateIO="0" EstimateCPU="1e-07" AvgRowSize="4011" EstimatedTotalSubtreeCost="0.0269116" Parallel="0" EstimateRebinds="0" EstimateRewinds="0" EstimatedExecutionMode="Row"><OutputList><ColumnReference Column="Expr1012"></ColumnReference></OutputList><ComputeScalar><DefinedValues><DefinedValue><ColumnReference Column="Expr1012"></ColumnReference><ScalarOperator ScalarString="CONVERT_IMPLICIT(nvarchar(4000),[Recr1010],0)"><Convert DataType="nvarchar" Length="8000" Style="0" Implicit="1"><ScalarOperator><Identifier><ColumnReference Column="Recr1010"></ColumnReference></Identifier></ScalarOperator></Convert></ScalarOperator></DefinedValue></DefinedValues><RelOp NodeId="1" PhysicalOp="Sort" LogicalOp="TopN Sort" EstimateRows="1" EstimateRowsWithoutRowGoal="4" EstimateIO="0.0112613" EstimateCPU="0.000116523" AvgRowSize="4043" EstimatedTotalSubtreeCost="0.0269114" Parallel="0" EstimateRebinds="0" EstimateRewinds="0" EstimatedExecutionMode="Row"><OutputList><ColumnReference Column="Recr1010"></ColumnReference><ColumnReference Column="Expr1011"></ColumnReference></OutputList><MemoryFractions Input="1" Output="1"></MemoryFractions><TopSort Distinct="0" Rows="1"><OrderBy><OrderByColumn Ascending="0"><ColumnReference Column="Expr1011"></ColumnReference></OrderByColumn></OrderBy><RelOp NodeId="2" PhysicalOp="Compute Scalar" LogicalOp="Compute Scalar" EstimateRows="4" EstimateRowsWithoutRowGoal="4" EstimateIO="0" EstimateCPU="4e-07" AvgRowSize="4043" EstimatedTotalSubtreeCost="0.0155336" Parallel="0" EstimateRebinds="0" EstimateRewinds="0" EstimatedExecutionMode="Row"><OutputList><ColumnReference Column="Recr1010"></ColumnReference><ColumnReference Column="Expr1011"></ColumnReference></OutputList><ComputeScalar><DefinedValues><DefinedValue><ColumnReference Column="Expr1011"></ColumnReference><ScalarOperator ScalarString="len([Recr1010])"><Intrinsic FunctionName="len"><ScalarOperator><Identifier><ColumnReference Column="Recr1010"></ColumnReference></Identifier></ScalarOperator></Intrinsic></ScalarOperator></DefinedValue></DefinedValues><RelOp NodeId="3" PhysicalOp="Index Spool" LogicalOp="Lazy Spool" EstimateRows="4" EstimateIO="0" EstimateCPU="1e-08" AvgRowSize="4035" EstimatedTotalSubtreeCost="0.0155332" Parallel="0" EstimateRebinds="0" EstimateRewinds="0" EstimatedExecutionMode="Row"><OutputList><ColumnReference Column="Expr1017"></ColumnReference><ColumnReference Column="Recr1008"></ColumnReference><ColumnReference Column="Recr1009"></ColumnReference><ColumnReference Column="Recr1010"></ColumnReference></OutputList><Spool Stack="1"><RelOp NodeId="4" PhysicalOp="Concatenation" LogicalOp="Concatenation" EstimateRows="4" EstimateIO="0" EstimateCPU="2e-09" AvgRowSize="4035" EstimatedTotalSubtreeCost="0.0132916" Parallel="0" EstimateRebinds="0" EstimateRewinds="0" EstimatedExecutionMode="Row"><OutputList><ColumnReference Column="Expr1017"></ColumnReference><ColumnReference Column="Recr1008"></ColumnReference><ColumnReference Column="Recr1009"></ColumnReference><ColumnReference Column="Recr1010"></ColumnReference></OutputList><Concat><DefinedValues><DefinedValue><ColumnReference Column="Expr1017"></ColumnReference><ColumnReference Column="Expr1014"></ColumnReference><ColumnReference Column="Expr1016"></ColumnReference></DefinedValue><DefinedValue><ColumnReference Column="Recr1008"></ColumnReference><ColumnReference Database="[REMOTE_OFFICE_3]" Schema="[dbo]" Table="[Files]" Column="id"></ColumnReference><ColumnReference Database="[REMOTE_OFFICE_3]" Schema="[dbo]" Table="[Files]" Alias="[C]" Column="id"></ColumnReference></DefinedValue><DefinedValue><ColumnReference Column="Recr1009"></ColumnReference><ColumnReference Database="[REMOTE_OFFICE_3]" Schema="[dbo]" Table="[Files]" Column="id_parent"></ColumnReference><ColumnReference Database="[REMOTE_OFFICE_3]" Schema="[dbo]" Table="[Files]" Alias="[C]" Column="id_parent"></ColumnReference></DefinedValue><DefinedValue><ColumnReference Column="Recr1010"></ColumnReference><ColumnReference Column="Expr1002"></ColumnReference><ColumnReference Column="Expr1007"></ColumnReference></DefinedValue></DefinedValues><RelOp NodeId="5" PhysicalOp="Compute Scalar" LogicalOp="Compute Scalar" EstimateRows="1" EstimateIO="0" EstimateCPU="2e-08" AvgRowSize="4035" EstimatedTotalSubtreeCost="2e-08" Parallel="0" EstimateRebinds="4" EstimateRewinds="0" EstimatedExecutionMode="Row"><OutputList><ColumnReference Column="Expr1014"></ColumnReference><ColumnReference Database="[REMOTE_OFFICE_3]" Schema="[dbo]" Table="[Files]" Column="id"></ColumnReference><ColumnReference Database="[REMOTE_OFFICE_3]" Schema="[dbo]" Table="[Files]" Column="id_parent"></ColumnReference><ColumnReference Column="Expr1002"></ColumnReference></OutputList><ComputeScalar><DefinedValues><DefinedValue><ColumnReference Column="Expr1014"></ColumnReference><ScalarOperator ScalarString="(0)"><Const ConstValue="(0)"></Const></ScalarOperator></DefinedValue></DefinedValues><RelOp NodeId="6" PhysicalOp="Compute Scalar" LogicalOp="Compute Scalar" EstimateRows="1" EstimateIO="0" EstimateCPU="1e-07" AvgRowSize="4043" EstimatedTotalSubtreeCost="0.0032832" Parallel="0" EstimateRebinds="0" EstimateRewinds="0" EstimatedExecutionMode="Row"><OutputList><ColumnReference Database="[REMOTE_OFFICE_3]" Schema="[dbo]" Table="[Files]" Column="id"></ColumnReference><ColumnReference Database="[REMOTE_OFFICE_3]" Schema="[dbo]" Table="[Files]" Column="id_parent"></ColumnReference><ColumnReference Column="Expr1002"></ColumnReference></OutputList><ComputeScalar><DefinedValues><DefinedValue><ColumnReference Column="Expr1002"></ColumnReference><ScalarOperator ScalarString="CONVERT(nvarchar(max),N&apos;\&apos;+[REMOTE_OFFICE_3].[dbo].[Files].[file_name_cl],0)"><Convert DataType="nvarchar(max)" Length="2147483647" Style="0" Implicit="0"><ScalarOperator><Arithmetic Operation="ADD"><ScalarOperator><Const ConstValue="N&apos;\&apos;"></Const></ScalarOperator><ScalarOperator><Identifier><ColumnReference Database="[REMOTE_OFFICE_3]" Schema="[dbo]" Table="[Files]" Column="file_name_cl"></ColumnReference></Identifier></ScalarOperator></Arithmetic></ScalarOperator></Convert></ScalarOperator></DefinedValue></DefinedValues><RelOp NodeId="7" PhysicalOp="Clustered Index Seek" LogicalOp="Clustered Index Seek" EstimateRows="1" EstimatedRowsRead="1" EstimateIO="0.003125" EstimateCPU="0.0001581" AvgRowSize="1019" EstimatedTotalSubtreeCost="0.0032831" TableCardinality="1.40877e+08" Parallel="0" EstimateRebinds="0" EstimateRewinds="0" EstimatedExecutionMode="Row"><OutputList><ColumnReference Database="[REMOTE_OFFICE_3]" Schema="[dbo]" Table="[Files]" Column="id"></ColumnReference><ColumnReference Database="[REMOTE_OFFICE_3]" Schema="[dbo]" Table="[Files]" Column="id_parent"></ColumnReference><ColumnReference Database="[REMOTE_OFFICE_3]" Schema="[dbo]" Table="[Files]" Column="file_name_cl"></ColumnReference></OutputList><IndexScan Ordered="1" ScanDirection="FORWARD" ForcedIndex="0" ForceSeek="0" ForceScan="0" NoExpandHint="0" Storage="RowStore"><DefinedValues><DefinedValue><ColumnReference Database="[REMOTE_OFFICE_3]" Schema="[dbo]" Table="[Files]" Column="id"></ColumnReference></DefinedValue><DefinedValue><ColumnReference Database="[REMOTE_OFFICE_3]" Schema="[dbo]" Table="[Files]" Column="id_parent"></ColumnReference></DefinedValue><DefinedValue><ColumnReference Database="[REMOTE_OFFICE_3]" Schema="[dbo]" Table="[Files]" Column="file_name_cl"></ColumnReference></DefinedValue></DefinedValues><Object Database="[REMOTE_OFFICE_3]" Schema="[dbo]" Table="[Files]" Index="[PK_ProjectsFiles]" IndexKind="Clustered" Storage="RowStore"></Object><SeekPredicates><SeekPredicateNew><SeekKeys><Prefix ScanType="EQ"><RangeColumns><ColumnReference Database="[REMOTE_OFFICE_3]" Schema="[dbo]" Table="[Files]" Column="id"></ColumnReference></RangeColumns><RangeExpressions><ScalarOperator ScalarString="[@id_file]"><Identifier><ColumnReference Column="@id_file"></ColumnReference></Identifier></ScalarOperator></RangeExpressions></Prefix></SeekKeys></SeekPredicateNew></SeekPredicates></IndexScan></RelOp></ComputeScalar></RelOp></ComputeScalar></RelOp><RelOp NodeId="8" PhysicalOp="Assert" LogicalOp="Assert" EstimateRows="4" EstimateIO="0" EstimateCPU="1.68e-07" AvgRowSize="4035" EstimatedTotalSubtreeCost="0.0100084" Parallel="0" EstimateRebinds="4" EstimateRewinds="0" EstimatedExecutionMode="Row"><OutputList><ColumnReference Column="Expr1016"></ColumnReference><ColumnReference Database="[REMOTE_OFFICE_3]" Schema="[dbo]" Table="[Files]" Alias="[C]" Column="id"></ColumnReference><ColumnReference Database="[REMOTE_OFFICE_3]" Schema="[dbo]" Table="[Files]" Alias="[C]" Column="id_parent"></ColumnReference><ColumnReference Column="Expr1007"></ColumnReference></OutputList><Assert StartupExpression="0"><RelOp NodeId="9" PhysicalOp="Nested Loops" LogicalOp="Inner Join" EstimateRows="4" EstimateIO="0" EstimateCPU="1.68e-07" AvgRowSize="4035" EstimatedTotalSubtreeCost="0.0100084" Parallel="0" EstimateRebinds="4" EstimateRewinds="0" EstimatedExecutionMode="Row"><OutputList><ColumnReference Column="Expr1016"></ColumnReference><ColumnReference Database="[REMOTE_OFFICE_3]" Schema="[dbo]" Table="[Files]" Alias="[C]" Column="id"></ColumnReference><ColumnReference Database="[REMOTE_OFFICE_3]" Schema="[dbo]" Table="[Files]" Alias="[C]" Column="id_parent"></ColumnReference><ColumnReference Column="Expr1007"></ColumnReference></OutputList><NestedLoops Optimized="0"><OuterReferences><ColumnReference Column="Expr1016"></ColumnReference><ColumnReference Column="Recr1003"></ColumnReference><ColumnReference Column="Recr1004"></ColumnReference><ColumnReference Column="Recr1005"></ColumnReference></OuterReferences><RelOp NodeId="10" PhysicalOp="Compute Scalar" LogicalOp="Compute Scalar" EstimateRows="1" EstimateIO="0" EstimateCPU="2e-08" AvgRowSize="4035" EstimatedTotalSubtreeCost="2e-08" Parallel="0" EstimateRebinds="4" EstimateRewinds="0" EstimatedExecutionMode="Row"><OutputList><ColumnReference Column="Expr1016"></ColumnReference><ColumnReference Column="Recr1003"></ColumnReference><ColumnReference Column="Recr1004"></ColumnReference><ColumnReference Column="Recr1005"></ColumnReference></OutputList><ComputeScalar><DefinedValues><DefinedValue><ColumnReference Column="Expr1016"></ColumnReference><ScalarOperator ScalarString="[Expr1015]+(1)"><Arithmetic Operation="ADD"><ScalarOperator><Identifier><ColumnReference Column="Expr1015"></ColumnReference></Identifier></ScalarOperator><ScalarOperator><Const ConstValue="(1)"></Const></ScalarOperator></Arithmetic></ScalarOperator></DefinedValue></DefinedValues><RelOp NodeId="11" PhysicalOp="Table Spool" LogicalOp="Lazy Spool" EstimateRows="1" EstimateIO="0" EstimateCPU="2e-08" AvgRowSize="4035" EstimatedTotalSubtreeCost="2e-08" Parallel="0" EstimateRebinds="4" EstimateRewinds="0" EstimatedExecutionMode="Row"><OutputList><ColumnReference Column="Expr1015"></ColumnReference><ColumnReference Column="Recr1003"></ColumnReference><ColumnReference Column="Recr1004"></ColumnReference><ColumnReference Column="Recr1005"></ColumnReference></OutputList><Spool PrimaryNodeId="3" Stack="1"></Spool></RelOp></ComputeScalar></RelOp><RelOp NodeId="12" PhysicalOp="Compute Scalar" LogicalOp="Compute Scalar" EstimateRows="1" EstimateIO="0" EstimateCPU="1e-07" AvgRowSize="4043" EstimatedTotalSubtreeCost="0.0100082" Parallel="0" EstimateRebinds="3" EstimateRewinds="0" EstimatedExecutionMode="Row"><OutputList><ColumnReference Database="[REMOTE_OFFICE_3]" Schema="[dbo]" Table="[Files]" Alias="[C]" Column="id"></ColumnReference><ColumnReference Database="[REMOTE_OFFICE_3]" Schema="[dbo]" Table="[Files]" Alias="[C]" Column="id_parent"></ColumnReference><ColumnReference Column="Expr1007"></ColumnReference></OutputList><ComputeScalar><DefinedValues><DefinedValue><ColumnReference Column="Expr1007"></ColumnReference><ScalarOperator ScalarString="[Expr1013]+[Recr1005]"><Arithmetic Operation="ADD"><ScalarOperator><Identifier><ColumnReference Column="Expr1013"></ColumnReference></Identifier></ScalarOperator><ScalarOperator><Identifier><ColumnReference Column="Recr1005"></ColumnReference></Identifier></ScalarOperator></Arithmetic></ScalarOperator></DefinedValue></DefinedValues><RelOp NodeId="13" PhysicalOp="Compute Scalar" LogicalOp="Compute Scalar" EstimateRows="1" EstimateIO="0" EstimateCPU="1e-07" AvgRowSize="1020" EstimatedTotalSubtreeCost="0.0100078" Parallel="0" EstimateRebinds="3" EstimateRewinds="0" EstimatedExecutionMode="Row"><OutputList><ColumnReference Database="[REMOTE_OFFICE_3]" Schema="[dbo]" Table="[Files]" Alias="[C]" Column="id"></ColumnReference><ColumnReference Database="[REMOTE_OFFICE_3]" Schema="[dbo]" Table="[Files]" Alias="[C]" Column="id_parent"></ColumnReference><ColumnReference Column="Expr1013"></ColumnReference></OutputList><ComputeScalar><DefinedValues><DefinedValue><ColumnReference Column="Expr1013"></ColumnReference><ScalarOperator ScalarString="N&apos;\&apos;+[REMOTE_OFFICE_3].[dbo].[Files].[file_name_cl] as [C].[file_name_cl]"><Arithmetic Operation="ADD"><ScalarOperator><Const ConstValue="N&apos;\&apos;"></Const></ScalarOperator><ScalarOperator><Identifier><ColumnReference Database="[REMOTE_OFFICE_3]" Schema="[dbo]" Table="[Files]" Alias="[C]" Column="file_name_cl"></ColumnReference></Identifier></ScalarOperator></Arithmetic></ScalarOperator></DefinedValue></DefinedValues><RelOp NodeId="14" PhysicalOp="Clustered Index Seek" LogicalOp="Clustered Index Seek" EstimateRows="1" EstimatedRowsRead="1" EstimateIO="0.003125" EstimateCPU="0.0001581" AvgRowSize="1019" EstimatedTotalSubtreeCost="0.0100074" TableCardinality="1.40877e+08" Parallel="0" EstimateRebinds="3" EstimateRewinds="0" EstimatedExecutionMode="Row"><OutputList><ColumnReference Database="[REMOTE_OFFICE_3]" Schema="[dbo]" Table="[Files]" Alias="[C]" Column="id"></ColumnReference><ColumnReference Database="[REMOTE_OFFICE_3]" Schema="[dbo]" Table="[Files]" Alias="[C]" Column="id_parent"></ColumnReference><ColumnReference Database="[REMOTE_OFFICE_3]" Schema="[dbo]" Table="[Files]" Alias="[C]" Column="file_name_cl"></ColumnReference></OutputList><IndexScan Ordered="1" ScanDirection="FORWARD" ForcedIndex="0" ForceSeek="0" ForceScan="0" NoExpandHint="0" Storage="RowStore"><DefinedValues><DefinedValue><ColumnReference Database="[REMOTE_OFFICE_3]" Schema="[dbo]" Table="[Files]" Alias="[C]" Column="id"></ColumnReference></DefinedValue><DefinedValue><ColumnReference Database="[REMOTE_OFFICE_3]" Schema="[dbo]" Table="[Files]" Alias="[C]" Column="id_parent"></ColumnReference></DefinedValue><DefinedValue><ColumnReference Database="[REMOTE_OFFICE_3]" Schema="[dbo]" Table="[Files]" Alias="[C]" Column="file_name_cl"></ColumnReference></DefinedValue></DefinedValues><Object Database="[REMOTE_OFFICE_3]" Schema="[dbo]" Table="[Files]" Index="[PK_ProjectsFiles]" Alias="[C]" IndexKind="Clustered" Storage="RowStore"></Object><SeekPredicates><SeekPredicateNew><SeekKeys><Prefix ScanType="EQ"><RangeColumns><ColumnReference Database="[REMOTE_OFFICE_3]" Schema="[dbo]" Table="[Files]" Alias="[C]" Column="id"></ColumnReference></RangeColumns><RangeExpressions><ScalarOperator ScalarString="[Recr1004]"><Identifier><ColumnReference Column="Recr1004"></ColumnReference></Identifier></ScalarOperator></RangeExpressions></Prefix></SeekKeys></SeekPredicateNew></SeekPredicates></IndexScan></RelOp></ComputeScalar></RelOp></ComputeScalar></RelOp></NestedLoops></RelOp><Predicate><ScalarOperator ScalarString="CASE WHEN [Expr1016]&gt;(100) THEN (0) ELSE NULL END"><IF><Condition><ScalarOperator><Compare CompareOp="GT"><ScalarOperator><Identifier><ColumnReference Column="Expr1016"></ColumnReference></Identifier></ScalarOperator><ScalarOperator><Const ConstValue="(100)"></Const></ScalarOperator></Compare></ScalarOperator></Condition><Then><ScalarOperator><Const ConstValue="(0)"></Const></ScalarOperator></Then><Else><ScalarOperator><Const ConstValue="NULL"></Const></ScalarOperator></Else></IF></ScalarOperator></Predicate></Assert></RelOp></Concat></RelOp></Spool></RelOp></ComputeScalar></RelOp></TopSort></RelOp></ComputeScalar></RelOp><ParameterList><ColumnReference Column="@id_file" ParameterDataType="int" ParameterCompiledValue="NULL"></ColumnReference></ParameterList></QueryPlan></StmtSimple><StmtSimple StatementText=";&#xd;&#xa;&#xd;&#xa;SELECT @full_path= short_name+@full_path FROM Projects WHERE Projects.id=@id_project" StatementId="9" StatementCompId="14" StatementType="SELECT" RetrievedFromCache="false" StatementSubTreeCost="0.0032832" StatementEstRows="1" SecurityPolicyApplied="false" StatementOptmLevel="TRIVIAL" QueryHash="0x96187CCAC0C73B28" QueryPlanHash="0x9C64DF16F883AEEC" CardinalityEstimationModelVersion="130"><StatementSetOptions QUOTED_IDENTIFIER="true" ARITHABORT="false" CONCAT_NULL_YIELDS_NULL="true" ANSI_NULLS="true" ANSI_PADDING="true" ANSI_WARNINGS="true" NUMERIC_ROUNDABORT="false"></StatementSetOptions><QueryPlan NonParallelPlanReason="UpdatingWritebackVariable" CachedPlanSize="16" CompileTime="0" CompileCPU="0" CompileMemory="200"><MemoryGrantInfo SerialRequiredMemory="0" SerialDesiredMemory="0" GrantedMemory="0" MaxUsedMemory="0"></MemoryGrantInfo><OptimizerHardwareDependentProperties EstimatedAvailableMemoryGrant="323426" EstimatedPagesCached="323426" EstimatedAvailableDegreeOfParallelism="8" MaxCompileMemory="34668464"></OptimizerHardwareDependentProperties><OptimizerStatsUsage><StatisticsInfo LastUpdate="2024-10-10T13:47:29.84" ModificationCount="434" SamplingPercent="100" Statistics="[PK_Projects]" Table="[Projects]" Schema="[dbo]" Database="[REMOTE_OFFICE_3]"></StatisticsInfo></OptimizerStatsUsage><RelOp NodeId="0" PhysicalOp="Compute Scalar" LogicalOp="Compute Scalar" EstimateRows="1" EstimateIO="0" EstimateCPU="1e-07" AvgRowSize="4011" EstimatedTotalSubtreeCost="0.0032832" Parallel="0" EstimateRebinds="0" EstimateRewinds="0" EstimatedExecutionMode="Row"><OutputList><ColumnReference Column="Expr1002"></ColumnReference></OutputList><ComputeScalar><DefinedValues><DefinedValue><ColumnReference Column="Expr1002"></ColumnReference><ScalarOperator ScalarString="[REMOTE_OFFICE_3].[dbo].[Projects].[short_name]+[@full_path]"><Arithmetic Operation="ADD"><ScalarOperator><Identifier><ColumnReference Database="[REMOTE_OFFICE_3]" Schema="[dbo]" Table="[Projects]" Column="short_name"></ColumnReference></Identifier></ScalarOperator><ScalarOperator><Identifier><ColumnReference Column="@full_path"></ColumnReference></Identifier></ScalarOperator></Arithmetic></ScalarOperator></DefinedValue></DefinedValues><RelOp NodeId="1" PhysicalOp="Clustered Index Seek" LogicalOp="Clustered Index Seek" EstimateRows="1" EstimatedRowsRead="1" EstimateIO="0.003125" EstimateCPU="0.0001581" AvgRowSize="75" EstimatedTotalSubtreeCost="0.0032831" TableCardinality="31" Parallel="0" EstimateRebinds="0" EstimateRewinds="0" EstimatedExecutionMode="Row"><OutputList><ColumnReference Database="[REMOTE_OFFICE_3]" Schema="[dbo]" Table="[Projects]" Column="short_name"></ColumnReference></OutputList><IndexScan Ordered="1" ScanDirection="FORWARD" ForcedIndex="0" ForceSeek="0" ForceScan="0" NoExpandHint="0" Storage="RowStore"><DefinedValues><DefinedValue><ColumnReference Database="[REMOTE_OFFICE_3]" Schema="[dbo]" Table="[Projects]" Column="short_name"></ColumnReference></DefinedValue></DefinedValues><Object Database="[REMOTE_OFFICE_3]" Schema="[dbo]" Table="[Projects]" Index="[PK_Projects]" IndexKind="Clustered" Storage="RowStore"></Object><SeekPredicates><SeekPredicateNew><SeekKeys><Prefix ScanType="EQ"><RangeColumns><ColumnReference Database="[REMOTE_OFFICE_3]" Schema="[dbo]" Table="[Projects]" Column="id"></ColumnReference></RangeColumns><RangeExpressions><ScalarOperator ScalarString="[@id_project]"><Identifier><ColumnReference Column="@id_project"></ColumnReference></Identifier></ScalarOperator></RangeExpressions></Prefix></SeekKeys></SeekPredicateNew></SeekPredicates></IndexScan></RelOp></ComputeScalar></RelOp><ParameterList><ColumnReference Column="@id_project" ParameterDataType="int" ParameterCompiledValue="NULL"></ColumnReference></ParameterList></QueryPlan></StmtSimple><StmtSimple StatementText="&#xd;&#xa;RETURN @full_path" StatementId="10" StatementCompId="15" StatementType="RETURN" RetrievedFromCache="false"></StmtSimple></Statements></UDF></StmtSimple></Statements></Then></StmtCond><StmtSimple StatementText=";&#xd;&#xa;    END;&#xd;&#xa;&#xd;&#xa;SELECT * FROM #TempGetFileDescendantsProc" StatementId="11" StatementCompId="7" StatementType="SELECT" RetrievedFromCache="false" StatementSubTreeCost="0.0032831" StatementEstRows="1" SecurityPolicyApplied="false" StatementOptmLevel="TRIVIAL" QueryHash="0x645D670CAFC688FB" QueryPlanHash="0x85406E661EA163DE" CardinalityEstimationModelVersion="160"><StatementSetOptions QUOTED_IDENTIFIER="true" ARITHABORT="false" CONCAT_NULL_YIELDS_NULL="true" ANSI_NULLS="true" ANSI_PADDING="true" ANSI_WARNINGS="true" NUMERIC_ROUNDABORT="false"></StatementSetOptions><QueryPlan CachedPlanSize="24" CompileTime="0" CompileCPU="0" CompileMemory="120"><MemoryGrantInfo SerialRequiredMemory="0" SerialDesiredMemory="0" GrantedMemory="0" MaxUsedMemory="0"></MemoryGrantInfo><OptimizerHardwareDependentProperties EstimatedAvailableMemoryGrant="323426" EstimatedPagesCached="323426" EstimatedAvailableDegreeOfParallelism="8" MaxCompileMemory="34668464"></OptimizerHardwareDependentProperties><RelOp NodeId="0" PhysicalOp="Table Scan" LogicalOp="Table Scan" EstimateRows="1" EstimatedRowsRead="1" EstimateIO="0.0032035" EstimateCPU="7.96e-05" AvgRowSize="5126" EstimatedTotalSubtreeCost="0.0032831" TableCardinality="0" Parallel="0" EstimateRebinds="0" EstimateRewinds="0" EstimatedExecutionMode="Row"><OutputList><ColumnReference Database="[tempdb]" Schema="[dbo]" Table="[#TempGetFileDescendantsProc]" Column="id"></ColumnReference><ColumnReference Database="[tempdb]" Schema="[dbo]" Table="[#TempGetFileDescendantsProc]" Column="id_parent"></ColumnReference><ColumnReference Database="[tempdb]" Schema="[dbo]" Table="[#TempGetFileDescendantsProc]" Column="id_project"></ColumnReference><ColumnReference Database="[tempdb]" Schema="[dbo]" Table="[#TempGetFileDescendantsProc]" Column="file_name_cl"></ColumnReference><ColumnReference Database="[tempdb]" Schema="[dbo]" Table="[#TempGetFileDescendantsProc]" Column="edit_date_time"></ColumnReference><ColumnReference Database="[tempdb]" Schema="[dbo]" Table="[#TempGetFileDescendantsProc]" Column="is_directory"></ColumnReference><ColumnReference Database="[tempdb]" Schema="[dbo]" Table="[#TempGetFileDescendantsProc]" Column="is_deleted"></ColumnReference><ColumnReference Database="[tempdb]" Schema="[dbo]" Table="[#TempGetFileDescendantsProc]" Column="file_size"></ColumnReference><ColumnReference Database="[tempdb]" Schema="[dbo]" Table="[#TempGetFileDescendantsProc]" Column="id_user_last_edit"></ColumnReference><ColumnReference Database="[tempdb]" Schema="[dbo]" Table="[#TempGetFileDescendantsProc]" Column="creation_date"></ColumnReference><ColumnReference Database="[tempdb]" Schema="[dbo]" Table="[#TempGetFileDescendantsProc]" Column="previous_version"></ColumnReference><ColumnReference Database="[tempdb]" Schema="[dbo]" Table="[#TempGetFileDescendantsProc]" Column="attributes"></ColumnReference><ColumnReference Database="[tempdb]" Schema="[dbo]" Table="[#TempGetFileDescendantsProc]" Column="last_access_time"></ColumnReference><ColumnReference Database="[tempdb]" Schema="[dbo]" Table="[#TempGetFileDescendantsProc]" Column="id_file_blob"></ColumnReference><ColumnReference Database="[tempdb]" Schema="[dbo]" Table="[#TempGetFileDescendantsProc]" Column="md5"></ColumnReference><ColumnReference Database="[tempdb]" Schema="[dbo]" Table="[#TempGetFileDescendantsProc]" Column="crc32c"></ColumnReference><ColumnReference Database="[tempdb]" Schema="[dbo]" Table="[#TempGetFileDescendantsProc]" Column="full_path"></ColumnReference><ColumnReference Database="[tempdb]" Schema="[dbo]" Table="[#TempGetFileDescendantsProc]" Column="id_project_stage"></ColumnReference><ColumnReference Database="[tempdb]" Schema="[dbo]" Table="[#TempGetFileDescendantsProc]" Column="id_kit"></ColumnReference></OutputList><TableScan Ordered="0" ForcedIndex="0" ForceScan="0" NoExpandHint="0" Storage="RowStore"><DefinedValues><DefinedValue><ColumnReference Database="[tempdb]" Schema="[dbo]" Table="[#TempGetFileDescendantsProc]" Column="id"></ColumnReference></DefinedValue><DefinedValue><ColumnReference Database="[tempdb]" Schema="[dbo]" Table="[#TempGetFileDescendantsProc]" Column="id_parent"></ColumnReference></DefinedValue><DefinedValue><ColumnReference Database="[tempdb]" Schema="[dbo]" Table="[#TempGetFileDescendantsProc]" Column="id_project"></ColumnReference></DefinedValue><DefinedValue><ColumnReference Database="[tempdb]" Schema="[dbo]" Table="[#TempGetFileDescendantsProc]" Column="file_name_cl"></ColumnReference></DefinedValue><DefinedValue><ColumnReference Database="[tempdb]" Schema="[dbo]" Table="[#TempGetFileDescendantsProc]" Column="edit_date_time"></ColumnReference></DefinedValue><DefinedValue><ColumnReference Database="[tempdb]" Schema="[dbo]" Table="[#TempGetFileDescendantsProc]" Column="is_directory"></ColumnReference></DefinedValue><DefinedValue><ColumnReference Database="[tempdb]" Schema="[dbo]" Table="[#TempGetFileDescendantsProc]" Column="is_deleted"></ColumnReference></DefinedValue><DefinedValue><ColumnReference Database="[tempdb]" Schema="[dbo]" Table="[#TempGetFileDescendantsProc]" Column="file_size"></ColumnReference></DefinedValue><DefinedValue><ColumnReference Database="[tempdb]" Schema="[dbo]" Table="[#TempGetFileDescendantsProc]" Column="id_user_last_edit"></ColumnReference></DefinedValue><DefinedValue><ColumnReference Database="[tempdb]" Schema="[dbo]" Table="[#TempGetFileDescendantsProc]" Column="creation_date"></ColumnReference></DefinedValue><DefinedValue><ColumnReference Database="[tempdb]" Schema="[dbo]" Table="[#TempGetFileDescendantsProc]" Column="previous_version"></ColumnReference></DefinedValue><DefinedValue><ColumnReference Database="[tempdb]" Schema="[dbo]" Table="[#TempGetFileDescendantsProc]" Column="attributes"></ColumnReference></DefinedValue><DefinedValue><ColumnReference Database="[tempdb]" Schema="[dbo]" Table="[#TempGetFileDescendantsProc]" Column="last_access_time"></ColumnReference></DefinedValue><DefinedValue><ColumnReference Database="[tempdb]" Schema="[dbo]" Table="[#TempGetFileDescendantsProc]" Column="id_file_blob"></ColumnReference></DefinedValue><DefinedValue><ColumnReference Database="[tempdb]" Schema="[dbo]" Table="[#TempGetFileDescendantsProc]" Column="md5"></ColumnReference></DefinedValue><DefinedValue><ColumnReference Database="[tempdb]" Schema="[dbo]" Table="[#TempGetFileDescendantsProc]" Column="crc32c"></ColumnReference></DefinedValue><DefinedValue><ColumnReference Database="[tempdb]" Schema="[dbo]" Table="[#TempGetFileDescendantsProc]" Column="full_path"></ColumnReference></DefinedValue><DefinedValue><ColumnReference Database="[tempdb]" Schema="[dbo]" Table="[#TempGetFileDescendantsProc]" Column="id_project_stage"></ColumnReference></DefinedValue><DefinedValue><ColumnReference Database="[tempdb]" Schema="[dbo]" Table="[#TempGetFileDescendantsProc]" Column="id_kit"></ColumnReference></DefinedValue></DefinedValues><Object Database="[tempdb]" Schema="[dbo]" Table="[#TempGetFileDescendantsProc]" IndexKind="Heap" Storage="RowStore"></Object></TableScan></RelOp></QueryPlan></StmtSimple></Statements></Batch></BatchSequence></ShowPlanXML>